[3.663s] Invoking command in '/home/aimaim/rc_ws/src/rc': PYTHONPATH=/home/aimaim/rc_ws/build/rc/prefix_override:/usr/lib/python3/dist-packages/colcon_core/task/python/colcon_distutils_commands:/home/aimaim/rc_ws/install/rc/lib/python3.10/site-packages:${PYTHONPATH} /usr/bin/python3 -W ignore:setup.py install is deprecated -W ignore:easy_install command is deprecated setup.py egg_info --egg-base ../../build/rc build --build-base /home/aimaim/rc_ws/build/rc/build install --record /home/aimaim/rc_ws/build/rc/install.log --single-version-externally-managed install_data
[4.795s] running egg_info
[4.798s] writing ../../build/rc/rc.egg-info/PKG-INFO
[4.799s] writing dependency_links to ../../build/rc/rc.egg-info/dependency_links.txt
[4.800s] writing entry points to ../../build/rc/rc.egg-info/entry_points.txt
[4.801s] writing requirements to ../../build/rc/rc.egg-info/requires.txt
[4.802s] writing top-level names to ../../build/rc/rc.egg-info/top_level.txt
[4.810s] reading manifest file '../../build/rc/rc.egg-info/SOURCES.txt'
[4.812s] adding license file 'LICENSE'
[4.814s] writing manifest file '../../build/rc/rc.egg-info/SOURCES.txt'
[4.814s] running build
[4.815s] running build_py
[4.818s] running install
[4.819s] running install_lib
[4.824s] running install_data
[4.825s] running install_egg_info
[4.833s] removing '/home/aimaim/rc_ws/install/rc/lib/python3.10/site-packages/rc-0.0.0-py3.10.egg-info' (and everything under it)
[4.834s] Copying ../../build/rc/rc.egg-info to /home/aimaim/rc_ws/install/rc/lib/python3.10/site-packages/rc-0.0.0-py3.10.egg-info
[4.840s] running install_scripts
[4.915s] Installing listener script to /home/aimaim/rc_ws/install/rc/lib/rc
[4.916s] writing list of installed files to '/home/aimaim/rc_ws/build/rc/install.log'
[5.033s] Invoked command in '/home/aimaim/rc_ws/src/rc' returned '0': PYTHONPATH=/home/aimaim/rc_ws/build/rc/prefix_override:/usr/lib/python3/dist-packages/colcon_core/task/python/colcon_distutils_commands:/home/aimaim/rc_ws/install/rc/lib/python3.10/site-packages:${PYTHONPATH} /usr/bin/python3 -W ignore:setup.py install is deprecated -W ignore:easy_install command is deprecated setup.py egg_info --egg-base ../../build/rc build --build-base /home/aimaim/rc_ws/build/rc/build install --record /home/aimaim/rc_ws/build/rc/install.log --single-version-externally-managed install_data
