[3.173s] Invoking command in '/home/aimaim/rc_ws/src/rc': AMENT_PREFIX_PATH=/home/aimaim/rc_ws/install/rc_pwm_pkg:${AMENT_PREFIX_PATH} CMAKE_PREFIX_PATH=/home/aimaim/rc_ws/install/rc_pwm_pkg:${CMAKE_PREFIX_PATH} LD_LIBRARY_PATH=/home/aimaim/rc_ws/install/rc_pwm_pkg/lib:${LD_LIBRARY_PATH} PYTHONPATH=/home/aimaim/rc_ws/build/rc/prefix_override:/usr/lib/python3/dist-packages/colcon_core/task/python/colcon_distutils_commands:/home/aimaim/rc_ws/install/rc/lib/python3.10/site-packages:/home/aimaim/rc_ws/install/rc_pwm_pkg/local/lib/python3.10/dist-packages:${PYTHONPATH} /usr/bin/python3 -W ignore:setup.py install is deprecated -W ignore:easy_install command is deprecated setup.py egg_info --egg-base ../../build/rc build --build-base /home/aimaim/rc_ws/build/rc/build install --record /home/aimaim/rc_ws/build/rc/install.log --single-version-externally-managed install_data
[4.325s] running egg_info
[4.328s] writing ../../build/rc/rc.egg-info/PKG-INFO
[4.329s] writing dependency_links to ../../build/rc/rc.egg-info/dependency_links.txt
[4.330s] writing entry points to ../../build/rc/rc.egg-info/entry_points.txt
[4.331s] writing requirements to ../../build/rc/rc.egg-info/requires.txt
[4.331s] writing top-level names to ../../build/rc/rc.egg-info/top_level.txt
[4.339s] reading manifest file '../../build/rc/rc.egg-info/SOURCES.txt'
[4.341s] adding license file 'LICENSE'
[4.343s] writing manifest file '../../build/rc/rc.egg-info/SOURCES.txt'
[4.344s] running build
[4.344s] running build_py
[4.345s] copying rc/rc_control.py -> /home/aimaim/rc_ws/build/rc/build/lib/rc
[4.346s] running install
[4.347s] running install_lib
[4.350s] copying /home/aimaim/rc_ws/build/rc/build/lib/rc/rc_control.py -> /home/aimaim/rc_ws/install/rc/lib/python3.10/site-packages/rc
[4.353s] byte-compiling /home/aimaim/rc_ws/install/rc/lib/python3.10/site-packages/rc/rc_control.py to rc_control.cpython-310.pyc
[4.354s]   File "/home/aimaim/rc_ws/install/rc/lib/python3.10/site-packages/rc/rc_control.py", line 4
[4.355s]     import rc_pwm_pkg.msg import PubPwm
[4.355s]                           ^^^^^^
[4.355s] SyntaxError: invalid syntax
[4.355s] 
[4.356s] running install_data
[4.356s] running install_egg_info
[4.362s] removing '/home/aimaim/rc_ws/install/rc/lib/python3.10/site-packages/rc-0.0.0-py3.10.egg-info' (and everything under it)
[4.364s] Copying ../../build/rc/rc.egg-info to /home/aimaim/rc_ws/install/rc/lib/python3.10/site-packages/rc-0.0.0-py3.10.egg-info
[4.369s] running install_scripts
[4.445s] Installing listener script to /home/aimaim/rc_ws/install/rc/lib/rc
[4.447s] writing list of installed files to '/home/aimaim/rc_ws/build/rc/install.log'
[4.569s] Invoked command in '/home/aimaim/rc_ws/src/rc' returned '0': AMENT_PREFIX_PATH=/home/aimaim/rc_ws/install/rc_pwm_pkg:${AMENT_PREFIX_PATH} CMAKE_PREFIX_PATH=/home/aimaim/rc_ws/install/rc_pwm_pkg:${CMAKE_PREFIX_PATH} LD_LIBRARY_PATH=/home/aimaim/rc_ws/install/rc_pwm_pkg/lib:${LD_LIBRARY_PATH} PYTHONPATH=/home/aimaim/rc_ws/build/rc/prefix_override:/usr/lib/python3/dist-packages/colcon_core/task/python/colcon_distutils_commands:/home/aimaim/rc_ws/install/rc/lib/python3.10/site-packages:/home/aimaim/rc_ws/install/rc_pwm_pkg/local/lib/python3.10/dist-packages:${PYTHONPATH} /usr/bin/python3 -W ignore:setup.py install is deprecated -W ignore:easy_install command is deprecated setup.py egg_info --egg-base ../../build/rc build --build-base /home/aimaim/rc_ws/build/rc/build install --record /home/aimaim/rc_ws/build/rc/install.log --single-version-externally-managed install_data
