[0.108s] Invoking command in '/home/aimaim/rc_ws/build/rc_pwm_pkg': CMAKE_PREFIX_PATH=${CMAKE_PREFIX_PATH}:/home/aimaim/rc_ws/install/rc /usr/bin/cmake --build /home/aimaim/rc_ws/build/rc_pwm_pkg -- -j4 -l4
[0.697s] [  2%] Built target rc_pwm_pkg__cpp
[0.728s] [ 12%] Built target rc_pwm_pkg__rosidl_generator_c
[0.755s] [ 12%] Built target ament_cmake_python_copy_rc_pwm_pkg
[0.844s] [ 25%] Built target rc_pwm_pkg__rosidl_typesupport_introspection_cpp
[0.846s] [ 33%] Built target rc_pwm_pkg__rosidl_typesupport_cpp
[0.849s] [ 43%] Built target rc_pwm_pkg__rosidl_typesupport_fastrtps_cpp
[0.871s] [ 53%] Built target rc_pwm_pkg__rosidl_typesupport_fastrtps_c
[0.951s] [ 64%] Built target rc_pwm_pkg__rosidl_typesupport_introspection_c
[0.953s] [ 74%] Built target rc_pwm_pkg__rosidl_typesupport_c
[1.038s] [ 74%] Built target rc_pwm_pkg
[1.126s] [ 76%] Built target rc_pwm_pkg__py
[1.240s] [ 84%] Built target rc_pwm_pkg__rosidl_generator_py
[1.351s] [ 89%] Built target rc_pwm_pkg__rosidl_typesupport_fastrtps_c__pyext
[1.356s] [ 94%] Built target rc_pwm_pkg__rosidl_typesupport_introspection_c__pyext
[1.370s] [100%] Built target rc_pwm_pkg__rosidl_typesupport_c__pyext
[2.103s] running egg_info
[2.107s] writing rc_pwm_pkg.egg-info/PKG-INFO
[2.108s] writing dependency_links to rc_pwm_pkg.egg-info/dependency_links.txt
[2.110s] writing top-level names to rc_pwm_pkg.egg-info/top_level.txt
[2.125s] reading manifest file 'rc_pwm_pkg.egg-info/SOURCES.txt'
[2.128s] writing manifest file 'rc_pwm_pkg.egg-info/SOURCES.txt'
[2.252s] [100%] Built target ament_cmake_python_build_rc_pwm_pkg_egg
[2.292s] Invoked command in '/home/aimaim/rc_ws/build/rc_pwm_pkg' returned '0': CMAKE_PREFIX_PATH=${CMAKE_PREFIX_PATH}:/home/aimaim/rc_ws/install/rc /usr/bin/cmake --build /home/aimaim/rc_ws/build/rc_pwm_pkg -- -j4 -l4
[2.334s] Invoking command in '/home/aimaim/rc_ws/build/rc_pwm_pkg': CMAKE_PREFIX_PATH=${CMAKE_PREFIX_PATH}:/home/aimaim/rc_ws/install/rc /usr/bin/cmake --install /home/aimaim/rc_ws/build/rc_pwm_pkg
[2.363s] -- Install configuration: ""
[2.365s] -- Up-to-date: /home/aimaim/rc_ws/install/rc_pwm_pkg/share/ament_index/resource_index/rosidl_interfaces/rc_pwm_pkg
[2.367s] -- Up-to-date: /home/aimaim/rc_ws/install/rc_pwm_pkg/include/rc_pwm_pkg/rc_pwm_pkg
[2.367s] -- Up-to-date: /home/aimaim/rc_ws/install/rc_pwm_pkg/include/rc_pwm_pkg/rc_pwm_pkg/msg
[2.368s] -- Up-to-date: /home/aimaim/rc_ws/install/rc_pwm_pkg/include/rc_pwm_pkg/rc_pwm_pkg/msg/pub_pwm.h
[2.369s] -- Up-to-date: /home/aimaim/rc_ws/install/rc_pwm_pkg/include/rc_pwm_pkg/rc_pwm_pkg/msg/pwm.h
[2.369s] -- Up-to-date: /home/aimaim/rc_ws/install/rc_pwm_pkg/include/rc_pwm_pkg/rc_pwm_pkg/msg/rosidl_generator_c__visibility_control.h
[2.370s] -- Up-to-date: /home/aimaim/rc_ws/install/rc_pwm_pkg/include/rc_pwm_pkg/rc_pwm_pkg/msg/detail
[2.370s] -- Up-to-date: /home/aimaim/rc_ws/install/rc_pwm_pkg/include/rc_pwm_pkg/rc_pwm_pkg/msg/detail/pwm__struct.h
[2.371s] -- Up-to-date: /home/aimaim/rc_ws/install/rc_pwm_pkg/include/rc_pwm_pkg/rc_pwm_pkg/msg/detail/pwm__functions.h
[2.371s] -- Up-to-date: /home/aimaim/rc_ws/install/rc_pwm_pkg/include/rc_pwm_pkg/rc_pwm_pkg/msg/detail/pub_pwm__functions.c
[2.371s] -- Up-to-date: /home/aimaim/rc_ws/install/rc_pwm_pkg/include/rc_pwm_pkg/rc_pwm_pkg/msg/detail/pub_pwm__struct.h
[2.372s] -- Up-to-date: /home/aimaim/rc_ws/install/rc_pwm_pkg/include/rc_pwm_pkg/rc_pwm_pkg/msg/detail/pub_pwm__functions.h
[2.372s] -- Up-to-date: /home/aimaim/rc_ws/install/rc_pwm_pkg/include/rc_pwm_pkg/rc_pwm_pkg/msg/detail/pwm__functions.c
[2.373s] -- Up-to-date: /home/aimaim/rc_ws/install/rc_pwm_pkg/include/rc_pwm_pkg/rc_pwm_pkg/msg/detail/pub_pwm__type_support.h
[2.373s] -- Up-to-date: /home/aimaim/rc_ws/install/rc_pwm_pkg/include/rc_pwm_pkg/rc_pwm_pkg/msg/detail/pwm__type_support.h
[2.374s] -- Up-to-date: /home/aimaim/rc_ws/install/rc_pwm_pkg/share/rc_pwm_pkg/environment/library_path.sh
[2.374s] -- Up-to-date: /home/aimaim/rc_ws/install/rc_pwm_pkg/share/rc_pwm_pkg/environment/library_path.dsv
[2.375s] -- Up-to-date: /home/aimaim/rc_ws/install/rc_pwm_pkg/lib/librc_pwm_pkg__rosidl_generator_c.so
[2.377s] -- Up-to-date: /home/aimaim/rc_ws/install/rc_pwm_pkg/include/rc_pwm_pkg/rc_pwm_pkg
[2.377s] -- Up-to-date: /home/aimaim/rc_ws/install/rc_pwm_pkg/include/rc_pwm_pkg/rc_pwm_pkg/msg
[2.377s] -- Up-to-date: /home/aimaim/rc_ws/install/rc_pwm_pkg/include/rc_pwm_pkg/rc_pwm_pkg/msg/rosidl_typesupport_fastrtps_c__visibility_control.h
[2.378s] -- Up-to-date: /home/aimaim/rc_ws/install/rc_pwm_pkg/include/rc_pwm_pkg/rc_pwm_pkg/msg/detail
[2.378s] -- Up-to-date: /home/aimaim/rc_ws/install/rc_pwm_pkg/include/rc_pwm_pkg/rc_pwm_pkg/msg/detail/pub_pwm__rosidl_typesupport_fastrtps_c.h
[2.379s] -- Up-to-date: /home/aimaim/rc_ws/install/rc_pwm_pkg/include/rc_pwm_pkg/rc_pwm_pkg/msg/detail/pwm__rosidl_typesupport_fastrtps_c.h
[2.380s] -- Up-to-date: /home/aimaim/rc_ws/install/rc_pwm_pkg/lib/librc_pwm_pkg__rosidl_typesupport_fastrtps_c.so
[2.381s] -- Up-to-date: /home/aimaim/rc_ws/install/rc_pwm_pkg/include/rc_pwm_pkg/rc_pwm_pkg
[2.382s] -- Up-to-date: /home/aimaim/rc_ws/install/rc_pwm_pkg/include/rc_pwm_pkg/rc_pwm_pkg/msg
[2.382s] -- Up-to-date: /home/aimaim/rc_ws/install/rc_pwm_pkg/include/rc_pwm_pkg/rc_pwm_pkg/msg/detail
[2.383s] -- Up-to-date: /home/aimaim/rc_ws/install/rc_pwm_pkg/include/rc_pwm_pkg/rc_pwm_pkg/msg/detail/pwm__rosidl_typesupport_introspection_c.h
[2.383s] -- Up-to-date: /home/aimaim/rc_ws/install/rc_pwm_pkg/include/rc_pwm_pkg/rc_pwm_pkg/msg/detail/pub_pwm__rosidl_typesupport_introspection_c.h
[2.384s] -- Up-to-date: /home/aimaim/rc_ws/install/rc_pwm_pkg/include/rc_pwm_pkg/rc_pwm_pkg/msg/detail/pwm__type_support.c
[2.384s] -- Up-to-date: /home/aimaim/rc_ws/install/rc_pwm_pkg/include/rc_pwm_pkg/rc_pwm_pkg/msg/detail/pub_pwm__type_support.c
[2.384s] -- Up-to-date: /home/aimaim/rc_ws/install/rc_pwm_pkg/include/rc_pwm_pkg/rc_pwm_pkg/msg/rosidl_typesupport_introspection_c__visibility_control.h
[2.385s] -- Up-to-date: /home/aimaim/rc_ws/install/rc_pwm_pkg/lib/librc_pwm_pkg__rosidl_typesupport_introspection_c.so
[2.387s] -- Up-to-date: /home/aimaim/rc_ws/install/rc_pwm_pkg/lib/librc_pwm_pkg__rosidl_typesupport_c.so
[2.388s] -- Up-to-date: /home/aimaim/rc_ws/install/rc_pwm_pkg/include/rc_pwm_pkg/rc_pwm_pkg
[2.389s] -- Up-to-date: /home/aimaim/rc_ws/install/rc_pwm_pkg/include/rc_pwm_pkg/rc_pwm_pkg/msg
[2.389s] -- Up-to-date: /home/aimaim/rc_ws/install/rc_pwm_pkg/include/rc_pwm_pkg/rc_pwm_pkg/msg/pwm.hpp
[2.390s] -- Up-to-date: /home/aimaim/rc_ws/install/rc_pwm_pkg/include/rc_pwm_pkg/rc_pwm_pkg/msg/pub_pwm.hpp
[2.390s] -- Up-to-date: /home/aimaim/rc_ws/install/rc_pwm_pkg/include/rc_pwm_pkg/rc_pwm_pkg/msg/detail
[2.390s] -- Up-to-date: /home/aimaim/rc_ws/install/rc_pwm_pkg/include/rc_pwm_pkg/rc_pwm_pkg/msg/detail/pub_pwm__builder.hpp
[2.391s] -- Up-to-date: /home/aimaim/rc_ws/install/rc_pwm_pkg/include/rc_pwm_pkg/rc_pwm_pkg/msg/detail/pwm__builder.hpp
[2.391s] -- Up-to-date: /home/aimaim/rc_ws/install/rc_pwm_pkg/include/rc_pwm_pkg/rc_pwm_pkg/msg/detail/pub_pwm__struct.hpp
[2.391s] -- Up-to-date: /home/aimaim/rc_ws/install/rc_pwm_pkg/include/rc_pwm_pkg/rc_pwm_pkg/msg/detail/pub_pwm__type_support.hpp
[2.392s] -- Up-to-date: /home/aimaim/rc_ws/install/rc_pwm_pkg/include/rc_pwm_pkg/rc_pwm_pkg/msg/detail/pwm__traits.hpp
[2.392s] -- Up-to-date: /home/aimaim/rc_ws/install/rc_pwm_pkg/include/rc_pwm_pkg/rc_pwm_pkg/msg/detail/pwm__struct.hpp
[2.392s] -- Up-to-date: /home/aimaim/rc_ws/install/rc_pwm_pkg/include/rc_pwm_pkg/rc_pwm_pkg/msg/detail/pwm__type_support.hpp
[2.393s] -- Up-to-date: /home/aimaim/rc_ws/install/rc_pwm_pkg/include/rc_pwm_pkg/rc_pwm_pkg/msg/detail/pub_pwm__traits.hpp
[2.393s] -- Up-to-date: /home/aimaim/rc_ws/install/rc_pwm_pkg/include/rc_pwm_pkg/rc_pwm_pkg/msg/rosidl_generator_cpp__visibility_control.hpp
[2.394s] -- Up-to-date: /home/aimaim/rc_ws/install/rc_pwm_pkg/include/rc_pwm_pkg/rc_pwm_pkg
[2.394s] -- Up-to-date: /home/aimaim/rc_ws/install/rc_pwm_pkg/include/rc_pwm_pkg/rc_pwm_pkg/msg
[2.394s] -- Up-to-date: /home/aimaim/rc_ws/install/rc_pwm_pkg/include/rc_pwm_pkg/rc_pwm_pkg/msg/rosidl_typesupport_fastrtps_cpp__visibility_control.h
[2.394s] -- Up-to-date: /home/aimaim/rc_ws/install/rc_pwm_pkg/include/rc_pwm_pkg/rc_pwm_pkg/msg/detail
[2.395s] -- Up-to-date: /home/aimaim/rc_ws/install/rc_pwm_pkg/include/rc_pwm_pkg/rc_pwm_pkg/msg/detail/pwm__rosidl_typesupport_fastrtps_cpp.hpp
[2.395s] -- Up-to-date: /home/aimaim/rc_ws/install/rc_pwm_pkg/include/rc_pwm_pkg/rc_pwm_pkg/msg/detail/dds_fastrtps
[2.395s] -- Up-to-date: /home/aimaim/rc_ws/install/rc_pwm_pkg/include/rc_pwm_pkg/rc_pwm_pkg/msg/detail/pub_pwm__rosidl_typesupport_fastrtps_cpp.hpp
[2.397s] -- Up-to-date: /home/aimaim/rc_ws/install/rc_pwm_pkg/lib/librc_pwm_pkg__rosidl_typesupport_fastrtps_cpp.so
[2.398s] -- Up-to-date: /home/aimaim/rc_ws/install/rc_pwm_pkg/include/rc_pwm_pkg/rc_pwm_pkg
[2.399s] -- Up-to-date: /home/aimaim/rc_ws/install/rc_pwm_pkg/include/rc_pwm_pkg/rc_pwm_pkg/msg
[2.399s] -- Up-to-date: /home/aimaim/rc_ws/install/rc_pwm_pkg/include/rc_pwm_pkg/rc_pwm_pkg/msg/detail
[2.400s] -- Up-to-date: /home/aimaim/rc_ws/install/rc_pwm_pkg/include/rc_pwm_pkg/rc_pwm_pkg/msg/detail/pub_pwm__rosidl_typesupport_introspection_cpp.hpp
[2.400s] -- Up-to-date: /home/aimaim/rc_ws/install/rc_pwm_pkg/include/rc_pwm_pkg/rc_pwm_pkg/msg/detail/pub_pwm__type_support.cpp
[2.400s] -- Up-to-date: /home/aimaim/rc_ws/install/rc_pwm_pkg/include/rc_pwm_pkg/rc_pwm_pkg/msg/detail/pwm__rosidl_typesupport_introspection_cpp.hpp
[2.401s] -- Up-to-date: /home/aimaim/rc_ws/install/rc_pwm_pkg/include/rc_pwm_pkg/rc_pwm_pkg/msg/detail/pwm__type_support.cpp
[2.403s] -- Up-to-date: /home/aimaim/rc_ws/install/rc_pwm_pkg/lib/librc_pwm_pkg__rosidl_typesupport_introspection_cpp.so
[2.406s] -- Up-to-date: /home/aimaim/rc_ws/install/rc_pwm_pkg/lib/librc_pwm_pkg__rosidl_typesupport_cpp.so
[2.407s] -- Up-to-date: /home/aimaim/rc_ws/install/rc_pwm_pkg/share/rc_pwm_pkg/environment/pythonpath.sh
[2.408s] -- Up-to-date: /home/aimaim/rc_ws/install/rc_pwm_pkg/share/rc_pwm_pkg/environment/pythonpath.dsv
[2.408s] -- Up-to-date: /home/aimaim/rc_ws/install/rc_pwm_pkg/local/lib/python3.10/dist-packages/rc_pwm_pkg-0.0.0-py3.10.egg-info
[2.408s] -- Installing: /home/aimaim/rc_ws/install/rc_pwm_pkg/local/lib/python3.10/dist-packages/rc_pwm_pkg-0.0.0-py3.10.egg-info/PKG-INFO
[2.410s] -- Installing: /home/aimaim/rc_ws/install/rc_pwm_pkg/local/lib/python3.10/dist-packages/rc_pwm_pkg-0.0.0-py3.10.egg-info/top_level.txt
[2.411s] -- Installing: /home/aimaim/rc_ws/install/rc_pwm_pkg/local/lib/python3.10/dist-packages/rc_pwm_pkg-0.0.0-py3.10.egg-info/SOURCES.txt
[2.412s] -- Installing: /home/aimaim/rc_ws/install/rc_pwm_pkg/local/lib/python3.10/dist-packages/rc_pwm_pkg-0.0.0-py3.10.egg-info/dependency_links.txt
[2.414s] -- Up-to-date: /home/aimaim/rc_ws/install/rc_pwm_pkg/local/lib/python3.10/dist-packages/rc_pwm_pkg
[2.414s] -- Up-to-date: /home/aimaim/rc_ws/install/rc_pwm_pkg/local/lib/python3.10/dist-packages/rc_pwm_pkg/rc_pwm_pkg_s__rosidl_typesupport_introspection_c.cpython-310-aarch64-linux-gnu.so
[2.415s] -- Up-to-date: /home/aimaim/rc_ws/install/rc_pwm_pkg/local/lib/python3.10/dist-packages/rc_pwm_pkg/__init__.py
[2.415s] -- Up-to-date: /home/aimaim/rc_ws/install/rc_pwm_pkg/local/lib/python3.10/dist-packages/rc_pwm_pkg/rc_pwm_pkg_s__rosidl_typesupport_fastrtps_c.cpython-310-aarch64-linux-gnu.so
[2.415s] -- Up-to-date: /home/aimaim/rc_ws/install/rc_pwm_pkg/local/lib/python3.10/dist-packages/rc_pwm_pkg/_rc_pwm_pkg_s.ep.rosidl_typesupport_c.c
[2.416s] -- Up-to-date: /home/aimaim/rc_ws/install/rc_pwm_pkg/local/lib/python3.10/dist-packages/rc_pwm_pkg/_rc_pwm_pkg_s.ep.rosidl_typesupport_introspection_c.c
[2.416s] -- Up-to-date: /home/aimaim/rc_ws/install/rc_pwm_pkg/local/lib/python3.10/dist-packages/rc_pwm_pkg/rc_pwm_pkg_s__rosidl_typesupport_c.cpython-310-aarch64-linux-gnu.so
[2.417s] -- Up-to-date: /home/aimaim/rc_ws/install/rc_pwm_pkg/local/lib/python3.10/dist-packages/rc_pwm_pkg/msg
[2.417s] -- Up-to-date: /home/aimaim/rc_ws/install/rc_pwm_pkg/local/lib/python3.10/dist-packages/rc_pwm_pkg/msg/__init__.py
[2.418s] -- Up-to-date: /home/aimaim/rc_ws/install/rc_pwm_pkg/local/lib/python3.10/dist-packages/rc_pwm_pkg/msg/_pwm_s.c
[2.418s] -- Up-to-date: /home/aimaim/rc_ws/install/rc_pwm_pkg/local/lib/python3.10/dist-packages/rc_pwm_pkg/msg/_pwm.py
[2.418s] -- Up-to-date: /home/aimaim/rc_ws/install/rc_pwm_pkg/local/lib/python3.10/dist-packages/rc_pwm_pkg/msg/_pub_pwm_s.c
[2.419s] -- Up-to-date: /home/aimaim/rc_ws/install/rc_pwm_pkg/local/lib/python3.10/dist-packages/rc_pwm_pkg/msg/_pub_pwm.py
[2.419s] -- Up-to-date: /home/aimaim/rc_ws/install/rc_pwm_pkg/local/lib/python3.10/dist-packages/rc_pwm_pkg/librc_pwm_pkg__rosidl_generator_py.so
[2.419s] -- Up-to-date: /home/aimaim/rc_ws/install/rc_pwm_pkg/local/lib/python3.10/dist-packages/rc_pwm_pkg/_rc_pwm_pkg_s.ep.rosidl_typesupport_fastrtps_c.c
[2.560s] Listing '/home/aimaim/rc_ws/install/rc_pwm_pkg/local/lib/python3.10/dist-packages/rc_pwm_pkg'...
[2.561s] Listing '/home/aimaim/rc_ws/install/rc_pwm_pkg/local/lib/python3.10/dist-packages/rc_pwm_pkg/msg'...
[2.584s] -- Up-to-date: /home/aimaim/rc_ws/install/rc_pwm_pkg/local/lib/python3.10/dist-packages/rc_pwm_pkg/rc_pwm_pkg_s__rosidl_typesupport_fastrtps_c.cpython-310-aarch64-linux-gnu.so
[2.587s] -- Up-to-date: /home/aimaim/rc_ws/install/rc_pwm_pkg/local/lib/python3.10/dist-packages/rc_pwm_pkg/rc_pwm_pkg_s__rosidl_typesupport_introspection_c.cpython-310-aarch64-linux-gnu.so
[2.589s] -- Up-to-date: /home/aimaim/rc_ws/install/rc_pwm_pkg/local/lib/python3.10/dist-packages/rc_pwm_pkg/rc_pwm_pkg_s__rosidl_typesupport_c.cpython-310-aarch64-linux-gnu.so
[2.591s] -- Up-to-date: /home/aimaim/rc_ws/install/rc_pwm_pkg/lib/librc_pwm_pkg__rosidl_generator_py.so
[2.592s] -- Up-to-date: /home/aimaim/rc_ws/install/rc_pwm_pkg/share/rc_pwm_pkg/msg/Pwm.idl
[2.593s] -- Up-to-date: /home/aimaim/rc_ws/install/rc_pwm_pkg/share/rc_pwm_pkg/msg/PubPwm.idl
[2.593s] -- Up-to-date: /home/aimaim/rc_ws/install/rc_pwm_pkg/share/rc_pwm_pkg/msg/Pwm.msg
[2.594s] -- Up-to-date: /home/aimaim/rc_ws/install/rc_pwm_pkg/share/rc_pwm_pkg/msg/PubPwm.msg
[2.594s] -- Up-to-date: /home/aimaim/rc_ws/install/rc_pwm_pkg/share/ament_index/resource_index/package_run_dependencies/rc_pwm_pkg
[2.595s] -- Up-to-date: /home/aimaim/rc_ws/install/rc_pwm_pkg/share/ament_index/resource_index/parent_prefix_path/rc_pwm_pkg
[2.595s] -- Up-to-date: /home/aimaim/rc_ws/install/rc_pwm_pkg/share/rc_pwm_pkg/environment/ament_prefix_path.sh
[2.596s] -- Up-to-date: /home/aimaim/rc_ws/install/rc_pwm_pkg/share/rc_pwm_pkg/environment/ament_prefix_path.dsv
[2.596s] -- Up-to-date: /home/aimaim/rc_ws/install/rc_pwm_pkg/share/rc_pwm_pkg/environment/path.sh
[2.597s] -- Up-to-date: /home/aimaim/rc_ws/install/rc_pwm_pkg/share/rc_pwm_pkg/environment/path.dsv
[2.597s] -- Up-to-date: /home/aimaim/rc_ws/install/rc_pwm_pkg/share/rc_pwm_pkg/local_setup.bash
[2.598s] -- Up-to-date: /home/aimaim/rc_ws/install/rc_pwm_pkg/share/rc_pwm_pkg/local_setup.sh
[2.598s] -- Up-to-date: /home/aimaim/rc_ws/install/rc_pwm_pkg/share/rc_pwm_pkg/local_setup.zsh
[2.599s] -- Up-to-date: /home/aimaim/rc_ws/install/rc_pwm_pkg/share/rc_pwm_pkg/local_setup.dsv
[2.599s] -- Installing: /home/aimaim/rc_ws/install/rc_pwm_pkg/share/rc_pwm_pkg/package.dsv
[2.601s] -- Up-to-date: /home/aimaim/rc_ws/install/rc_pwm_pkg/share/ament_index/resource_index/packages/rc_pwm_pkg
[2.605s] -- Up-to-date: /home/aimaim/rc_ws/install/rc_pwm_pkg/share/rc_pwm_pkg/cmake/export_rc_pwm_pkg__rosidl_generator_cExport.cmake
[2.605s] -- Up-to-date: /home/aimaim/rc_ws/install/rc_pwm_pkg/share/rc_pwm_pkg/cmake/export_rc_pwm_pkg__rosidl_generator_cExport-noconfig.cmake
[2.607s] -- Up-to-date: /home/aimaim/rc_ws/install/rc_pwm_pkg/share/rc_pwm_pkg/cmake/export_rc_pwm_pkg__rosidl_typesupport_fastrtps_cExport.cmake
[2.608s] -- Up-to-date: /home/aimaim/rc_ws/install/rc_pwm_pkg/share/rc_pwm_pkg/cmake/export_rc_pwm_pkg__rosidl_typesupport_fastrtps_cExport-noconfig.cmake
[2.610s] -- Up-to-date: /home/aimaim/rc_ws/install/rc_pwm_pkg/share/rc_pwm_pkg/cmake/rc_pwm_pkg__rosidl_typesupport_introspection_cExport.cmake
[2.610s] -- Up-to-date: /home/aimaim/rc_ws/install/rc_pwm_pkg/share/rc_pwm_pkg/cmake/rc_pwm_pkg__rosidl_typesupport_introspection_cExport-noconfig.cmake
[2.613s] -- Up-to-date: /home/aimaim/rc_ws/install/rc_pwm_pkg/share/rc_pwm_pkg/cmake/rc_pwm_pkg__rosidl_typesupport_cExport.cmake
[2.613s] -- Up-to-date: /home/aimaim/rc_ws/install/rc_pwm_pkg/share/rc_pwm_pkg/cmake/rc_pwm_pkg__rosidl_typesupport_cExport-noconfig.cmake
[2.615s] -- Up-to-date: /home/aimaim/rc_ws/install/rc_pwm_pkg/share/rc_pwm_pkg/cmake/export_rc_pwm_pkg__rosidl_generator_cppExport.cmake
[2.617s] -- Up-to-date: /home/aimaim/rc_ws/install/rc_pwm_pkg/share/rc_pwm_pkg/cmake/export_rc_pwm_pkg__rosidl_typesupport_fastrtps_cppExport.cmake
[2.618s] -- Up-to-date: /home/aimaim/rc_ws/install/rc_pwm_pkg/share/rc_pwm_pkg/cmake/export_rc_pwm_pkg__rosidl_typesupport_fastrtps_cppExport-noconfig.cmake
[2.620s] -- Up-to-date: /home/aimaim/rc_ws/install/rc_pwm_pkg/share/rc_pwm_pkg/cmake/rc_pwm_pkg__rosidl_typesupport_introspection_cppExport.cmake
[2.621s] -- Up-to-date: /home/aimaim/rc_ws/install/rc_pwm_pkg/share/rc_pwm_pkg/cmake/rc_pwm_pkg__rosidl_typesupport_introspection_cppExport-noconfig.cmake
[2.623s] -- Up-to-date: /home/aimaim/rc_ws/install/rc_pwm_pkg/share/rc_pwm_pkg/cmake/rc_pwm_pkg__rosidl_typesupport_cppExport.cmake
[2.624s] -- Up-to-date: /home/aimaim/rc_ws/install/rc_pwm_pkg/share/rc_pwm_pkg/cmake/rc_pwm_pkg__rosidl_typesupport_cppExport-noconfig.cmake
[2.626s] -- Up-to-date: /home/aimaim/rc_ws/install/rc_pwm_pkg/share/rc_pwm_pkg/cmake/export_rc_pwm_pkg__rosidl_generator_pyExport.cmake
[2.627s] -- Up-to-date: /home/aimaim/rc_ws/install/rc_pwm_pkg/share/rc_pwm_pkg/cmake/export_rc_pwm_pkg__rosidl_generator_pyExport-noconfig.cmake
[2.627s] -- Up-to-date: /home/aimaim/rc_ws/install/rc_pwm_pkg/share/rc_pwm_pkg/cmake/rosidl_cmake-extras.cmake
[2.628s] -- Up-to-date: /home/aimaim/rc_ws/install/rc_pwm_pkg/share/rc_pwm_pkg/cmake/ament_cmake_export_include_directories-extras.cmake
[2.628s] -- Up-to-date: /home/aimaim/rc_ws/install/rc_pwm_pkg/share/rc_pwm_pkg/cmake/ament_cmake_export_libraries-extras.cmake
[2.628s] -- Up-to-date: /home/aimaim/rc_ws/install/rc_pwm_pkg/share/rc_pwm_pkg/cmake/ament_cmake_export_targets-extras.cmake
[2.629s] -- Up-to-date: /home/aimaim/rc_ws/install/rc_pwm_pkg/share/rc_pwm_pkg/cmake/rosidl_cmake_export_typesupport_targets-extras.cmake
[2.630s] -- Up-to-date: /home/aimaim/rc_ws/install/rc_pwm_pkg/share/rc_pwm_pkg/cmake/ament_cmake_export_dependencies-extras.cmake
[2.630s] -- Up-to-date: /home/aimaim/rc_ws/install/rc_pwm_pkg/share/rc_pwm_pkg/cmake/rosidl_cmake_export_typesupport_libraries-extras.cmake
[2.631s] -- Up-to-date: /home/aimaim/rc_ws/install/rc_pwm_pkg/share/rc_pwm_pkg/cmake/rc_pwm_pkgConfig.cmake
[2.631s] -- Up-to-date: /home/aimaim/rc_ws/install/rc_pwm_pkg/share/rc_pwm_pkg/cmake/rc_pwm_pkgConfig-version.cmake
[2.631s] -- Up-to-date: /home/aimaim/rc_ws/install/rc_pwm_pkg/share/rc_pwm_pkg/package.xml
[2.640s] Invoked command in '/home/aimaim/rc_ws/build/rc_pwm_pkg' returned '0': CMAKE_PREFIX_PATH=${CMAKE_PREFIX_PATH}:/home/aimaim/rc_ws/install/rc /usr/bin/cmake --install /home/aimaim/rc_ws/build/rc_pwm_pkg
