[0.661s] DEBUG:colcon:Command line arguments: ['/usr/bin/colcon', 'build']
[0.662s] DEBUG:colcon:Parsed command line arguments: Namespace(log_base=None, log_level=None, verb_name='build', build_base='build', install_base='install', merge_install=False, symlink_install=False, test_result_base=None, continue_on_error=False, executor='parallel', parallel_workers=4, event_handlers=None, ignore_user_meta=False, metas=['./colcon.meta'], base_paths=['.'], packages_ignore=None, packages_ignore_regex=None, paths=None, packages_up_to=None, packages_up_to_regex=None, packages_above=None, packages_above_and_dependencies=None, packages_above_depth=None, packages_select_by_dep=None, packages_skip_by_dep=None, packages_skip_up_to=None, packages_select_build_failed=False, packages_skip_build_finished=False, packages_select_test_failures=False, packages_skip_test_passed=False, packages_select=None, packages_skip=None, packages_select_regex=None, packages_skip_regex=None, packages_start=None, packages_end=None, allow_overriding=[], cmake_args=None, cmake_target=None, cmake_target_skip_unavailable=False, cmake_clean_cache=False, cmake_clean_first=False, cmake_force_configure=False, ament_cmake_args=None, catkin_cmake_args=None, catkin_skip_building_tests=False, mixin_files=None, mixin=None, verb_parser=<colcon_mixin.mixin.mixin_argument.MixinArgumentDecorator object at 0xffffb97931f0>, verb_extension=<colcon_core.verb.build.BuildVerb object at 0xffffb98dc1c0>, main=<bound method BuildVerb.main of <colcon_core.verb.build.BuildVerb object at 0xffffb98dc1c0>>, mixin_verb=('build',))
[1.915s] Level 1:colcon.colcon_core.package_discovery:discover_packages(colcon_meta) check parameters
[1.916s] Level 1:colcon.colcon_core.package_discovery:discover_packages(recursive) check parameters
[1.916s] Level 1:colcon.colcon_core.package_discovery:discover_packages(ignore) check parameters
[1.916s] Level 1:colcon.colcon_core.package_discovery:discover_packages(path) check parameters
[1.916s] Level 1:colcon.colcon_core.package_discovery:discover_packages(colcon_meta) discover
[1.916s] Level 1:colcon.colcon_core.package_discovery:discover_packages(recursive) discover
[1.917s] INFO:colcon.colcon_core.package_discovery:Crawling recursively for packages in '/home/aimaim/rc_ws'
[1.917s] Level 1:colcon.colcon_core.package_identification:_identify(.) by extensions ['ignore', 'ignore_ament_install']
[1.917s] Level 1:colcon.colcon_core.package_identification:_identify(.) by extension 'ignore'
[1.918s] Level 1:colcon.colcon_core.package_identification:_identify(.) by extension 'ignore_ament_install'
[1.918s] Level 1:colcon.colcon_core.package_identification:_identify(.) by extensions ['colcon_pkg']
[1.918s] Level 1:colcon.colcon_core.package_identification:_identify(.) by extension 'colcon_pkg'
[1.918s] Level 1:colcon.colcon_core.package_identification:_identify(.) by extensions ['colcon_meta']
[1.918s] Level 1:colcon.colcon_core.package_identification:_identify(.) by extension 'colcon_meta'
[1.919s] Level 1:colcon.colcon_core.package_identification:_identify(.) by extensions ['ros']
[1.919s] Level 1:colcon.colcon_core.package_identification:_identify(.) by extension 'ros'
[2.009s] Level 1:colcon.colcon_core.package_identification:_identify(.) by extensions ['cmake', 'python']
[2.009s] Level 1:colcon.colcon_core.package_identification:_identify(.) by extension 'cmake'
[2.009s] Level 1:colcon.colcon_core.package_identification:_identify(.) by extension 'python'
[2.009s] Level 1:colcon.colcon_core.package_identification:_identify(.) by extensions ['python_setup_py']
[2.009s] Level 1:colcon.colcon_core.package_identification:_identify(.) by extension 'python_setup_py'
[2.010s] Level 1:colcon.colcon_core.package_identification:_identify(build) by extensions ['ignore', 'ignore_ament_install']
[2.010s] Level 1:colcon.colcon_core.package_identification:_identify(build) by extension 'ignore'
[2.010s] Level 1:colcon.colcon_core.package_identification:_identify(build) ignored
[2.011s] Level 1:colcon.colcon_core.package_identification:_identify(install) by extensions ['ignore', 'ignore_ament_install']
[2.011s] Level 1:colcon.colcon_core.package_identification:_identify(install) by extension 'ignore'
[2.012s] Level 1:colcon.colcon_core.package_identification:_identify(install) ignored
[2.012s] Level 1:colcon.colcon_core.package_identification:_identify(log) by extensions ['ignore', 'ignore_ament_install']
[2.012s] Level 1:colcon.colcon_core.package_identification:_identify(log) by extension 'ignore'
[2.013s] Level 1:colcon.colcon_core.package_identification:_identify(log) ignored
[2.013s] Level 1:colcon.colcon_core.package_identification:_identify(src) by extensions ['ignore', 'ignore_ament_install']
[2.013s] Level 1:colcon.colcon_core.package_identification:_identify(src) by extension 'ignore'
[2.013s] Level 1:colcon.colcon_core.package_identification:_identify(src) by extension 'ignore_ament_install'
[2.014s] Level 1:colcon.colcon_core.package_identification:_identify(src) by extensions ['colcon_pkg']
[2.014s] Level 1:colcon.colcon_core.package_identification:_identify(src) by extension 'colcon_pkg'
[2.014s] Level 1:colcon.colcon_core.package_identification:_identify(src) by extensions ['colcon_meta']
[2.014s] Level 1:colcon.colcon_core.package_identification:_identify(src) by extension 'colcon_meta'
[2.014s] Level 1:colcon.colcon_core.package_identification:_identify(src) by extensions ['ros']
[2.014s] Level 1:colcon.colcon_core.package_identification:_identify(src) by extension 'ros'
[2.015s] Level 1:colcon.colcon_core.package_identification:_identify(src) by extensions ['cmake', 'python']
[2.015s] Level 1:colcon.colcon_core.package_identification:_identify(src) by extension 'cmake'
[2.015s] Level 1:colcon.colcon_core.package_identification:_identify(src) by extension 'python'
[2.015s] Level 1:colcon.colcon_core.package_identification:_identify(src) by extensions ['python_setup_py']
[2.015s] Level 1:colcon.colcon_core.package_identification:_identify(src) by extension 'python_setup_py'
[2.016s] Level 1:colcon.colcon_core.package_identification:_identify(src/rc) by extensions ['ignore', 'ignore_ament_install']
[2.016s] Level 1:colcon.colcon_core.package_identification:_identify(src/rc) by extension 'ignore'
[2.016s] Level 1:colcon.colcon_core.package_identification:_identify(src/rc) by extension 'ignore_ament_install'
[2.016s] Level 1:colcon.colcon_core.package_identification:_identify(src/rc) by extensions ['colcon_pkg']
[2.017s] Level 1:colcon.colcon_core.package_identification:_identify(src/rc) by extension 'colcon_pkg'
[2.017s] Level 1:colcon.colcon_core.package_identification:_identify(src/rc) by extensions ['colcon_meta']
[2.017s] Level 1:colcon.colcon_core.package_identification:_identify(src/rc) by extension 'colcon_meta'
[2.017s] Level 1:colcon.colcon_core.package_identification:_identify(src/rc) by extensions ['ros']
[2.017s] Level 1:colcon.colcon_core.package_identification:_identify(src/rc) by extension 'ros'
[2.034s] DEBUG:colcon.colcon_core.package_identification:Package 'src/rc' with type 'ros.ament_python' and name 'rc'
[2.035s] Level 1:colcon.colcon_core.package_identification:_identify(src/rc_pwm_pkg) by extensions ['ignore', 'ignore_ament_install']
[2.035s] Level 1:colcon.colcon_core.package_identification:_identify(src/rc_pwm_pkg) by extension 'ignore'
[2.036s] Level 1:colcon.colcon_core.package_identification:_identify(src/rc_pwm_pkg) by extension 'ignore_ament_install'
[2.036s] Level 1:colcon.colcon_core.package_identification:_identify(src/rc_pwm_pkg) by extensions ['colcon_pkg']
[2.036s] Level 1:colcon.colcon_core.package_identification:_identify(src/rc_pwm_pkg) by extension 'colcon_pkg'
[2.036s] Level 1:colcon.colcon_core.package_identification:_identify(src/rc_pwm_pkg) by extensions ['colcon_meta']
[2.036s] Level 1:colcon.colcon_core.package_identification:_identify(src/rc_pwm_pkg) by extension 'colcon_meta'
[2.037s] Level 1:colcon.colcon_core.package_identification:_identify(src/rc_pwm_pkg) by extensions ['ros']
[2.037s] Level 1:colcon.colcon_core.package_identification:_identify(src/rc_pwm_pkg) by extension 'ros'
[2.039s] DEBUG:colcon.colcon_core.package_identification:Package 'src/rc_pwm_pkg' with type 'ros.ament_cmake' and name 'rc_pwm_pkg'
[2.040s] Level 1:colcon.colcon_core.package_discovery:discover_packages(recursive) using defaults
[2.040s] Level 1:colcon.colcon_core.package_discovery:discover_packages(ignore) discover
[2.040s] Level 1:colcon.colcon_core.package_discovery:discover_packages(ignore) using defaults
[2.040s] Level 1:colcon.colcon_core.package_discovery:discover_packages(path) discover
[2.040s] Level 1:colcon.colcon_core.package_discovery:discover_packages(path) using defaults
[2.196s] Level 1:colcon.colcon_core.package_discovery:discover_packages(prefix_path) check parameters
[2.196s] Level 1:colcon.colcon_core.package_discovery:discover_packages(prefix_path) discover
[2.260s] DEBUG:colcon.colcon_installed_package_information.package_discovery:Found 341 installed packages in /home/aimaim/ros2_humble/ros2-linux
[2.270s] DEBUG:colcon.colcon_installed_package_information.package_discovery:Found 2 installed packages in /home/aimaim/rc_ws/install
[2.270s] Level 1:colcon.colcon_core.package_discovery:discover_packages(prefix_path) using defaults
[2.534s] Level 5:colcon.colcon_core.verb:set package 'rc_pwm_pkg' build argument 'cmake_args' from command line to 'None'
[2.534s] Level 5:colcon.colcon_core.verb:set package 'rc_pwm_pkg' build argument 'cmake_target' from command line to 'None'
[2.534s] Level 5:colcon.colcon_core.verb:set package 'rc_pwm_pkg' build argument 'cmake_target_skip_unavailable' from command line to 'False'
[2.534s] Level 5:colcon.colcon_core.verb:set package 'rc_pwm_pkg' build argument 'cmake_clean_cache' from command line to 'False'
[2.534s] Level 5:colcon.colcon_core.verb:set package 'rc_pwm_pkg' build argument 'cmake_clean_first' from command line to 'False'
[2.534s] Level 5:colcon.colcon_core.verb:set package 'rc_pwm_pkg' build argument 'cmake_force_configure' from command line to 'False'
[2.534s] Level 5:colcon.colcon_core.verb:set package 'rc_pwm_pkg' build argument 'ament_cmake_args' from command line to 'None'
[2.535s] Level 5:colcon.colcon_core.verb:set package 'rc_pwm_pkg' build argument 'catkin_cmake_args' from command line to 'None'
[2.535s] Level 5:colcon.colcon_core.verb:set package 'rc_pwm_pkg' build argument 'catkin_skip_building_tests' from command line to 'False'
[2.535s] DEBUG:colcon.colcon_core.verb:Building package 'rc_pwm_pkg' with the following arguments: {'ament_cmake_args': None, 'build_base': '/home/aimaim/rc_ws/build/rc_pwm_pkg', 'catkin_cmake_args': None, 'catkin_skip_building_tests': False, 'cmake_args': None, 'cmake_clean_cache': False, 'cmake_clean_first': False, 'cmake_force_configure': False, 'cmake_target': None, 'cmake_target_skip_unavailable': False, 'install_base': '/home/aimaim/rc_ws/install/rc_pwm_pkg', 'merge_install': False, 'path': '/home/aimaim/rc_ws/src/rc_pwm_pkg', 'symlink_install': False, 'test_result_base': None}
[2.536s] Level 5:colcon.colcon_core.verb:set package 'rc' build argument 'cmake_args' from command line to 'None'
[2.536s] Level 5:colcon.colcon_core.verb:set package 'rc' build argument 'cmake_target' from command line to 'None'
[2.537s] Level 5:colcon.colcon_core.verb:set package 'rc' build argument 'cmake_target_skip_unavailable' from command line to 'False'
[2.537s] Level 5:colcon.colcon_core.verb:set package 'rc' build argument 'cmake_clean_cache' from command line to 'False'
[2.537s] Level 5:colcon.colcon_core.verb:set package 'rc' build argument 'cmake_clean_first' from command line to 'False'
[2.537s] Level 5:colcon.colcon_core.verb:set package 'rc' build argument 'cmake_force_configure' from command line to 'False'
[2.537s] Level 5:colcon.colcon_core.verb:set package 'rc' build argument 'ament_cmake_args' from command line to 'None'
[2.537s] Level 5:colcon.colcon_core.verb:set package 'rc' build argument 'catkin_cmake_args' from command line to 'None'
[2.537s] Level 5:colcon.colcon_core.verb:set package 'rc' build argument 'catkin_skip_building_tests' from command line to 'False'
[2.537s] DEBUG:colcon.colcon_core.verb:Building package 'rc' with the following arguments: {'ament_cmake_args': None, 'build_base': '/home/aimaim/rc_ws/build/rc', 'catkin_cmake_args': None, 'catkin_skip_building_tests': False, 'cmake_args': None, 'cmake_clean_cache': False, 'cmake_clean_first': False, 'cmake_force_configure': False, 'cmake_target': None, 'cmake_target_skip_unavailable': False, 'install_base': '/home/aimaim/rc_ws/install/rc', 'merge_install': False, 'path': '/home/aimaim/rc_ws/src/rc', 'symlink_install': False, 'test_result_base': None}
[2.538s] INFO:colcon.colcon_core.executor:Executing jobs using 'parallel' executor
[2.541s] DEBUG:colcon.colcon_parallel_executor.executor.parallel:run_until_complete
[2.542s] INFO:colcon.colcon_ros.task.ament_cmake.build:Building ROS package in '/home/aimaim/rc_ws/src/rc_pwm_pkg' with build type 'ament_cmake'
[2.542s] INFO:colcon.colcon_cmake.task.cmake.build:Building CMake package in '/home/aimaim/rc_ws/src/rc_pwm_pkg'
[2.561s] INFO:colcon.colcon_core.plugin_system:Skipping extension 'colcon_core.shell.bat': Not used on non-Windows systems
[2.563s] INFO:colcon.colcon_core.shell:Skip shell extension 'powershell' for command environment: Not usable outside of PowerShell
[2.563s] DEBUG:colcon.colcon_core.shell:Skip shell extension 'dsv' for command environment
[2.646s] DEBUG:colcon.colcon_core.event_handler.log_command:Invoking command in '/home/aimaim/rc_ws/build/rc_pwm_pkg': CMAKE_PREFIX_PATH=${CMAKE_PREFIX_PATH}:/home/aimaim/rc_ws/install/rc /usr/bin/cmake --build /home/aimaim/rc_ws/build/rc_pwm_pkg -- -j4 -l4
[22.094s] DEBUG:colcon.colcon_core.event_handler.log_command:Invoked command in '/home/aimaim/rc_ws/build/rc_pwm_pkg' returned '0': CMAKE_PREFIX_PATH=${CMAKE_PREFIX_PATH}:/home/aimaim/rc_ws/install/rc /usr/bin/cmake --build /home/aimaim/rc_ws/build/rc_pwm_pkg -- -j4 -l4
[22.137s] DEBUG:colcon.colcon_core.event_handler.log_command:Invoking command in '/home/aimaim/rc_ws/build/rc_pwm_pkg': CMAKE_PREFIX_PATH=${CMAKE_PREFIX_PATH}:/home/aimaim/rc_ws/install/rc /usr/bin/cmake --install /home/aimaim/rc_ws/build/rc_pwm_pkg
[22.505s] Level 1:colcon.colcon_core.environment:create_environment_scripts_only(rc_pwm_pkg)
[22.507s] DEBUG:colcon.colcon_core.event_handler.log_command:Invoked command in '/home/aimaim/rc_ws/build/rc_pwm_pkg' returned '0': CMAKE_PREFIX_PATH=${CMAKE_PREFIX_PATH}:/home/aimaim/rc_ws/install/rc /usr/bin/cmake --install /home/aimaim/rc_ws/build/rc_pwm_pkg
[22.531s] Level 1:colcon.colcon_core.environment:checking '/home/aimaim/rc_ws/install/rc_pwm_pkg' for CMake module files
[22.537s] Level 1:colcon.colcon_core.environment:checking '/home/aimaim/rc_ws/install/rc_pwm_pkg' for CMake config files
[22.541s] Level 1:colcon.colcon_core.shell:create_environment_hook('rc_pwm_pkg', 'cmake_prefix_path')
[22.542s] INFO:colcon.colcon_core.shell:Creating environment hook '/home/aimaim/rc_ws/install/rc_pwm_pkg/share/rc_pwm_pkg/hook/cmake_prefix_path.ps1'
[22.546s] INFO:colcon.colcon_core.shell:Creating environment descriptor '/home/aimaim/rc_ws/install/rc_pwm_pkg/share/rc_pwm_pkg/hook/cmake_prefix_path.dsv'
[22.549s] INFO:colcon.colcon_core.shell:Creating environment hook '/home/aimaim/rc_ws/install/rc_pwm_pkg/share/rc_pwm_pkg/hook/cmake_prefix_path.sh'
[22.555s] Level 1:colcon.colcon_core.environment:checking '/home/aimaim/rc_ws/install/rc_pwm_pkg/lib'
[22.556s] Level 1:colcon.colcon_core.shell:create_environment_hook('rc_pwm_pkg', 'ld_library_path_lib')
[22.557s] INFO:colcon.colcon_core.shell:Creating environment hook '/home/aimaim/rc_ws/install/rc_pwm_pkg/share/rc_pwm_pkg/hook/ld_library_path_lib.ps1'
[22.560s] INFO:colcon.colcon_core.shell:Creating environment descriptor '/home/aimaim/rc_ws/install/rc_pwm_pkg/share/rc_pwm_pkg/hook/ld_library_path_lib.dsv'
[22.562s] INFO:colcon.colcon_core.shell:Creating environment hook '/home/aimaim/rc_ws/install/rc_pwm_pkg/share/rc_pwm_pkg/hook/ld_library_path_lib.sh'
[22.564s] Level 1:colcon.colcon_core.environment:checking '/home/aimaim/rc_ws/install/rc_pwm_pkg/bin'
[22.564s] Level 1:colcon.colcon_core.environment:checking '/home/aimaim/rc_ws/install/rc_pwm_pkg/lib/pkgconfig/rc_pwm_pkg.pc'
[22.570s] Level 1:colcon.colcon_core.environment:checking '/home/aimaim/rc_ws/install/rc_pwm_pkg/lib/python3.10/site-packages'
[22.571s] Level 1:colcon.colcon_core.environment:checking '/home/aimaim/rc_ws/install/rc_pwm_pkg/bin'
[22.572s] INFO:colcon.colcon_core.shell:Creating package script '/home/aimaim/rc_ws/install/rc_pwm_pkg/share/rc_pwm_pkg/package.ps1'
[22.576s] INFO:colcon.colcon_core.shell:Creating package descriptor '/home/aimaim/rc_ws/install/rc_pwm_pkg/share/rc_pwm_pkg/package.dsv'
[22.581s] INFO:colcon.colcon_core.shell:Creating package script '/home/aimaim/rc_ws/install/rc_pwm_pkg/share/rc_pwm_pkg/package.sh'
[22.586s] INFO:colcon.colcon_core.shell:Creating package script '/home/aimaim/rc_ws/install/rc_pwm_pkg/share/rc_pwm_pkg/package.bash'
[22.594s] INFO:colcon.colcon_core.shell:Creating package script '/home/aimaim/rc_ws/install/rc_pwm_pkg/share/rc_pwm_pkg/package.zsh'
[22.600s] Level 1:colcon.colcon_core.environment:create_file_with_runtime_dependencies(/home/aimaim/rc_ws/install/rc_pwm_pkg/share/colcon-core/packages/rc_pwm_pkg)
[22.603s] Level 1:colcon.colcon_core.environment:create_environment_scripts_only(rc_pwm_pkg)
[22.605s] Level 1:colcon.colcon_core.environment:checking '/home/aimaim/rc_ws/install/rc_pwm_pkg' for CMake module files
[22.610s] Level 1:colcon.colcon_core.environment:checking '/home/aimaim/rc_ws/install/rc_pwm_pkg' for CMake config files
[22.614s] Level 1:colcon.colcon_core.shell:create_environment_hook('rc_pwm_pkg', 'cmake_prefix_path')
[22.615s] INFO:colcon.colcon_core.shell:Creating environment hook '/home/aimaim/rc_ws/install/rc_pwm_pkg/share/rc_pwm_pkg/hook/cmake_prefix_path.ps1'
[22.617s] INFO:colcon.colcon_core.shell:Creating environment descriptor '/home/aimaim/rc_ws/install/rc_pwm_pkg/share/rc_pwm_pkg/hook/cmake_prefix_path.dsv'
[22.618s] INFO:colcon.colcon_core.shell:Creating environment hook '/home/aimaim/rc_ws/install/rc_pwm_pkg/share/rc_pwm_pkg/hook/cmake_prefix_path.sh'
[22.621s] Level 1:colcon.colcon_core.environment:checking '/home/aimaim/rc_ws/install/rc_pwm_pkg/lib'
[22.621s] Level 1:colcon.colcon_core.shell:create_environment_hook('rc_pwm_pkg', 'ld_library_path_lib')
[22.622s] INFO:colcon.colcon_core.shell:Creating environment hook '/home/aimaim/rc_ws/install/rc_pwm_pkg/share/rc_pwm_pkg/hook/ld_library_path_lib.ps1'
[22.624s] INFO:colcon.colcon_core.shell:Creating environment descriptor '/home/aimaim/rc_ws/install/rc_pwm_pkg/share/rc_pwm_pkg/hook/ld_library_path_lib.dsv'
[22.626s] INFO:colcon.colcon_core.shell:Creating environment hook '/home/aimaim/rc_ws/install/rc_pwm_pkg/share/rc_pwm_pkg/hook/ld_library_path_lib.sh'
[22.628s] Level 1:colcon.colcon_core.environment:checking '/home/aimaim/rc_ws/install/rc_pwm_pkg/bin'
[22.628s] Level 1:colcon.colcon_core.environment:checking '/home/aimaim/rc_ws/install/rc_pwm_pkg/lib/pkgconfig/rc_pwm_pkg.pc'
[22.629s] Level 1:colcon.colcon_core.environment:checking '/home/aimaim/rc_ws/install/rc_pwm_pkg/lib/python3.10/site-packages'
[22.630s] Level 1:colcon.colcon_core.environment:checking '/home/aimaim/rc_ws/install/rc_pwm_pkg/bin'
[22.631s] INFO:colcon.colcon_core.shell:Creating package script '/home/aimaim/rc_ws/install/rc_pwm_pkg/share/rc_pwm_pkg/package.ps1'
[22.634s] INFO:colcon.colcon_core.shell:Creating package descriptor '/home/aimaim/rc_ws/install/rc_pwm_pkg/share/rc_pwm_pkg/package.dsv'
[22.636s] INFO:colcon.colcon_core.shell:Creating package script '/home/aimaim/rc_ws/install/rc_pwm_pkg/share/rc_pwm_pkg/package.sh'
[22.638s] INFO:colcon.colcon_core.shell:Creating package script '/home/aimaim/rc_ws/install/rc_pwm_pkg/share/rc_pwm_pkg/package.bash'
[22.640s] INFO:colcon.colcon_core.shell:Creating package script '/home/aimaim/rc_ws/install/rc_pwm_pkg/share/rc_pwm_pkg/package.zsh'
[22.642s] Level 1:colcon.colcon_core.environment:create_file_with_runtime_dependencies(/home/aimaim/rc_ws/install/rc_pwm_pkg/share/colcon-core/packages/rc_pwm_pkg)
[22.644s] INFO:colcon.colcon_ros.task.ament_python.build:Building ROS package in '/home/aimaim/rc_ws/src/rc' with build type 'ament_python'
[22.644s] Level 1:colcon.colcon_core.shell:create_environment_hook('rc', 'ament_prefix_path')
[22.645s] INFO:colcon.colcon_core.shell:Creating environment hook '/home/aimaim/rc_ws/install/rc/share/rc/hook/ament_prefix_path.ps1'
[22.648s] INFO:colcon.colcon_core.shell:Creating environment descriptor '/home/aimaim/rc_ws/install/rc/share/rc/hook/ament_prefix_path.dsv'
[22.651s] INFO:colcon.colcon_core.shell:Creating environment hook '/home/aimaim/rc_ws/install/rc/share/rc/hook/ament_prefix_path.sh'
[22.653s] INFO:colcon.colcon_core.shell:Skip shell extension 'powershell' for command environment: Not usable outside of PowerShell
[22.654s] DEBUG:colcon.colcon_core.shell:Skip shell extension 'dsv' for command environment
[23.966s] INFO:colcon.colcon_core.task.python.build:Building Python package in '/home/aimaim/rc_ws/src/rc'
[23.967s] INFO:colcon.colcon_core.shell:Skip shell extension 'powershell' for command environment: Not usable outside of PowerShell
[23.967s] DEBUG:colcon.colcon_core.shell:Skip shell extension 'dsv' for command environment
[26.312s] DEBUG:colcon.colcon_core.event_handler.log_command:Invoking command in '/home/aimaim/rc_ws/src/rc': PYTHONPATH=/home/aimaim/rc_ws/build/rc/prefix_override:/usr/lib/python3/dist-packages/colcon_core/task/python/colcon_distutils_commands:/home/aimaim/rc_ws/install/rc/lib/python3.10/site-packages:${PYTHONPATH} /usr/bin/python3 -W ignore:setup.py install is deprecated -W ignore:easy_install command is deprecated setup.py egg_info --egg-base ../../build/rc build --build-base /home/aimaim/rc_ws/build/rc/build install --record /home/aimaim/rc_ws/build/rc/install.log --single-version-externally-managed install_data
[27.679s] Level 1:colcon.colcon_core.environment:checking '/home/aimaim/rc_ws/install/rc' for CMake module files
[27.681s] DEBUG:colcon.colcon_core.event_handler.log_command:Invoked command in '/home/aimaim/rc_ws/src/rc' returned '0': PYTHONPATH=/home/aimaim/rc_ws/build/rc/prefix_override:/usr/lib/python3/dist-packages/colcon_core/task/python/colcon_distutils_commands:/home/aimaim/rc_ws/install/rc/lib/python3.10/site-packages:${PYTHONPATH} /usr/bin/python3 -W ignore:setup.py install is deprecated -W ignore:easy_install command is deprecated setup.py egg_info --egg-base ../../build/rc build --build-base /home/aimaim/rc_ws/build/rc/build install --record /home/aimaim/rc_ws/build/rc/install.log --single-version-externally-managed install_data
[27.683s] Level 1:colcon.colcon_core.environment:checking '/home/aimaim/rc_ws/install/rc' for CMake config files
[27.687s] Level 1:colcon.colcon_core.environment:checking '/home/aimaim/rc_ws/install/rc/lib'
[27.687s] Level 1:colcon.colcon_core.environment:checking '/home/aimaim/rc_ws/install/rc/bin'
[27.688s] Level 1:colcon.colcon_core.environment:checking '/home/aimaim/rc_ws/install/rc/lib/pkgconfig/rc.pc'
[27.689s] Level 1:colcon.colcon_core.environment:checking '/home/aimaim/rc_ws/install/rc/lib/python3.10/site-packages'
[27.689s] Level 1:colcon.colcon_core.shell:create_environment_hook('rc', 'pythonpath')
[27.690s] INFO:colcon.colcon_core.shell:Creating environment hook '/home/aimaim/rc_ws/install/rc/share/rc/hook/pythonpath.ps1'
[27.692s] INFO:colcon.colcon_core.shell:Creating environment descriptor '/home/aimaim/rc_ws/install/rc/share/rc/hook/pythonpath.dsv'
[27.694s] INFO:colcon.colcon_core.shell:Creating environment hook '/home/aimaim/rc_ws/install/rc/share/rc/hook/pythonpath.sh'
[27.697s] Level 1:colcon.colcon_core.environment:checking '/home/aimaim/rc_ws/install/rc/bin'
[27.697s] Level 1:colcon.colcon_core.environment:create_environment_scripts_only(rc)
[27.699s] INFO:colcon.colcon_core.shell:Creating package script '/home/aimaim/rc_ws/install/rc/share/rc/package.ps1'
[27.701s] INFO:colcon.colcon_core.shell:Creating package descriptor '/home/aimaim/rc_ws/install/rc/share/rc/package.dsv'
[27.704s] INFO:colcon.colcon_core.shell:Creating package script '/home/aimaim/rc_ws/install/rc/share/rc/package.sh'
[27.706s] INFO:colcon.colcon_core.shell:Creating package script '/home/aimaim/rc_ws/install/rc/share/rc/package.bash'
[27.708s] INFO:colcon.colcon_core.shell:Creating package script '/home/aimaim/rc_ws/install/rc/share/rc/package.zsh'
[27.709s] Level 1:colcon.colcon_core.environment:create_file_with_runtime_dependencies(/home/aimaim/rc_ws/install/rc/share/colcon-core/packages/rc)
[27.711s] DEBUG:colcon.colcon_parallel_executor.executor.parallel:closing loop
[27.712s] DEBUG:colcon.colcon_parallel_executor.executor.parallel:loop closed
[27.712s] DEBUG:colcon.colcon_parallel_executor.executor.parallel:run_until_complete finished with '0'
[27.712s] DEBUG:colcon.colcon_core.event_reactor:joining thread
[27.738s] INFO:colcon.colcon_core.plugin_system:Skipping extension 'colcon_notification.desktop_notification.notify_send': Could not find 'notify-send'
[27.738s] INFO:colcon.colcon_core.plugin_system:Skipping extension 'colcon_notification.desktop_notification.terminal_notifier': Not used on non-Darwin systems
[27.738s] INFO:colcon.colcon_core.plugin_system:Skipping extension 'colcon_notification.desktop_notification.win32': Not used on non-Windows systems
[27.739s] INFO:colcon.colcon_notification.desktop_notification:Sending desktop notification using 'notify2'
[27.824s] DEBUG:colcon.colcon_notification.desktop_notification.notify2:Failed to initialize notify2: org.freedesktop.DBus.Error.ServiceUnknown: The name org.freedesktop.Notifications was not provided by any .service files
[27.825s] DEBUG:colcon.colcon_core.event_reactor:joined thread
[27.826s] INFO:colcon.colcon_core.shell:Creating prefix script '/home/aimaim/rc_ws/install/local_setup.ps1'
[27.831s] INFO:colcon.colcon_core.shell:Creating prefix util module '/home/aimaim/rc_ws/install/_local_setup_util_ps1.py'
[27.839s] INFO:colcon.colcon_core.shell:Creating prefix chain script '/home/aimaim/rc_ws/install/setup.ps1'
[27.846s] INFO:colcon.colcon_core.shell:Creating prefix script '/home/aimaim/rc_ws/install/local_setup.sh'
[27.849s] INFO:colcon.colcon_core.shell:Creating prefix util module '/home/aimaim/rc_ws/install/_local_setup_util_sh.py'
[27.852s] INFO:colcon.colcon_core.shell:Creating prefix chain script '/home/aimaim/rc_ws/install/setup.sh'
[27.858s] INFO:colcon.colcon_core.shell:Creating prefix script '/home/aimaim/rc_ws/install/local_setup.bash'
[27.862s] INFO:colcon.colcon_core.shell:Creating prefix chain script '/home/aimaim/rc_ws/install/setup.bash'
[27.867s] INFO:colcon.colcon_core.shell:Creating prefix script '/home/aimaim/rc_ws/install/local_setup.zsh'
[27.872s] INFO:colcon.colcon_core.shell:Creating prefix chain script '/home/aimaim/rc_ws/install/setup.zsh'
