[3.143s] Invoking command in '/home/aimaim/rc_ws/src/rc': AMENT_PREFIX_PATH=/home/aimaim/rc_ws/install/rc_pwm_pkg:${AMENT_PREFIX_PATH} CMAKE_PREFIX_PATH=/home/aimaim/rc_ws/install/rc_pwm_pkg:${CMAKE_PREFIX_PATH} LD_LIBRARY_PATH=/home/aimaim/rc_ws/install/rc_pwm_pkg/lib:${LD_LIBRARY_PATH} PYTHONPATH=/home/aimaim/rc_ws/build/rc/prefix_override:/usr/lib/python3/dist-packages/colcon_core/task/python/colcon_distutils_commands:/home/aimaim/rc_ws/install/rc/lib/python3.10/site-packages:/home/aimaim/rc_ws/install/rc_pwm_pkg/local/lib/python3.10/dist-packages:${PYTHONPATH} /usr/bin/python3 -W ignore:setup.py install is deprecated -W ignore:easy_install command is deprecated setup.py egg_info --egg-base ../../build/rc build --build-base /home/aimaim/rc_ws/build/rc/build install --record /home/aimaim/rc_ws/build/rc/install.log --single-version-externally-managed install_data
[4.285s] running egg_info
[4.288s] writing ../../build/rc/rc.egg-info/PKG-INFO
[4.289s] writing dependency_links to ../../build/rc/rc.egg-info/dependency_links.txt
[4.290s] writing entry points to ../../build/rc/rc.egg-info/entry_points.txt
[4.290s] writing requirements to ../../build/rc/rc.egg-info/requires.txt
[4.291s] writing top-level names to ../../build/rc/rc.egg-info/top_level.txt
[4.299s] reading manifest file '../../build/rc/rc.egg-info/SOURCES.txt'
[4.300s] adding license file 'LICENSE'
[4.303s] writing manifest file '../../build/rc/rc.egg-info/SOURCES.txt'
[4.303s] running build
[4.304s] running build_py
[4.305s] copying rc/rc_control.py -> /home/aimaim/rc_ws/build/rc/build/lib/rc
[4.306s] running install
[4.307s] running install_lib
[4.310s] copying /home/aimaim/rc_ws/build/rc/build/lib/rc/rc_control.py -> /home/aimaim/rc_ws/install/rc/lib/python3.10/site-packages/rc
[4.313s] byte-compiling /home/aimaim/rc_ws/install/rc/lib/python3.10/site-packages/rc/rc_control.py to rc_control.cpython-310.pyc
[4.316s] running install_data
[4.317s] running install_egg_info
[4.324s] removing '/home/aimaim/rc_ws/install/rc/lib/python3.10/site-packages/rc-0.0.0-py3.10.egg-info' (and everything under it)
[4.326s] Copying ../../build/rc/rc.egg-info to /home/aimaim/rc_ws/install/rc/lib/python3.10/site-packages/rc-0.0.0-py3.10.egg-info
[4.330s] running install_scripts
[4.407s] Installing listener script to /home/aimaim/rc_ws/install/rc/lib/rc
[4.409s] writing list of installed files to '/home/aimaim/rc_ws/build/rc/install.log'
[4.532s] Invoked command in '/home/aimaim/rc_ws/src/rc' returned '0': AMENT_PREFIX_PATH=/home/aimaim/rc_ws/install/rc_pwm_pkg:${AMENT_PREFIX_PATH} CMAKE_PREFIX_PATH=/home/aimaim/rc_ws/install/rc_pwm_pkg:${CMAKE_PREFIX_PATH} LD_LIBRARY_PATH=/home/aimaim/rc_ws/install/rc_pwm_pkg/lib:${LD_LIBRARY_PATH} PYTHONPATH=/home/aimaim/rc_ws/build/rc/prefix_override:/usr/lib/python3/dist-packages/colcon_core/task/python/colcon_distutils_commands:/home/aimaim/rc_ws/install/rc/lib/python3.10/site-packages:/home/aimaim/rc_ws/install/rc_pwm_pkg/local/lib/python3.10/dist-packages:${PYTHONPATH} /usr/bin/python3 -W ignore:setup.py install is deprecated -W ignore:easy_install command is deprecated setup.py egg_info --egg-base ../../build/rc build --build-base /home/aimaim/rc_ws/build/rc/build install --record /home/aimaim/rc_ws/build/rc/install.log --single-version-externally-managed install_data
