[3.162s] Invoking command in '/home/aimaim/rc_ws/src/rc': PYTHONPATH=/home/aimaim/rc_ws/build/rc/prefix_override:/usr/lib/python3/dist-packages/colcon_core/task/python/colcon_distutils_commands:/home/aimaim/rc_ws/install/rc/lib/python3.10/site-packages:${PYTHONPATH} /usr/bin/python3 -W ignore:setup.py install is deprecated -W ignore:easy_install command is deprecated setup.py egg_info --egg-base ../../build/rc build --build-base /home/aimaim/rc_ws/build/rc/build install --record /home/aimaim/rc_ws/build/rc/install.log --single-version-externally-managed install_data
[4.314s] running egg_info
[4.316s] writing ../../build/rc/rc.egg-info/PKG-INFO
[4.317s] writing dependency_links to ../../build/rc/rc.egg-info/dependency_links.txt
[4.318s] writing entry points to ../../build/rc/rc.egg-info/entry_points.txt
[4.319s] writing requirements to ../../build/rc/rc.egg-info/requires.txt
[4.320s] writing top-level names to ../../build/rc/rc.egg-info/top_level.txt
[4.328s] reading manifest file '../../build/rc/rc.egg-info/SOURCES.txt'
[4.329s] adding license file 'LICENSE'
[4.331s] writing manifest file '../../build/rc/rc.egg-info/SOURCES.txt'
[4.332s] running build
[4.332s] running build_py
[4.333s] copying rc/rc_control.py -> /home/aimaim/rc_ws/build/rc/build/lib/rc
[4.334s] running install
[4.336s] running install_lib
[4.339s] copying /home/aimaim/rc_ws/build/rc/build/lib/rc/rc_control.py -> /home/aimaim/rc_ws/install/rc/lib/python3.10/site-packages/rc
[4.342s] byte-compiling /home/aimaim/rc_ws/install/rc/lib/python3.10/site-packages/rc/rc_control.py to rc_control.cpython-310.pyc
[4.344s] running install_data
[4.345s] running install_egg_info
[4.353s] removing '/home/aimaim/rc_ws/install/rc/lib/python3.10/site-packages/rc-0.0.0-py3.10.egg-info' (and everything under it)
[4.354s] Copying ../../build/rc/rc.egg-info to /home/aimaim/rc_ws/install/rc/lib/python3.10/site-packages/rc-0.0.0-py3.10.egg-info
[4.359s] running install_scripts
[4.436s] Installing listener script to /home/aimaim/rc_ws/install/rc/lib/rc
[4.438s] writing list of installed files to '/home/aimaim/rc_ws/build/rc/install.log'
[4.560s] Invoked command in '/home/aimaim/rc_ws/src/rc' returned '0': PYTHONPATH=/home/aimaim/rc_ws/build/rc/prefix_override:/usr/lib/python3/dist-packages/colcon_core/task/python/colcon_distutils_commands:/home/aimaim/rc_ws/install/rc/lib/python3.10/site-packages:${PYTHONPATH} /usr/bin/python3 -W ignore:setup.py install is deprecated -W ignore:easy_install command is deprecated setup.py egg_info --egg-base ../../build/rc build --build-base /home/aimaim/rc_ws/build/rc/build install --record /home/aimaim/rc_ws/build/rc/install.log --single-version-externally-managed install_data
