[0.087s] Invoking command in '/home/aimaim/rc_ws/build/rc_pwm_pkg': /usr/bin/cmake --build /home/aimaim/rc_ws/build/rc_pwm_pkg -- -j4 -l4
[0.306s] [ 10%] Built target rc_pwm_pkg__rosidl_generator_c
[0.309s] [ 12%] Built target rc_pwm_pkg__cpp
[0.351s] [ 12%] Built target ament_cmake_python_copy_rc_pwm_pkg
[0.408s] [ 23%] Built target rc_pwm_pkg__rosidl_typesupport_introspection_c
[0.410s] [ 33%] Built target rc_pwm_pkg__rosidl_typesupport_c
[0.414s] [ 43%] Built target rc_pwm_pkg__rosidl_typesupport_fastrtps_c
[0.459s] [ 53%] Built target rc_pwm_pkg__rosidl_typesupport_fastrtps_cpp
[0.511s] [ 64%] Built target rc_pwm_pkg__rosidl_typesupport_introspection_cpp
[0.514s] [ 74%] Built target rc_pwm_pkg__rosidl_typesupport_cpp
[0.596s] [ 74%] Built target rc_pwm_pkg
[0.680s] [ 76%] Built target rc_pwm_pkg__py
[0.776s] [ 84%] Built target rc_pwm_pkg__rosidl_generator_py
[0.882s] [ 94%] Built target rc_pwm_pkg__rosidl_typesupport_fastrtps_c__pyext
[0.883s] [ 94%] Built target rc_pwm_pkg__rosidl_typesupport_introspection_c__pyext
[0.886s] [100%] Built target rc_pwm_pkg__rosidl_typesupport_c__pyext
[1.662s] running egg_info
[1.665s] writing rc_pwm_pkg.egg-info/PKG-INFO
[1.666s] writing dependency_links to rc_pwm_pkg.egg-info/dependency_links.txt
[1.667s] writing top-level names to rc_pwm_pkg.egg-info/top_level.txt
[1.677s] reading manifest file 'rc_pwm_pkg.egg-info/SOURCES.txt'
[1.680s] writing manifest file 'rc_pwm_pkg.egg-info/SOURCES.txt'
[1.809s] [100%] Built target ament_cmake_python_build_rc_pwm_pkg_egg
[1.849s] Invoked command in '/home/aimaim/rc_ws/build/rc_pwm_pkg' returned '0': /usr/bin/cmake --build /home/aimaim/rc_ws/build/rc_pwm_pkg -- -j4 -l4
[1.888s] Invoking command in '/home/aimaim/rc_ws/build/rc_pwm_pkg': /usr/bin/cmake --install /home/aimaim/rc_ws/build/rc_pwm_pkg
[1.917s] -- Install configuration: ""
[1.918s] -- Up-to-date: /home/aimaim/rc_ws/install/rc_pwm_pkg/share/ament_index/resource_index/rosidl_interfaces/rc_pwm_pkg
[1.918s] -- Up-to-date: /home/aimaim/rc_ws/install/rc_pwm_pkg/include/rc_pwm_pkg/rc_pwm_pkg
[1.918s] -- Up-to-date: /home/aimaim/rc_ws/install/rc_pwm_pkg/include/rc_pwm_pkg/rc_pwm_pkg/msg
[1.919s] -- Up-to-date: /home/aimaim/rc_ws/install/rc_pwm_pkg/include/rc_pwm_pkg/rc_pwm_pkg/msg/pub_pwm.h
[1.919s] -- Up-to-date: /home/aimaim/rc_ws/install/rc_pwm_pkg/include/rc_pwm_pkg/rc_pwm_pkg/msg/pwm.h
[1.920s] -- Up-to-date: /home/aimaim/rc_ws/install/rc_pwm_pkg/include/rc_pwm_pkg/rc_pwm_pkg/msg/rosidl_generator_c__visibility_control.h
[1.920s] -- Up-to-date: /home/aimaim/rc_ws/install/rc_pwm_pkg/include/rc_pwm_pkg/rc_pwm_pkg/msg/detail
[1.921s] -- Up-to-date: /home/aimaim/rc_ws/install/rc_pwm_pkg/include/rc_pwm_pkg/rc_pwm_pkg/msg/detail/pwm__struct.h
[1.921s] -- Up-to-date: /home/aimaim/rc_ws/install/rc_pwm_pkg/include/rc_pwm_pkg/rc_pwm_pkg/msg/detail/pwm__functions.h
[1.921s] -- Up-to-date: /home/aimaim/rc_ws/install/rc_pwm_pkg/include/rc_pwm_pkg/rc_pwm_pkg/msg/detail/pub_pwm__functions.c
[1.922s] -- Up-to-date: /home/aimaim/rc_ws/install/rc_pwm_pkg/include/rc_pwm_pkg/rc_pwm_pkg/msg/detail/pub_pwm__struct.h
[1.922s] -- Up-to-date: /home/aimaim/rc_ws/install/rc_pwm_pkg/include/rc_pwm_pkg/rc_pwm_pkg/msg/detail/pub_pwm__functions.h
[1.922s] -- Up-to-date: /home/aimaim/rc_ws/install/rc_pwm_pkg/include/rc_pwm_pkg/rc_pwm_pkg/msg/detail/pwm__functions.c
[1.923s] -- Up-to-date: /home/aimaim/rc_ws/install/rc_pwm_pkg/include/rc_pwm_pkg/rc_pwm_pkg/msg/detail/pub_pwm__type_support.h
[1.923s] -- Up-to-date: /home/aimaim/rc_ws/install/rc_pwm_pkg/include/rc_pwm_pkg/rc_pwm_pkg/msg/detail/pwm__type_support.h
[1.923s] -- Up-to-date: /home/aimaim/rc_ws/install/rc_pwm_pkg/share/rc_pwm_pkg/environment/library_path.sh
[1.924s] -- Up-to-date: /home/aimaim/rc_ws/install/rc_pwm_pkg/share/rc_pwm_pkg/environment/library_path.dsv
[1.924s] -- Up-to-date: /home/aimaim/rc_ws/install/rc_pwm_pkg/lib/librc_pwm_pkg__rosidl_generator_c.so
[1.924s] -- Up-to-date: /home/aimaim/rc_ws/install/rc_pwm_pkg/include/rc_pwm_pkg/rc_pwm_pkg
[1.925s] -- Up-to-date: /home/aimaim/rc_ws/install/rc_pwm_pkg/include/rc_pwm_pkg/rc_pwm_pkg/msg
[1.925s] -- Up-to-date: /home/aimaim/rc_ws/install/rc_pwm_pkg/include/rc_pwm_pkg/rc_pwm_pkg/msg/rosidl_typesupport_fastrtps_c__visibility_control.h
[1.926s] -- Up-to-date: /home/aimaim/rc_ws/install/rc_pwm_pkg/include/rc_pwm_pkg/rc_pwm_pkg/msg/detail
[1.926s] -- Up-to-date: /home/aimaim/rc_ws/install/rc_pwm_pkg/include/rc_pwm_pkg/rc_pwm_pkg/msg/detail/pub_pwm__rosidl_typesupport_fastrtps_c.h
[1.926s] -- Up-to-date: /home/aimaim/rc_ws/install/rc_pwm_pkg/include/rc_pwm_pkg/rc_pwm_pkg/msg/detail/pwm__rosidl_typesupport_fastrtps_c.h
[1.927s] -- Up-to-date: /home/aimaim/rc_ws/install/rc_pwm_pkg/lib/librc_pwm_pkg__rosidl_typesupport_fastrtps_c.so
[1.928s] -- Up-to-date: /home/aimaim/rc_ws/install/rc_pwm_pkg/include/rc_pwm_pkg/rc_pwm_pkg
[1.929s] -- Up-to-date: /home/aimaim/rc_ws/install/rc_pwm_pkg/include/rc_pwm_pkg/rc_pwm_pkg/msg
[1.929s] -- Up-to-date: /home/aimaim/rc_ws/install/rc_pwm_pkg/include/rc_pwm_pkg/rc_pwm_pkg/msg/detail
[1.930s] -- Up-to-date: /home/aimaim/rc_ws/install/rc_pwm_pkg/include/rc_pwm_pkg/rc_pwm_pkg/msg/detail/pwm__rosidl_typesupport_introspection_c.h
[1.930s] -- Up-to-date: /home/aimaim/rc_ws/install/rc_pwm_pkg/include/rc_pwm_pkg/rc_pwm_pkg/msg/detail/pub_pwm__rosidl_typesupport_introspection_c.h
[1.930s] -- Up-to-date: /home/aimaim/rc_ws/install/rc_pwm_pkg/include/rc_pwm_pkg/rc_pwm_pkg/msg/detail/pwm__type_support.c
[1.931s] -- Up-to-date: /home/aimaim/rc_ws/install/rc_pwm_pkg/include/rc_pwm_pkg/rc_pwm_pkg/msg/detail/pub_pwm__type_support.c
[1.931s] -- Up-to-date: /home/aimaim/rc_ws/install/rc_pwm_pkg/include/rc_pwm_pkg/rc_pwm_pkg/msg/rosidl_typesupport_introspection_c__visibility_control.h
[1.932s] -- Up-to-date: /home/aimaim/rc_ws/install/rc_pwm_pkg/lib/librc_pwm_pkg__rosidl_typesupport_introspection_c.so
[1.933s] -- Up-to-date: /home/aimaim/rc_ws/install/rc_pwm_pkg/lib/librc_pwm_pkg__rosidl_typesupport_c.so
[1.934s] -- Up-to-date: /home/aimaim/rc_ws/install/rc_pwm_pkg/include/rc_pwm_pkg/rc_pwm_pkg
[1.935s] -- Up-to-date: /home/aimaim/rc_ws/install/rc_pwm_pkg/include/rc_pwm_pkg/rc_pwm_pkg/msg
[1.935s] -- Up-to-date: /home/aimaim/rc_ws/install/rc_pwm_pkg/include/rc_pwm_pkg/rc_pwm_pkg/msg/pwm.hpp
[1.936s] -- Up-to-date: /home/aimaim/rc_ws/install/rc_pwm_pkg/include/rc_pwm_pkg/rc_pwm_pkg/msg/pub_pwm.hpp
[1.936s] -- Up-to-date: /home/aimaim/rc_ws/install/rc_pwm_pkg/include/rc_pwm_pkg/rc_pwm_pkg/msg/detail
[1.936s] -- Up-to-date: /home/aimaim/rc_ws/install/rc_pwm_pkg/include/rc_pwm_pkg/rc_pwm_pkg/msg/detail/pub_pwm__builder.hpp
[1.937s] -- Up-to-date: /home/aimaim/rc_ws/install/rc_pwm_pkg/include/rc_pwm_pkg/rc_pwm_pkg/msg/detail/pwm__builder.hpp
[1.937s] -- Up-to-date: /home/aimaim/rc_ws/install/rc_pwm_pkg/include/rc_pwm_pkg/rc_pwm_pkg/msg/detail/pub_pwm__struct.hpp
[1.937s] -- Up-to-date: /home/aimaim/rc_ws/install/rc_pwm_pkg/include/rc_pwm_pkg/rc_pwm_pkg/msg/detail/pub_pwm__type_support.hpp
[1.938s] -- Up-to-date: /home/aimaim/rc_ws/install/rc_pwm_pkg/include/rc_pwm_pkg/rc_pwm_pkg/msg/detail/pwm__traits.hpp
[1.938s] -- Up-to-date: /home/aimaim/rc_ws/install/rc_pwm_pkg/include/rc_pwm_pkg/rc_pwm_pkg/msg/detail/pwm__struct.hpp
[1.939s] -- Up-to-date: /home/aimaim/rc_ws/install/rc_pwm_pkg/include/rc_pwm_pkg/rc_pwm_pkg/msg/detail/pwm__type_support.hpp
[1.939s] -- Up-to-date: /home/aimaim/rc_ws/install/rc_pwm_pkg/include/rc_pwm_pkg/rc_pwm_pkg/msg/detail/pub_pwm__traits.hpp
[1.939s] -- Up-to-date: /home/aimaim/rc_ws/install/rc_pwm_pkg/include/rc_pwm_pkg/rc_pwm_pkg/msg/rosidl_generator_cpp__visibility_control.hpp
[1.940s] -- Up-to-date: /home/aimaim/rc_ws/install/rc_pwm_pkg/include/rc_pwm_pkg/rc_pwm_pkg
[1.940s] -- Up-to-date: /home/aimaim/rc_ws/install/rc_pwm_pkg/include/rc_pwm_pkg/rc_pwm_pkg/msg
[1.941s] -- Up-to-date: /home/aimaim/rc_ws/install/rc_pwm_pkg/include/rc_pwm_pkg/rc_pwm_pkg/msg/rosidl_typesupport_fastrtps_cpp__visibility_control.h
[1.941s] -- Up-to-date: /home/aimaim/rc_ws/install/rc_pwm_pkg/include/rc_pwm_pkg/rc_pwm_pkg/msg/detail
[1.941s] -- Up-to-date: /home/aimaim/rc_ws/install/rc_pwm_pkg/include/rc_pwm_pkg/rc_pwm_pkg/msg/detail/pwm__rosidl_typesupport_fastrtps_cpp.hpp
[1.942s] -- Up-to-date: /home/aimaim/rc_ws/install/rc_pwm_pkg/include/rc_pwm_pkg/rc_pwm_pkg/msg/detail/dds_fastrtps
[1.942s] -- Up-to-date: /home/aimaim/rc_ws/install/rc_pwm_pkg/include/rc_pwm_pkg/rc_pwm_pkg/msg/detail/pub_pwm__rosidl_typesupport_fastrtps_cpp.hpp
[1.942s] -- Up-to-date: /home/aimaim/rc_ws/install/rc_pwm_pkg/lib/librc_pwm_pkg__rosidl_typesupport_fastrtps_cpp.so
[1.943s] -- Up-to-date: /home/aimaim/rc_ws/install/rc_pwm_pkg/include/rc_pwm_pkg/rc_pwm_pkg
[1.943s] -- Up-to-date: /home/aimaim/rc_ws/install/rc_pwm_pkg/include/rc_pwm_pkg/rc_pwm_pkg/msg
[1.944s] -- Up-to-date: /home/aimaim/rc_ws/install/rc_pwm_pkg/include/rc_pwm_pkg/rc_pwm_pkg/msg/detail
[1.944s] -- Up-to-date: /home/aimaim/rc_ws/install/rc_pwm_pkg/include/rc_pwm_pkg/rc_pwm_pkg/msg/detail/pub_pwm__rosidl_typesupport_introspection_cpp.hpp
[1.944s] -- Up-to-date: /home/aimaim/rc_ws/install/rc_pwm_pkg/include/rc_pwm_pkg/rc_pwm_pkg/msg/detail/pub_pwm__type_support.cpp
[1.945s] -- Up-to-date: /home/aimaim/rc_ws/install/rc_pwm_pkg/include/rc_pwm_pkg/rc_pwm_pkg/msg/detail/pwm__rosidl_typesupport_introspection_cpp.hpp
[1.945s] -- Up-to-date: /home/aimaim/rc_ws/install/rc_pwm_pkg/include/rc_pwm_pkg/rc_pwm_pkg/msg/detail/pwm__type_support.cpp
[1.946s] -- Up-to-date: /home/aimaim/rc_ws/install/rc_pwm_pkg/lib/librc_pwm_pkg__rosidl_typesupport_introspection_cpp.so
[1.948s] -- Up-to-date: /home/aimaim/rc_ws/install/rc_pwm_pkg/lib/librc_pwm_pkg__rosidl_typesupport_cpp.so
[1.949s] -- Up-to-date: /home/aimaim/rc_ws/install/rc_pwm_pkg/share/rc_pwm_pkg/environment/pythonpath.sh
[1.949s] -- Up-to-date: /home/aimaim/rc_ws/install/rc_pwm_pkg/share/rc_pwm_pkg/environment/pythonpath.dsv
[1.950s] -- Up-to-date: /home/aimaim/rc_ws/install/rc_pwm_pkg/local/lib/python3.10/dist-packages/rc_pwm_pkg-0.0.0-py3.10.egg-info
[1.950s] -- Installing: /home/aimaim/rc_ws/install/rc_pwm_pkg/local/lib/python3.10/dist-packages/rc_pwm_pkg-0.0.0-py3.10.egg-info/PKG-INFO
[1.951s] -- Installing: /home/aimaim/rc_ws/install/rc_pwm_pkg/local/lib/python3.10/dist-packages/rc_pwm_pkg-0.0.0-py3.10.egg-info/top_level.txt
[1.952s] -- Installing: /home/aimaim/rc_ws/install/rc_pwm_pkg/local/lib/python3.10/dist-packages/rc_pwm_pkg-0.0.0-py3.10.egg-info/SOURCES.txt
[1.953s] -- Installing: /home/aimaim/rc_ws/install/rc_pwm_pkg/local/lib/python3.10/dist-packages/rc_pwm_pkg-0.0.0-py3.10.egg-info/dependency_links.txt
[1.955s] -- Up-to-date: /home/aimaim/rc_ws/install/rc_pwm_pkg/local/lib/python3.10/dist-packages/rc_pwm_pkg
[1.955s] -- Up-to-date: /home/aimaim/rc_ws/install/rc_pwm_pkg/local/lib/python3.10/dist-packages/rc_pwm_pkg/rc_pwm_pkg_s__rosidl_typesupport_introspection_c.cpython-310-aarch64-linux-gnu.so
[1.955s] -- Up-to-date: /home/aimaim/rc_ws/install/rc_pwm_pkg/local/lib/python3.10/dist-packages/rc_pwm_pkg/__init__.py
[1.956s] -- Up-to-date: /home/aimaim/rc_ws/install/rc_pwm_pkg/local/lib/python3.10/dist-packages/rc_pwm_pkg/rc_pwm_pkg_s__rosidl_typesupport_fastrtps_c.cpython-310-aarch64-linux-gnu.so
[1.956s] -- Up-to-date: /home/aimaim/rc_ws/install/rc_pwm_pkg/local/lib/python3.10/dist-packages/rc_pwm_pkg/_rc_pwm_pkg_s.ep.rosidl_typesupport_c.c
[1.957s] -- Up-to-date: /home/aimaim/rc_ws/install/rc_pwm_pkg/local/lib/python3.10/dist-packages/rc_pwm_pkg/_rc_pwm_pkg_s.ep.rosidl_typesupport_introspection_c.c
[1.957s] -- Up-to-date: /home/aimaim/rc_ws/install/rc_pwm_pkg/local/lib/python3.10/dist-packages/rc_pwm_pkg/rc_pwm_pkg_s__rosidl_typesupport_c.cpython-310-aarch64-linux-gnu.so
[1.957s] -- Up-to-date: /home/aimaim/rc_ws/install/rc_pwm_pkg/local/lib/python3.10/dist-packages/rc_pwm_pkg/msg
[1.958s] -- Up-to-date: /home/aimaim/rc_ws/install/rc_pwm_pkg/local/lib/python3.10/dist-packages/rc_pwm_pkg/msg/__init__.py
[1.958s] -- Up-to-date: /home/aimaim/rc_ws/install/rc_pwm_pkg/local/lib/python3.10/dist-packages/rc_pwm_pkg/msg/_pwm_s.c
[1.958s] -- Up-to-date: /home/aimaim/rc_ws/install/rc_pwm_pkg/local/lib/python3.10/dist-packages/rc_pwm_pkg/msg/_pwm.py
[1.959s] -- Up-to-date: /home/aimaim/rc_ws/install/rc_pwm_pkg/local/lib/python3.10/dist-packages/rc_pwm_pkg/msg/_pub_pwm_s.c
[1.959s] -- Up-to-date: /home/aimaim/rc_ws/install/rc_pwm_pkg/local/lib/python3.10/dist-packages/rc_pwm_pkg/msg/_pub_pwm.py
[1.960s] -- Up-to-date: /home/aimaim/rc_ws/install/rc_pwm_pkg/local/lib/python3.10/dist-packages/rc_pwm_pkg/librc_pwm_pkg__rosidl_generator_py.so
[1.960s] -- Up-to-date: /home/aimaim/rc_ws/install/rc_pwm_pkg/local/lib/python3.10/dist-packages/rc_pwm_pkg/_rc_pwm_pkg_s.ep.rosidl_typesupport_fastrtps_c.c
[2.093s] Listing '/home/aimaim/rc_ws/install/rc_pwm_pkg/local/lib/python3.10/dist-packages/rc_pwm_pkg'...
[2.094s] Listing '/home/aimaim/rc_ws/install/rc_pwm_pkg/local/lib/python3.10/dist-packages/rc_pwm_pkg/msg'...
[2.117s] -- Up-to-date: /home/aimaim/rc_ws/install/rc_pwm_pkg/local/lib/python3.10/dist-packages/rc_pwm_pkg/rc_pwm_pkg_s__rosidl_typesupport_fastrtps_c.cpython-310-aarch64-linux-gnu.so
[2.119s] -- Up-to-date: /home/aimaim/rc_ws/install/rc_pwm_pkg/local/lib/python3.10/dist-packages/rc_pwm_pkg/rc_pwm_pkg_s__rosidl_typesupport_introspection_c.cpython-310-aarch64-linux-gnu.so
[2.121s] -- Up-to-date: /home/aimaim/rc_ws/install/rc_pwm_pkg/local/lib/python3.10/dist-packages/rc_pwm_pkg/rc_pwm_pkg_s__rosidl_typesupport_c.cpython-310-aarch64-linux-gnu.so
[2.123s] -- Up-to-date: /home/aimaim/rc_ws/install/rc_pwm_pkg/lib/librc_pwm_pkg__rosidl_generator_py.so
[2.124s] -- Up-to-date: /home/aimaim/rc_ws/install/rc_pwm_pkg/share/rc_pwm_pkg/msg/Pwm.idl
[2.125s] -- Up-to-date: /home/aimaim/rc_ws/install/rc_pwm_pkg/share/rc_pwm_pkg/msg/PubPwm.idl
[2.125s] -- Up-to-date: /home/aimaim/rc_ws/install/rc_pwm_pkg/share/rc_pwm_pkg/msg/Pwm.msg
[2.125s] -- Up-to-date: /home/aimaim/rc_ws/install/rc_pwm_pkg/share/rc_pwm_pkg/msg/PubPwm.msg
[2.126s] -- Up-to-date: /home/aimaim/rc_ws/install/rc_pwm_pkg/share/ament_index/resource_index/package_run_dependencies/rc_pwm_pkg
[2.126s] -- Up-to-date: /home/aimaim/rc_ws/install/rc_pwm_pkg/share/ament_index/resource_index/parent_prefix_path/rc_pwm_pkg
[2.127s] -- Up-to-date: /home/aimaim/rc_ws/install/rc_pwm_pkg/share/rc_pwm_pkg/environment/ament_prefix_path.sh
[2.127s] -- Up-to-date: /home/aimaim/rc_ws/install/rc_pwm_pkg/share/rc_pwm_pkg/environment/ament_prefix_path.dsv
[2.128s] -- Up-to-date: /home/aimaim/rc_ws/install/rc_pwm_pkg/share/rc_pwm_pkg/environment/path.sh
[2.128s] -- Up-to-date: /home/aimaim/rc_ws/install/rc_pwm_pkg/share/rc_pwm_pkg/environment/path.dsv
[2.129s] -- Up-to-date: /home/aimaim/rc_ws/install/rc_pwm_pkg/share/rc_pwm_pkg/local_setup.bash
[2.129s] -- Up-to-date: /home/aimaim/rc_ws/install/rc_pwm_pkg/share/rc_pwm_pkg/local_setup.sh
[2.129s] -- Up-to-date: /home/aimaim/rc_ws/install/rc_pwm_pkg/share/rc_pwm_pkg/local_setup.zsh
[2.130s] -- Up-to-date: /home/aimaim/rc_ws/install/rc_pwm_pkg/share/rc_pwm_pkg/local_setup.dsv
[2.130s] -- Installing: /home/aimaim/rc_ws/install/rc_pwm_pkg/share/rc_pwm_pkg/package.dsv
[2.131s] -- Up-to-date: /home/aimaim/rc_ws/install/rc_pwm_pkg/share/ament_index/resource_index/packages/rc_pwm_pkg
[2.131s] -- Up-to-date: /home/aimaim/rc_ws/install/rc_pwm_pkg/share/rc_pwm_pkg/cmake/export_rc_pwm_pkg__rosidl_generator_cExport.cmake
[2.132s] -- Up-to-date: /home/aimaim/rc_ws/install/rc_pwm_pkg/share/rc_pwm_pkg/cmake/export_rc_pwm_pkg__rosidl_generator_cExport-noconfig.cmake
[2.132s] -- Up-to-date: /home/aimaim/rc_ws/install/rc_pwm_pkg/share/rc_pwm_pkg/cmake/export_rc_pwm_pkg__rosidl_typesupport_fastrtps_cExport.cmake
[2.133s] -- Up-to-date: /home/aimaim/rc_ws/install/rc_pwm_pkg/share/rc_pwm_pkg/cmake/export_rc_pwm_pkg__rosidl_typesupport_fastrtps_cExport-noconfig.cmake
[2.134s] -- Up-to-date: /home/aimaim/rc_ws/install/rc_pwm_pkg/share/rc_pwm_pkg/cmake/rc_pwm_pkg__rosidl_typesupport_introspection_cExport.cmake
[2.134s] -- Up-to-date: /home/aimaim/rc_ws/install/rc_pwm_pkg/share/rc_pwm_pkg/cmake/rc_pwm_pkg__rosidl_typesupport_introspection_cExport-noconfig.cmake
[2.135s] -- Up-to-date: /home/aimaim/rc_ws/install/rc_pwm_pkg/share/rc_pwm_pkg/cmake/rc_pwm_pkg__rosidl_typesupport_cExport.cmake
[2.135s] -- Up-to-date: /home/aimaim/rc_ws/install/rc_pwm_pkg/share/rc_pwm_pkg/cmake/rc_pwm_pkg__rosidl_typesupport_cExport-noconfig.cmake
[2.136s] -- Up-to-date: /home/aimaim/rc_ws/install/rc_pwm_pkg/share/rc_pwm_pkg/cmake/export_rc_pwm_pkg__rosidl_generator_cppExport.cmake
[2.137s] -- Up-to-date: /home/aimaim/rc_ws/install/rc_pwm_pkg/share/rc_pwm_pkg/cmake/export_rc_pwm_pkg__rosidl_typesupport_fastrtps_cppExport.cmake
[2.137s] -- Up-to-date: /home/aimaim/rc_ws/install/rc_pwm_pkg/share/rc_pwm_pkg/cmake/export_rc_pwm_pkg__rosidl_typesupport_fastrtps_cppExport-noconfig.cmake
[2.138s] -- Up-to-date: /home/aimaim/rc_ws/install/rc_pwm_pkg/share/rc_pwm_pkg/cmake/rc_pwm_pkg__rosidl_typesupport_introspection_cppExport.cmake
[2.139s] -- Up-to-date: /home/aimaim/rc_ws/install/rc_pwm_pkg/share/rc_pwm_pkg/cmake/rc_pwm_pkg__rosidl_typesupport_introspection_cppExport-noconfig.cmake
[2.139s] -- Up-to-date: /home/aimaim/rc_ws/install/rc_pwm_pkg/share/rc_pwm_pkg/cmake/rc_pwm_pkg__rosidl_typesupport_cppExport.cmake
[2.140s] -- Up-to-date: /home/aimaim/rc_ws/install/rc_pwm_pkg/share/rc_pwm_pkg/cmake/rc_pwm_pkg__rosidl_typesupport_cppExport-noconfig.cmake
[2.140s] -- Up-to-date: /home/aimaim/rc_ws/install/rc_pwm_pkg/share/rc_pwm_pkg/cmake/export_rc_pwm_pkg__rosidl_generator_pyExport.cmake
[2.141s] -- Up-to-date: /home/aimaim/rc_ws/install/rc_pwm_pkg/share/rc_pwm_pkg/cmake/export_rc_pwm_pkg__rosidl_generator_pyExport-noconfig.cmake
[2.141s] -- Up-to-date: /home/aimaim/rc_ws/install/rc_pwm_pkg/share/rc_pwm_pkg/cmake/rosidl_cmake-extras.cmake
[2.142s] -- Up-to-date: /home/aimaim/rc_ws/install/rc_pwm_pkg/share/rc_pwm_pkg/cmake/ament_cmake_export_include_directories-extras.cmake
[2.142s] -- Up-to-date: /home/aimaim/rc_ws/install/rc_pwm_pkg/share/rc_pwm_pkg/cmake/ament_cmake_export_libraries-extras.cmake
[2.143s] -- Up-to-date: /home/aimaim/rc_ws/install/rc_pwm_pkg/share/rc_pwm_pkg/cmake/ament_cmake_export_targets-extras.cmake
[2.143s] -- Up-to-date: /home/aimaim/rc_ws/install/rc_pwm_pkg/share/rc_pwm_pkg/cmake/rosidl_cmake_export_typesupport_targets-extras.cmake
[2.144s] -- Up-to-date: /home/aimaim/rc_ws/install/rc_pwm_pkg/share/rc_pwm_pkg/cmake/ament_cmake_export_dependencies-extras.cmake
[2.144s] -- Up-to-date: /home/aimaim/rc_ws/install/rc_pwm_pkg/share/rc_pwm_pkg/cmake/rosidl_cmake_export_typesupport_libraries-extras.cmake
[2.144s] -- Up-to-date: /home/aimaim/rc_ws/install/rc_pwm_pkg/share/rc_pwm_pkg/cmake/rc_pwm_pkgConfig.cmake
[2.145s] -- Up-to-date: /home/aimaim/rc_ws/install/rc_pwm_pkg/share/rc_pwm_pkg/cmake/rc_pwm_pkgConfig-version.cmake
[2.145s] -- Up-to-date: /home/aimaim/rc_ws/install/rc_pwm_pkg/share/rc_pwm_pkg/package.xml
[2.152s] Invoked command in '/home/aimaim/rc_ws/build/rc_pwm_pkg' returned '0': /usr/bin/cmake --install /home/aimaim/rc_ws/build/rc_pwm_pkg
