[0.093s] Invoking command in '/home/aimaim/rc_ws/build/rc_pwm_pkg': /usr/bin/cmake /home/aimaim/rc_ws/src/rc_pwm_pkg -DCMAKE_INSTALL_PREFIX=/home/aimaim/rc_ws/install/rc_pwm_pkg
[1.179s] -- The C compiler identification is GNU 11.4.0
[1.867s] -- The CXX compiler identification is GNU 11.4.0
[1.912s] -- Detecting C compiler ABI info
[2.360s] -- Detecting C compiler ABI info - done
[2.388s] -- Check for working C compiler: /usr/bin/cc - skipped
[2.390s] -- Detecting C compile features
[2.392s] -- Detecting C compile features - done
[2.407s] -- Detecting CXX compiler ABI info
[2.758s] -- Detecting CXX compiler ABI info - done
[2.787s] -- Check for working CXX compiler: /usr/bin/c++ - skipped
[2.788s] -- Detecting CXX compile features
[2.790s] -- Detecting CXX compile features - done
[2.836s] -- Found ament_cmake: 1.3.11 (/home/aimaim/ros2_humble/ros2-linux/share/ament_cmake/cmake)
[3.572s] -- Found Python3: /usr/bin/python3 (found version "3.10.12") found components: Interpreter 
[4.192s] -- Found ament_lint_auto: 0.12.11 (/home/aimaim/ros2_humble/ros2-linux/share/ament_lint_auto/cmake)
[4.639s] -- Found rosidl_default_generators: 1.2.0 (/home/aimaim/ros2_humble/ros2-linux/share/rosidl_default_generators/cmake)
[4.669s] -- Using all available rosidl_typesupport_c: rosidl_typesupport_fastrtps_c;rosidl_typesupport_introspection_c
[4.742s] -- Found rosidl_adapter: 3.1.6 (/home/aimaim/ros2_humble/ros2-linux/share/rosidl_adapter/cmake)
[5.112s] -- Using all available rosidl_typesupport_cpp: rosidl_typesupport_fastrtps_cpp;rosidl_typesupport_introspection_cpp
[6.185s] -- Found ament_cmake_ros: 0.10.0 (/home/aimaim/ros2_humble/ros2-linux/share/ament_cmake_ros/cmake)
[7.060s] -- Using all available rosidl_typesupport_c: rosidl_typesupport_fastrtps_c;rosidl_typesupport_introspection_c
[8.159s] -- Using all available rosidl_typesupport_cpp: rosidl_typesupport_fastrtps_cpp;rosidl_typesupport_introspection_cpp
[8.266s] -- Found PythonInterp: /usr/bin/python3 (found suitable version "3.10.12", minimum required is "3.6") 
[8.289s] -- Found python_cmake_module: 0.10.0 (/home/aimaim/ros2_humble/ros2-linux/share/python_cmake_module/cmake)
[8.412s] -- Found PythonLibs: /usr/lib/aarch64-linux-gnu/libpython3.10.so (found suitable version "3.10.12", minimum required is "3.5") 
[8.413s] -- Using PYTHON_EXECUTABLE: /usr/bin/python3
[8.413s] -- Using PYTHON_INCLUDE_DIRS: /usr/include/python3.10
[8.414s] -- Using PYTHON_LIBRARIES: /usr/lib/aarch64-linux-gnu/libpython3.10.so
[8.515s] -- Found PythonExtra: .so  
[8.697s] -- Added test 'lint_cmake' to check CMake code style
[8.708s] -- Added test 'xmllint' to check XML markup files
[8.747s] -- Configuring done
[8.904s] -- Generating done
[8.944s] -- Build files have been written to: /home/aimaim/rc_ws/build/rc_pwm_pkg
[8.965s] Invoked command in '/home/aimaim/rc_ws/build/rc_pwm_pkg' returned '0': /usr/bin/cmake /home/aimaim/rc_ws/src/rc_pwm_pkg -DCMAKE_INSTALL_PREFIX=/home/aimaim/rc_ws/install/rc_pwm_pkg
[8.973s] Invoking command in '/home/aimaim/rc_ws/build/rc_pwm_pkg': /usr/bin/cmake --build /home/aimaim/rc_ws/build/rc_pwm_pkg -- -j4 -l4
[9.135s] [  2%] [34m[1mGenerating C code for ROS interfaces[0m
[9.182s] [  5%] [34m[1mGenerating C++ code for ROS interfaces[0m
[9.217s] [  5%] Built target ament_cmake_python_copy_rc_pwm_pkg
[10.696s] [  5%] Built target rc_pwm_pkg__cpp
[10.747s] [  7%] [34m[1mGenerating C++ type support for eProsima Fast-RTPS[0m
[10.767s] [ 10%] [34m[1mGenerating C++ introspection for ROS interfaces[0m
[10.835s] [ 12%] [32mBuilding C object CMakeFiles/rc_pwm_pkg__rosidl_generator_c.dir/rosidl_generator_c/rc_pwm_pkg/msg/detail/pwm__functions.c.o[0m
[10.993s] running egg_info
[10.997s] creating rc_pwm_pkg.egg-info
[10.998s] writing rc_pwm_pkg.egg-info/PKG-INFO
[10.999s] writing dependency_links to rc_pwm_pkg.egg-info/dependency_links.txt
[11.001s] writing top-level names to rc_pwm_pkg.egg-info/top_level.txt
[11.003s] writing manifest file 'rc_pwm_pkg.egg-info/SOURCES.txt'
[11.018s] reading manifest file 'rc_pwm_pkg.egg-info/SOURCES.txt'
[11.022s] writing manifest file 'rc_pwm_pkg.egg-info/SOURCES.txt'
[11.217s] [ 12%] Built target ament_cmake_python_build_rc_pwm_pkg_egg
[11.268s] [ 15%] [34m[1mGenerating C++ type support dispatch for ROS interfaces[0m
[11.273s] [ 17%] [32mBuilding C object CMakeFiles/rc_pwm_pkg__rosidl_generator_c.dir/rosidl_generator_c/rc_pwm_pkg/msg/detail/pub_pwm__functions.c.o[0m
[11.538s] [ 20%] [32m[1mLinking C shared library librc_pwm_pkg__rosidl_generator_c.so[0m
[11.735s] [ 20%] Built target rc_pwm_pkg__rosidl_generator_c
[11.782s] [ 23%] [34m[1mGenerating C type support for eProsima Fast-RTPS[0m
[12.314s] [ 25%] [32mBuilding CXX object CMakeFiles/rc_pwm_pkg__rosidl_typesupport_introspection_cpp.dir/rosidl_typesupport_introspection_cpp/rc_pwm_pkg/msg/detail/pwm__type_support.cpp.o[0m
[12.388s] [ 28%] [32mBuilding CXX object CMakeFiles/rc_pwm_pkg__rosidl_typesupport_fastrtps_cpp.dir/rosidl_typesupport_fastrtps_cpp/rc_pwm_pkg/msg/detail/dds_fastrtps/pwm__type_support.cpp.o[0m
[12.657s] [ 30%] [32mBuilding CXX object CMakeFiles/rc_pwm_pkg__rosidl_typesupport_cpp.dir/rosidl_typesupport_cpp/rc_pwm_pkg/msg/pwm__type_support.cpp.o[0m
[13.383s] [ 33%] [32mBuilding CXX object CMakeFiles/rc_pwm_pkg__rosidl_typesupport_fastrtps_c.dir/rosidl_typesupport_fastrtps_c/rc_pwm_pkg/msg/detail/pwm__type_support_c.cpp.o[0m
[14.366s] [ 35%] [32mBuilding CXX object CMakeFiles/rc_pwm_pkg__rosidl_typesupport_cpp.dir/rosidl_typesupport_cpp/rc_pwm_pkg/msg/pub_pwm__type_support.cpp.o[0m
[14.933s] [ 38%] [32mBuilding CXX object CMakeFiles/rc_pwm_pkg__rosidl_typesupport_introspection_cpp.dir/rosidl_typesupport_introspection_cpp/rc_pwm_pkg/msg/detail/pub_pwm__type_support.cpp.o[0m
[15.038s] [ 41%] [32mBuilding CXX object CMakeFiles/rc_pwm_pkg__rosidl_typesupport_fastrtps_cpp.dir/rosidl_typesupport_fastrtps_cpp/rc_pwm_pkg/msg/detail/dds_fastrtps/pub_pwm__type_support.cpp.o[0m
[15.871s] [ 43%] [32mBuilding CXX object CMakeFiles/rc_pwm_pkg__rosidl_typesupport_fastrtps_c.dir/rosidl_typesupport_fastrtps_c/rc_pwm_pkg/msg/detail/pub_pwm__type_support_c.cpp.o[0m
[16.062s] [ 46%] [32m[1mLinking CXX shared library librc_pwm_pkg__rosidl_typesupport_cpp.so[0m
[16.270s] [ 46%] Built target rc_pwm_pkg__rosidl_typesupport_cpp
[16.322s] [ 48%] [34m[1mGenerating C introspection for ROS interfaces[0m
[17.423s] [ 51%] [32m[1mLinking CXX shared library librc_pwm_pkg__rosidl_typesupport_introspection_cpp.so[0m
[17.642s] [ 51%] Built target rc_pwm_pkg__rosidl_typesupport_introspection_cpp
[17.696s] [ 53%] [34m[1mGenerating C type support dispatch for ROS interfaces[0m
[17.715s] [ 56%] [32m[1mLinking CXX shared library librc_pwm_pkg__rosidl_typesupport_fastrtps_cpp.so[0m
[18.133s] [ 58%] [32mBuilding C object CMakeFiles/rc_pwm_pkg__rosidl_typesupport_introspection_c.dir/rosidl_typesupport_introspection_c/rc_pwm_pkg/msg/detail/pwm__type_support.c.o[0m
[18.202s] [ 58%] Built target rc_pwm_pkg__rosidl_typesupport_fastrtps_cpp
[18.241s] [ 61%] [32mBuilding C object CMakeFiles/rc_pwm_pkg__rosidl_typesupport_introspection_c.dir/rosidl_typesupport_introspection_c/rc_pwm_pkg/msg/detail/pub_pwm__type_support.c.o[0m
[18.316s] [ 64%] [32m[1mLinking CXX shared library librc_pwm_pkg__rosidl_typesupport_fastrtps_c.so[0m
[18.431s] [ 66%] [32m[1mLinking C shared library librc_pwm_pkg__rosidl_typesupport_introspection_c.so[0m
[18.594s] [ 66%] Built target rc_pwm_pkg__rosidl_typesupport_introspection_c
[18.682s] [ 66%] Built target rc_pwm_pkg__rosidl_typesupport_fastrtps_c
[19.036s] [ 69%] [32mBuilding CXX object CMakeFiles/rc_pwm_pkg__rosidl_typesupport_c.dir/rosidl_typesupport_c/rc_pwm_pkg/msg/pwm__type_support.cpp.o[0m
[19.038s] [ 71%] [32mBuilding CXX object CMakeFiles/rc_pwm_pkg__rosidl_typesupport_c.dir/rosidl_typesupport_c/rc_pwm_pkg/msg/pub_pwm__type_support.cpp.o[0m
[19.179s] [ 74%] [32m[1mLinking CXX shared library librc_pwm_pkg__rosidl_typesupport_c.so[0m
[19.334s] [ 74%] Built target rc_pwm_pkg__rosidl_typesupport_c
[19.419s] [ 74%] Built target rc_pwm_pkg
[19.504s] [ 76%] [34m[1mGenerating Python code for ROS interfaces[0m
[20.940s] [ 76%] Built target rc_pwm_pkg__py
[21.025s] [ 79%] [32mBuilding C object CMakeFiles/rc_pwm_pkg__rosidl_generator_py.dir/rosidl_generator_py/rc_pwm_pkg/msg/_pwm_s.c.o[0m
[21.026s] [ 82%] [32mBuilding C object CMakeFiles/rc_pwm_pkg__rosidl_generator_py.dir/rosidl_generator_py/rc_pwm_pkg/msg/_pub_pwm_s.c.o[0m
[21.609s] [ 84%] [32m[1mLinking C shared library rosidl_generator_py/rc_pwm_pkg/librc_pwm_pkg__rosidl_generator_py.so[0m
[21.781s] [ 84%] Built target rc_pwm_pkg__rosidl_generator_py
[21.870s] [ 87%] [32mBuilding C object CMakeFiles/rc_pwm_pkg__rosidl_typesupport_fastrtps_c__pyext.dir/rosidl_generator_py/rc_pwm_pkg/_rc_pwm_pkg_s.ep.rosidl_typesupport_fastrtps_c.c.o[0m
[21.872s] [ 89%] [32mBuilding C object CMakeFiles/rc_pwm_pkg__rosidl_typesupport_introspection_c__pyext.dir/rosidl_generator_py/rc_pwm_pkg/_rc_pwm_pkg_s.ep.rosidl_typesupport_introspection_c.c.o[0m
[21.875s] [ 92%] [32mBuilding C object CMakeFiles/rc_pwm_pkg__rosidl_typesupport_c__pyext.dir/rosidl_generator_py/rc_pwm_pkg/_rc_pwm_pkg_s.ep.rosidl_typesupport_c.c.o[0m
[22.341s] [ 94%] [32m[1mLinking C shared library rosidl_generator_py/rc_pwm_pkg/rc_pwm_pkg_s__rosidl_typesupport_c.cpython-310-aarch64-linux-gnu.so[0m
[22.375s] [ 97%] [32m[1mLinking C shared library rosidl_generator_py/rc_pwm_pkg/rc_pwm_pkg_s__rosidl_typesupport_introspection_c.cpython-310-aarch64-linux-gnu.so[0m
[22.425s] [100%] [32m[1mLinking C shared library rosidl_generator_py/rc_pwm_pkg/rc_pwm_pkg_s__rosidl_typesupport_fastrtps_c.cpython-310-aarch64-linux-gnu.so[0m
[22.512s] [100%] Built target rc_pwm_pkg__rosidl_typesupport_c__pyext
[22.550s] [100%] Built target rc_pwm_pkg__rosidl_typesupport_introspection_c__pyext
[22.599s] [100%] Built target rc_pwm_pkg__rosidl_typesupport_fastrtps_c__pyext
[22.640s] Invoked command in '/home/aimaim/rc_ws/build/rc_pwm_pkg' returned '0': /usr/bin/cmake --build /home/aimaim/rc_ws/build/rc_pwm_pkg -- -j4 -l4
[22.681s] Invoking command in '/home/aimaim/rc_ws/build/rc_pwm_pkg': /usr/bin/cmake --install /home/aimaim/rc_ws/build/rc_pwm_pkg
[22.710s] -- Install configuration: ""
[22.711s] -- Installing: /home/aimaim/rc_ws/install/rc_pwm_pkg/share/ament_index/resource_index/rosidl_interfaces/rc_pwm_pkg
[22.713s] -- Installing: /home/aimaim/rc_ws/install/rc_pwm_pkg/include/rc_pwm_pkg/rc_pwm_pkg
[22.713s] -- Installing: /home/aimaim/rc_ws/install/rc_pwm_pkg/include/rc_pwm_pkg/rc_pwm_pkg/msg
[22.714s] -- Installing: /home/aimaim/rc_ws/install/rc_pwm_pkg/include/rc_pwm_pkg/rc_pwm_pkg/msg/pub_pwm.h
[22.715s] -- Installing: /home/aimaim/rc_ws/install/rc_pwm_pkg/include/rc_pwm_pkg/rc_pwm_pkg/msg/pwm.h
[22.716s] -- Installing: /home/aimaim/rc_ws/install/rc_pwm_pkg/include/rc_pwm_pkg/rc_pwm_pkg/msg/rosidl_generator_c__visibility_control.h
[22.717s] -- Installing: /home/aimaim/rc_ws/install/rc_pwm_pkg/include/rc_pwm_pkg/rc_pwm_pkg/msg/detail
[22.717s] -- Installing: /home/aimaim/rc_ws/install/rc_pwm_pkg/include/rc_pwm_pkg/rc_pwm_pkg/msg/detail/pwm__struct.h
[22.718s] -- Installing: /home/aimaim/rc_ws/install/rc_pwm_pkg/include/rc_pwm_pkg/rc_pwm_pkg/msg/detail/pwm__functions.h
[22.719s] -- Installing: /home/aimaim/rc_ws/install/rc_pwm_pkg/include/rc_pwm_pkg/rc_pwm_pkg/msg/detail/pub_pwm__functions.c
[22.720s] -- Installing: /home/aimaim/rc_ws/install/rc_pwm_pkg/include/rc_pwm_pkg/rc_pwm_pkg/msg/detail/pub_pwm__struct.h
[22.721s] -- Installing: /home/aimaim/rc_ws/install/rc_pwm_pkg/include/rc_pwm_pkg/rc_pwm_pkg/msg/detail/pub_pwm__functions.h
[22.722s] -- Installing: /home/aimaim/rc_ws/install/rc_pwm_pkg/include/rc_pwm_pkg/rc_pwm_pkg/msg/detail/pwm__functions.c
[22.724s] -- Installing: /home/aimaim/rc_ws/install/rc_pwm_pkg/include/rc_pwm_pkg/rc_pwm_pkg/msg/detail/pub_pwm__type_support.h
[22.724s] -- Installing: /home/aimaim/rc_ws/install/rc_pwm_pkg/include/rc_pwm_pkg/rc_pwm_pkg/msg/detail/pwm__type_support.h
[22.726s] -- Installing: /home/aimaim/rc_ws/install/rc_pwm_pkg/share/rc_pwm_pkg/environment/library_path.sh
[22.728s] -- Installing: /home/aimaim/rc_ws/install/rc_pwm_pkg/share/rc_pwm_pkg/environment/library_path.dsv
[22.729s] -- Installing: /home/aimaim/rc_ws/install/rc_pwm_pkg/lib/librc_pwm_pkg__rosidl_generator_c.so
[22.731s] -- Set runtime path of "/home/aimaim/rc_ws/install/rc_pwm_pkg/lib/librc_pwm_pkg__rosidl_generator_c.so" to ""
[22.732s] -- Up-to-date: /home/aimaim/rc_ws/install/rc_pwm_pkg/include/rc_pwm_pkg/rc_pwm_pkg
[22.732s] -- Up-to-date: /home/aimaim/rc_ws/install/rc_pwm_pkg/include/rc_pwm_pkg/rc_pwm_pkg/msg
[22.732s] -- Installing: /home/aimaim/rc_ws/install/rc_pwm_pkg/include/rc_pwm_pkg/rc_pwm_pkg/msg/rosidl_typesupport_fastrtps_c__visibility_control.h
[22.734s] -- Up-to-date: /home/aimaim/rc_ws/install/rc_pwm_pkg/include/rc_pwm_pkg/rc_pwm_pkg/msg/detail
[22.734s] -- Installing: /home/aimaim/rc_ws/install/rc_pwm_pkg/include/rc_pwm_pkg/rc_pwm_pkg/msg/detail/pub_pwm__rosidl_typesupport_fastrtps_c.h
[22.735s] -- Installing: /home/aimaim/rc_ws/install/rc_pwm_pkg/include/rc_pwm_pkg/rc_pwm_pkg/msg/detail/pwm__rosidl_typesupport_fastrtps_c.h
[22.737s] -- Installing: /home/aimaim/rc_ws/install/rc_pwm_pkg/lib/librc_pwm_pkg__rosidl_typesupport_fastrtps_c.so
[22.739s] -- Set runtime path of "/home/aimaim/rc_ws/install/rc_pwm_pkg/lib/librc_pwm_pkg__rosidl_typesupport_fastrtps_c.so" to ""
[22.740s] -- Up-to-date: /home/aimaim/rc_ws/install/rc_pwm_pkg/include/rc_pwm_pkg/rc_pwm_pkg
[22.740s] -- Up-to-date: /home/aimaim/rc_ws/install/rc_pwm_pkg/include/rc_pwm_pkg/rc_pwm_pkg/msg
[22.741s] -- Up-to-date: /home/aimaim/rc_ws/install/rc_pwm_pkg/include/rc_pwm_pkg/rc_pwm_pkg/msg/detail
[22.741s] -- Installing: /home/aimaim/rc_ws/install/rc_pwm_pkg/include/rc_pwm_pkg/rc_pwm_pkg/msg/detail/pwm__rosidl_typesupport_introspection_c.h
[22.742s] -- Installing: /home/aimaim/rc_ws/install/rc_pwm_pkg/include/rc_pwm_pkg/rc_pwm_pkg/msg/detail/pub_pwm__rosidl_typesupport_introspection_c.h
[22.743s] -- Installing: /home/aimaim/rc_ws/install/rc_pwm_pkg/include/rc_pwm_pkg/rc_pwm_pkg/msg/detail/pwm__type_support.c
[22.744s] -- Installing: /home/aimaim/rc_ws/install/rc_pwm_pkg/include/rc_pwm_pkg/rc_pwm_pkg/msg/detail/pub_pwm__type_support.c
[22.745s] -- Installing: /home/aimaim/rc_ws/install/rc_pwm_pkg/include/rc_pwm_pkg/rc_pwm_pkg/msg/rosidl_typesupport_introspection_c__visibility_control.h
[22.746s] -- Installing: /home/aimaim/rc_ws/install/rc_pwm_pkg/lib/librc_pwm_pkg__rosidl_typesupport_introspection_c.so
[22.749s] -- Set runtime path of "/home/aimaim/rc_ws/install/rc_pwm_pkg/lib/librc_pwm_pkg__rosidl_typesupport_introspection_c.so" to ""
[22.749s] -- Installing: /home/aimaim/rc_ws/install/rc_pwm_pkg/lib/librc_pwm_pkg__rosidl_typesupport_c.so
[22.751s] -- Set runtime path of "/home/aimaim/rc_ws/install/rc_pwm_pkg/lib/librc_pwm_pkg__rosidl_typesupport_c.so" to ""
[22.752s] -- Up-to-date: /home/aimaim/rc_ws/install/rc_pwm_pkg/include/rc_pwm_pkg/rc_pwm_pkg
[22.752s] -- Up-to-date: /home/aimaim/rc_ws/install/rc_pwm_pkg/include/rc_pwm_pkg/rc_pwm_pkg/msg
[22.752s] -- Installing: /home/aimaim/rc_ws/install/rc_pwm_pkg/include/rc_pwm_pkg/rc_pwm_pkg/msg/pwm.hpp
[22.753s] -- Installing: /home/aimaim/rc_ws/install/rc_pwm_pkg/include/rc_pwm_pkg/rc_pwm_pkg/msg/pub_pwm.hpp
[22.754s] -- Up-to-date: /home/aimaim/rc_ws/install/rc_pwm_pkg/include/rc_pwm_pkg/rc_pwm_pkg/msg/detail
[22.754s] -- Installing: /home/aimaim/rc_ws/install/rc_pwm_pkg/include/rc_pwm_pkg/rc_pwm_pkg/msg/detail/pub_pwm__builder.hpp
[22.755s] -- Installing: /home/aimaim/rc_ws/install/rc_pwm_pkg/include/rc_pwm_pkg/rc_pwm_pkg/msg/detail/pwm__builder.hpp
[22.756s] -- Installing: /home/aimaim/rc_ws/install/rc_pwm_pkg/include/rc_pwm_pkg/rc_pwm_pkg/msg/detail/pub_pwm__struct.hpp
[22.757s] -- Installing: /home/aimaim/rc_ws/install/rc_pwm_pkg/include/rc_pwm_pkg/rc_pwm_pkg/msg/detail/pub_pwm__type_support.hpp
[22.758s] -- Installing: /home/aimaim/rc_ws/install/rc_pwm_pkg/include/rc_pwm_pkg/rc_pwm_pkg/msg/detail/pwm__traits.hpp
[22.759s] -- Installing: /home/aimaim/rc_ws/install/rc_pwm_pkg/include/rc_pwm_pkg/rc_pwm_pkg/msg/detail/pwm__struct.hpp
[22.760s] -- Installing: /home/aimaim/rc_ws/install/rc_pwm_pkg/include/rc_pwm_pkg/rc_pwm_pkg/msg/detail/pwm__type_support.hpp
[22.761s] -- Installing: /home/aimaim/rc_ws/install/rc_pwm_pkg/include/rc_pwm_pkg/rc_pwm_pkg/msg/detail/pub_pwm__traits.hpp
[22.762s] -- Installing: /home/aimaim/rc_ws/install/rc_pwm_pkg/include/rc_pwm_pkg/rc_pwm_pkg/msg/rosidl_generator_cpp__visibility_control.hpp
[22.763s] -- Up-to-date: /home/aimaim/rc_ws/install/rc_pwm_pkg/include/rc_pwm_pkg/rc_pwm_pkg
[22.764s] -- Up-to-date: /home/aimaim/rc_ws/install/rc_pwm_pkg/include/rc_pwm_pkg/rc_pwm_pkg/msg
[22.764s] -- Installing: /home/aimaim/rc_ws/install/rc_pwm_pkg/include/rc_pwm_pkg/rc_pwm_pkg/msg/rosidl_typesupport_fastrtps_cpp__visibility_control.h
[22.765s] -- Up-to-date: /home/aimaim/rc_ws/install/rc_pwm_pkg/include/rc_pwm_pkg/rc_pwm_pkg/msg/detail
[22.766s] -- Installing: /home/aimaim/rc_ws/install/rc_pwm_pkg/include/rc_pwm_pkg/rc_pwm_pkg/msg/detail/pwm__rosidl_typesupport_fastrtps_cpp.hpp
[22.767s] -- Installing: /home/aimaim/rc_ws/install/rc_pwm_pkg/include/rc_pwm_pkg/rc_pwm_pkg/msg/detail/dds_fastrtps
[22.767s] -- Installing: /home/aimaim/rc_ws/install/rc_pwm_pkg/include/rc_pwm_pkg/rc_pwm_pkg/msg/detail/pub_pwm__rosidl_typesupport_fastrtps_cpp.hpp
[22.769s] -- Installing: /home/aimaim/rc_ws/install/rc_pwm_pkg/lib/librc_pwm_pkg__rosidl_typesupport_fastrtps_cpp.so
[22.771s] -- Set runtime path of "/home/aimaim/rc_ws/install/rc_pwm_pkg/lib/librc_pwm_pkg__rosidl_typesupport_fastrtps_cpp.so" to ""
[22.772s] -- Up-to-date: /home/aimaim/rc_ws/install/rc_pwm_pkg/include/rc_pwm_pkg/rc_pwm_pkg
[22.772s] -- Up-to-date: /home/aimaim/rc_ws/install/rc_pwm_pkg/include/rc_pwm_pkg/rc_pwm_pkg/msg
[22.773s] -- Up-to-date: /home/aimaim/rc_ws/install/rc_pwm_pkg/include/rc_pwm_pkg/rc_pwm_pkg/msg/detail
[22.773s] -- Installing: /home/aimaim/rc_ws/install/rc_pwm_pkg/include/rc_pwm_pkg/rc_pwm_pkg/msg/detail/pub_pwm__rosidl_typesupport_introspection_cpp.hpp
[22.774s] -- Installing: /home/aimaim/rc_ws/install/rc_pwm_pkg/include/rc_pwm_pkg/rc_pwm_pkg/msg/detail/pub_pwm__type_support.cpp
[22.775s] -- Installing: /home/aimaim/rc_ws/install/rc_pwm_pkg/include/rc_pwm_pkg/rc_pwm_pkg/msg/detail/pwm__rosidl_typesupport_introspection_cpp.hpp
[22.776s] -- Installing: /home/aimaim/rc_ws/install/rc_pwm_pkg/include/rc_pwm_pkg/rc_pwm_pkg/msg/detail/pwm__type_support.cpp
[22.777s] -- Installing: /home/aimaim/rc_ws/install/rc_pwm_pkg/lib/librc_pwm_pkg__rosidl_typesupport_introspection_cpp.so
[22.780s] -- Set runtime path of "/home/aimaim/rc_ws/install/rc_pwm_pkg/lib/librc_pwm_pkg__rosidl_typesupport_introspection_cpp.so" to ""
[22.780s] -- Installing: /home/aimaim/rc_ws/install/rc_pwm_pkg/lib/librc_pwm_pkg__rosidl_typesupport_cpp.so
[22.782s] -- Set runtime path of "/home/aimaim/rc_ws/install/rc_pwm_pkg/lib/librc_pwm_pkg__rosidl_typesupport_cpp.so" to ""
[22.783s] -- Installing: /home/aimaim/rc_ws/install/rc_pwm_pkg/share/rc_pwm_pkg/environment/pythonpath.sh
[22.784s] -- Installing: /home/aimaim/rc_ws/install/rc_pwm_pkg/share/rc_pwm_pkg/environment/pythonpath.dsv
[22.785s] -- Installing: /home/aimaim/rc_ws/install/rc_pwm_pkg/local/lib/python3.10/dist-packages/rc_pwm_pkg-0.0.0-py3.10.egg-info
[22.786s] -- Installing: /home/aimaim/rc_ws/install/rc_pwm_pkg/local/lib/python3.10/dist-packages/rc_pwm_pkg-0.0.0-py3.10.egg-info/PKG-INFO
[22.787s] -- Installing: /home/aimaim/rc_ws/install/rc_pwm_pkg/local/lib/python3.10/dist-packages/rc_pwm_pkg-0.0.0-py3.10.egg-info/top_level.txt
[22.788s] -- Installing: /home/aimaim/rc_ws/install/rc_pwm_pkg/local/lib/python3.10/dist-packages/rc_pwm_pkg-0.0.0-py3.10.egg-info/SOURCES.txt
[22.789s] -- Installing: /home/aimaim/rc_ws/install/rc_pwm_pkg/local/lib/python3.10/dist-packages/rc_pwm_pkg-0.0.0-py3.10.egg-info/dependency_links.txt
[22.790s] -- Installing: /home/aimaim/rc_ws/install/rc_pwm_pkg/local/lib/python3.10/dist-packages/rc_pwm_pkg
[22.791s] -- Installing: /home/aimaim/rc_ws/install/rc_pwm_pkg/local/lib/python3.10/dist-packages/rc_pwm_pkg/rc_pwm_pkg_s__rosidl_typesupport_introspection_c.cpython-310-aarch64-linux-gnu.so
[22.792s] -- Installing: /home/aimaim/rc_ws/install/rc_pwm_pkg/local/lib/python3.10/dist-packages/rc_pwm_pkg/__init__.py
[22.793s] -- Installing: /home/aimaim/rc_ws/install/rc_pwm_pkg/local/lib/python3.10/dist-packages/rc_pwm_pkg/rc_pwm_pkg_s__rosidl_typesupport_fastrtps_c.cpython-310-aarch64-linux-gnu.so
[22.794s] -- Installing: /home/aimaim/rc_ws/install/rc_pwm_pkg/local/lib/python3.10/dist-packages/rc_pwm_pkg/_rc_pwm_pkg_s.ep.rosidl_typesupport_c.c
[22.796s] -- Installing: /home/aimaim/rc_ws/install/rc_pwm_pkg/local/lib/python3.10/dist-packages/rc_pwm_pkg/_rc_pwm_pkg_s.ep.rosidl_typesupport_introspection_c.c
[22.797s] -- Installing: /home/aimaim/rc_ws/install/rc_pwm_pkg/local/lib/python3.10/dist-packages/rc_pwm_pkg/rc_pwm_pkg_s__rosidl_typesupport_c.cpython-310-aarch64-linux-gnu.so
[22.798s] -- Installing: /home/aimaim/rc_ws/install/rc_pwm_pkg/local/lib/python3.10/dist-packages/rc_pwm_pkg/msg
[22.799s] -- Installing: /home/aimaim/rc_ws/install/rc_pwm_pkg/local/lib/python3.10/dist-packages/rc_pwm_pkg/msg/__init__.py
[22.800s] -- Installing: /home/aimaim/rc_ws/install/rc_pwm_pkg/local/lib/python3.10/dist-packages/rc_pwm_pkg/msg/_pwm_s.c
[22.801s] -- Installing: /home/aimaim/rc_ws/install/rc_pwm_pkg/local/lib/python3.10/dist-packages/rc_pwm_pkg/msg/_pwm.py
[22.802s] -- Installing: /home/aimaim/rc_ws/install/rc_pwm_pkg/local/lib/python3.10/dist-packages/rc_pwm_pkg/msg/_pub_pwm_s.c
[22.803s] -- Installing: /home/aimaim/rc_ws/install/rc_pwm_pkg/local/lib/python3.10/dist-packages/rc_pwm_pkg/msg/_pub_pwm.py
[22.804s] -- Installing: /home/aimaim/rc_ws/install/rc_pwm_pkg/local/lib/python3.10/dist-packages/rc_pwm_pkg/librc_pwm_pkg__rosidl_generator_py.so
[22.805s] -- Installing: /home/aimaim/rc_ws/install/rc_pwm_pkg/local/lib/python3.10/dist-packages/rc_pwm_pkg/_rc_pwm_pkg_s.ep.rosidl_typesupport_fastrtps_c.c
[22.959s] Listing '/home/aimaim/rc_ws/install/rc_pwm_pkg/local/lib/python3.10/dist-packages/rc_pwm_pkg'...
[22.960s] Compiling '/home/aimaim/rc_ws/install/rc_pwm_pkg/local/lib/python3.10/dist-packages/rc_pwm_pkg/__init__.py'...
[22.961s] Listing '/home/aimaim/rc_ws/install/rc_pwm_pkg/local/lib/python3.10/dist-packages/rc_pwm_pkg/msg'...
[22.962s] Compiling '/home/aimaim/rc_ws/install/rc_pwm_pkg/local/lib/python3.10/dist-packages/rc_pwm_pkg/msg/__init__.py'...
[22.963s] Compiling '/home/aimaim/rc_ws/install/rc_pwm_pkg/local/lib/python3.10/dist-packages/rc_pwm_pkg/msg/_pub_pwm.py'...
[22.964s] Compiling '/home/aimaim/rc_ws/install/rc_pwm_pkg/local/lib/python3.10/dist-packages/rc_pwm_pkg/msg/_pwm.py'...
[22.985s] -- Installing: /home/aimaim/rc_ws/install/rc_pwm_pkg/local/lib/python3.10/dist-packages/rc_pwm_pkg/rc_pwm_pkg_s__rosidl_typesupport_fastrtps_c.cpython-310-aarch64-linux-gnu.so
[22.988s] -- Set runtime path of "/home/aimaim/rc_ws/install/rc_pwm_pkg/local/lib/python3.10/dist-packages/rc_pwm_pkg/rc_pwm_pkg_s__rosidl_typesupport_fastrtps_c.cpython-310-aarch64-linux-gnu.so" to ""
[22.989s] -- Installing: /home/aimaim/rc_ws/install/rc_pwm_pkg/local/lib/python3.10/dist-packages/rc_pwm_pkg/rc_pwm_pkg_s__rosidl_typesupport_introspection_c.cpython-310-aarch64-linux-gnu.so
[22.992s] -- Set runtime path of "/home/aimaim/rc_ws/install/rc_pwm_pkg/local/lib/python3.10/dist-packages/rc_pwm_pkg/rc_pwm_pkg_s__rosidl_typesupport_introspection_c.cpython-310-aarch64-linux-gnu.so" to ""
[22.993s] -- Installing: /home/aimaim/rc_ws/install/rc_pwm_pkg/local/lib/python3.10/dist-packages/rc_pwm_pkg/rc_pwm_pkg_s__rosidl_typesupport_c.cpython-310-aarch64-linux-gnu.so
[22.996s] -- Set runtime path of "/home/aimaim/rc_ws/install/rc_pwm_pkg/local/lib/python3.10/dist-packages/rc_pwm_pkg/rc_pwm_pkg_s__rosidl_typesupport_c.cpython-310-aarch64-linux-gnu.so" to ""
[22.996s] -- Installing: /home/aimaim/rc_ws/install/rc_pwm_pkg/lib/librc_pwm_pkg__rosidl_generator_py.so
[22.998s] -- Set runtime path of "/home/aimaim/rc_ws/install/rc_pwm_pkg/lib/librc_pwm_pkg__rosidl_generator_py.so" to ""
[22.999s] -- Installing: /home/aimaim/rc_ws/install/rc_pwm_pkg/share/rc_pwm_pkg/msg/Pwm.idl
[23.000s] -- Installing: /home/aimaim/rc_ws/install/rc_pwm_pkg/share/rc_pwm_pkg/msg/PubPwm.idl
[23.001s] -- Installing: /home/aimaim/rc_ws/install/rc_pwm_pkg/share/rc_pwm_pkg/msg/Pwm.msg
[23.002s] -- Installing: /home/aimaim/rc_ws/install/rc_pwm_pkg/share/rc_pwm_pkg/msg/PubPwm.msg
[23.003s] -- Installing: /home/aimaim/rc_ws/install/rc_pwm_pkg/share/ament_index/resource_index/package_run_dependencies/rc_pwm_pkg
[23.005s] -- Installing: /home/aimaim/rc_ws/install/rc_pwm_pkg/share/ament_index/resource_index/parent_prefix_path/rc_pwm_pkg
[23.006s] -- Installing: /home/aimaim/rc_ws/install/rc_pwm_pkg/share/rc_pwm_pkg/environment/ament_prefix_path.sh
[23.007s] -- Installing: /home/aimaim/rc_ws/install/rc_pwm_pkg/share/rc_pwm_pkg/environment/ament_prefix_path.dsv
[23.008s] -- Installing: /home/aimaim/rc_ws/install/rc_pwm_pkg/share/rc_pwm_pkg/environment/path.sh
[23.009s] -- Installing: /home/aimaim/rc_ws/install/rc_pwm_pkg/share/rc_pwm_pkg/environment/path.dsv
[23.010s] -- Installing: /home/aimaim/rc_ws/install/rc_pwm_pkg/share/rc_pwm_pkg/local_setup.bash
[23.012s] -- Installing: /home/aimaim/rc_ws/install/rc_pwm_pkg/share/rc_pwm_pkg/local_setup.sh
[23.013s] -- Installing: /home/aimaim/rc_ws/install/rc_pwm_pkg/share/rc_pwm_pkg/local_setup.zsh
[23.014s] -- Installing: /home/aimaim/rc_ws/install/rc_pwm_pkg/share/rc_pwm_pkg/local_setup.dsv
[23.015s] -- Installing: /home/aimaim/rc_ws/install/rc_pwm_pkg/share/rc_pwm_pkg/package.dsv
[23.016s] -- Installing: /home/aimaim/rc_ws/install/rc_pwm_pkg/share/ament_index/resource_index/packages/rc_pwm_pkg
[23.018s] -- Installing: /home/aimaim/rc_ws/install/rc_pwm_pkg/share/rc_pwm_pkg/cmake/export_rc_pwm_pkg__rosidl_generator_cExport.cmake
[23.019s] -- Installing: /home/aimaim/rc_ws/install/rc_pwm_pkg/share/rc_pwm_pkg/cmake/export_rc_pwm_pkg__rosidl_generator_cExport-noconfig.cmake
[23.020s] -- Installing: /home/aimaim/rc_ws/install/rc_pwm_pkg/share/rc_pwm_pkg/cmake/export_rc_pwm_pkg__rosidl_typesupport_fastrtps_cExport.cmake
[23.021s] -- Installing: /home/aimaim/rc_ws/install/rc_pwm_pkg/share/rc_pwm_pkg/cmake/export_rc_pwm_pkg__rosidl_typesupport_fastrtps_cExport-noconfig.cmake
[23.023s] -- Installing: /home/aimaim/rc_ws/install/rc_pwm_pkg/share/rc_pwm_pkg/cmake/rc_pwm_pkg__rosidl_typesupport_introspection_cExport.cmake
[23.024s] -- Installing: /home/aimaim/rc_ws/install/rc_pwm_pkg/share/rc_pwm_pkg/cmake/rc_pwm_pkg__rosidl_typesupport_introspection_cExport-noconfig.cmake
[23.026s] -- Installing: /home/aimaim/rc_ws/install/rc_pwm_pkg/share/rc_pwm_pkg/cmake/rc_pwm_pkg__rosidl_typesupport_cExport.cmake
[23.027s] -- Installing: /home/aimaim/rc_ws/install/rc_pwm_pkg/share/rc_pwm_pkg/cmake/rc_pwm_pkg__rosidl_typesupport_cExport-noconfig.cmake
[23.028s] -- Installing: /home/aimaim/rc_ws/install/rc_pwm_pkg/share/rc_pwm_pkg/cmake/export_rc_pwm_pkg__rosidl_generator_cppExport.cmake
[23.030s] -- Installing: /home/aimaim/rc_ws/install/rc_pwm_pkg/share/rc_pwm_pkg/cmake/export_rc_pwm_pkg__rosidl_typesupport_fastrtps_cppExport.cmake
[23.031s] -- Installing: /home/aimaim/rc_ws/install/rc_pwm_pkg/share/rc_pwm_pkg/cmake/export_rc_pwm_pkg__rosidl_typesupport_fastrtps_cppExport-noconfig.cmake
[23.033s] -- Installing: /home/aimaim/rc_ws/install/rc_pwm_pkg/share/rc_pwm_pkg/cmake/rc_pwm_pkg__rosidl_typesupport_introspection_cppExport.cmake
[23.034s] -- Installing: /home/aimaim/rc_ws/install/rc_pwm_pkg/share/rc_pwm_pkg/cmake/rc_pwm_pkg__rosidl_typesupport_introspection_cppExport-noconfig.cmake
[23.036s] -- Installing: /home/aimaim/rc_ws/install/rc_pwm_pkg/share/rc_pwm_pkg/cmake/rc_pwm_pkg__rosidl_typesupport_cppExport.cmake
[23.037s] -- Installing: /home/aimaim/rc_ws/install/rc_pwm_pkg/share/rc_pwm_pkg/cmake/rc_pwm_pkg__rosidl_typesupport_cppExport-noconfig.cmake
[23.038s] -- Installing: /home/aimaim/rc_ws/install/rc_pwm_pkg/share/rc_pwm_pkg/cmake/export_rc_pwm_pkg__rosidl_generator_pyExport.cmake
[23.040s] -- Installing: /home/aimaim/rc_ws/install/rc_pwm_pkg/share/rc_pwm_pkg/cmake/export_rc_pwm_pkg__rosidl_generator_pyExport-noconfig.cmake
[23.041s] -- Installing: /home/aimaim/rc_ws/install/rc_pwm_pkg/share/rc_pwm_pkg/cmake/rosidl_cmake-extras.cmake
[23.042s] -- Installing: /home/aimaim/rc_ws/install/rc_pwm_pkg/share/rc_pwm_pkg/cmake/ament_cmake_export_include_directories-extras.cmake
[23.043s] -- Installing: /home/aimaim/rc_ws/install/rc_pwm_pkg/share/rc_pwm_pkg/cmake/ament_cmake_export_libraries-extras.cmake
[23.045s] -- Installing: /home/aimaim/rc_ws/install/rc_pwm_pkg/share/rc_pwm_pkg/cmake/ament_cmake_export_targets-extras.cmake
[23.046s] -- Installing: /home/aimaim/rc_ws/install/rc_pwm_pkg/share/rc_pwm_pkg/cmake/rosidl_cmake_export_typesupport_targets-extras.cmake
[23.047s] -- Installing: /home/aimaim/rc_ws/install/rc_pwm_pkg/share/rc_pwm_pkg/cmake/ament_cmake_export_dependencies-extras.cmake
[23.048s] -- Installing: /home/aimaim/rc_ws/install/rc_pwm_pkg/share/rc_pwm_pkg/cmake/rosidl_cmake_export_typesupport_libraries-extras.cmake
[23.049s] -- Installing: /home/aimaim/rc_ws/install/rc_pwm_pkg/share/rc_pwm_pkg/cmake/rc_pwm_pkgConfig.cmake
[23.050s] -- Installing: /home/aimaim/rc_ws/install/rc_pwm_pkg/share/rc_pwm_pkg/cmake/rc_pwm_pkgConfig-version.cmake
[23.051s] -- Installing: /home/aimaim/rc_ws/install/rc_pwm_pkg/share/rc_pwm_pkg/package.xml
[23.059s] Invoked command in '/home/aimaim/rc_ws/build/rc_pwm_pkg' returned '0': /usr/bin/cmake --install /home/aimaim/rc_ws/build/rc_pwm_pkg
