[0.101s] Invoking command in '/home/aimaim/rc_ws/build/rc_pwm_pkg': CMAKE_PREFIX_PATH=${CMAKE_PREFIX_PATH}:/home/aimaim/rc_ws/install/rc /usr/bin/cmake --build /home/aimaim/rc_ws/build/rc_pwm_pkg -- -j4 -l4
[0.684s] [  2%] Built target rc_pwm_pkg__cpp
[0.715s] [ 12%] Built target rc_pwm_pkg__rosidl_generator_c
[0.747s] [ 12%] Built target ament_cmake_python_copy_rc_pwm_pkg
[0.831s] [ 23%] Built target rc_pwm_pkg__rosidl_typesupport_introspection_cpp
[0.835s] [ 33%] Built target rc_pwm_pkg__rosidl_typesupport_fastrtps_cpp
[0.836s] [ 43%] Built target rc_pwm_pkg__rosidl_typesupport_cpp
[0.878s] [ 53%] Built target rc_pwm_pkg__rosidl_typesupport_fastrtps_c
[0.938s] [ 64%] Built target rc_pwm_pkg__rosidl_typesupport_introspection_c
[0.940s] [ 74%] Built target rc_pwm_pkg__rosidl_typesupport_c
[1.025s] [ 74%] Built target rc_pwm_pkg
[1.113s] [ 76%] Built target rc_pwm_pkg__py
[1.232s] [ 84%] Built target rc_pwm_pkg__rosidl_generator_py
[1.345s] [ 94%] Built target rc_pwm_pkg__rosidl_typesupport_c__pyext
[1.346s] [ 94%] Built target rc_pwm_pkg__rosidl_typesupport_fastrtps_c__pyext
[1.350s] [100%] Built target rc_pwm_pkg__rosidl_typesupport_introspection_c__pyext
[2.108s] running egg_info
[2.111s] writing rc_pwm_pkg.egg-info/PKG-INFO
[2.113s] writing dependency_links to rc_pwm_pkg.egg-info/dependency_links.txt
[2.114s] writing top-level names to rc_pwm_pkg.egg-info/top_level.txt
[2.128s] reading manifest file 'rc_pwm_pkg.egg-info/SOURCES.txt'
[2.131s] writing manifest file 'rc_pwm_pkg.egg-info/SOURCES.txt'
[2.253s] [100%] Built target ament_cmake_python_build_rc_pwm_pkg_egg
[2.294s] Invoked command in '/home/aimaim/rc_ws/build/rc_pwm_pkg' returned '0': CMAKE_PREFIX_PATH=${CMAKE_PREFIX_PATH}:/home/aimaim/rc_ws/install/rc /usr/bin/cmake --build /home/aimaim/rc_ws/build/rc_pwm_pkg -- -j4 -l4
[2.336s] Invoking command in '/home/aimaim/rc_ws/build/rc_pwm_pkg': CMAKE_PREFIX_PATH=${CMAKE_PREFIX_PATH}:/home/aimaim/rc_ws/install/rc /usr/bin/cmake --install /home/aimaim/rc_ws/build/rc_pwm_pkg
[2.368s] -- Install configuration: ""
[2.371s] -- Up-to-date: /home/aimaim/rc_ws/install/rc_pwm_pkg/share/ament_index/resource_index/rosidl_interfaces/rc_pwm_pkg
[2.372s] -- Up-to-date: /home/aimaim/rc_ws/install/rc_pwm_pkg/include/rc_pwm_pkg/rc_pwm_pkg
[2.373s] -- Up-to-date: /home/aimaim/rc_ws/install/rc_pwm_pkg/include/rc_pwm_pkg/rc_pwm_pkg/msg
[2.373s] -- Up-to-date: /home/aimaim/rc_ws/install/rc_pwm_pkg/include/rc_pwm_pkg/rc_pwm_pkg/msg/pub_pwm.h
[2.374s] -- Up-to-date: /home/aimaim/rc_ws/install/rc_pwm_pkg/include/rc_pwm_pkg/rc_pwm_pkg/msg/pwm.h
[2.374s] -- Up-to-date: /home/aimaim/rc_ws/install/rc_pwm_pkg/include/rc_pwm_pkg/rc_pwm_pkg/msg/rosidl_generator_c__visibility_control.h
[2.375s] -- Up-to-date: /home/aimaim/rc_ws/install/rc_pwm_pkg/include/rc_pwm_pkg/rc_pwm_pkg/msg/detail
[2.375s] -- Up-to-date: /home/aimaim/rc_ws/install/rc_pwm_pkg/include/rc_pwm_pkg/rc_pwm_pkg/msg/detail/pwm__struct.h
[2.376s] -- Up-to-date: /home/aimaim/rc_ws/install/rc_pwm_pkg/include/rc_pwm_pkg/rc_pwm_pkg/msg/detail/pwm__functions.h
[2.376s] -- Up-to-date: /home/aimaim/rc_ws/install/rc_pwm_pkg/include/rc_pwm_pkg/rc_pwm_pkg/msg/detail/pub_pwm__functions.c
[2.376s] -- Up-to-date: /home/aimaim/rc_ws/install/rc_pwm_pkg/include/rc_pwm_pkg/rc_pwm_pkg/msg/detail/pub_pwm__struct.h
[2.377s] -- Up-to-date: /home/aimaim/rc_ws/install/rc_pwm_pkg/include/rc_pwm_pkg/rc_pwm_pkg/msg/detail/pub_pwm__functions.h
[2.377s] -- Up-to-date: /home/aimaim/rc_ws/install/rc_pwm_pkg/include/rc_pwm_pkg/rc_pwm_pkg/msg/detail/pwm__functions.c
[2.378s] -- Up-to-date: /home/aimaim/rc_ws/install/rc_pwm_pkg/include/rc_pwm_pkg/rc_pwm_pkg/msg/detail/pub_pwm__type_support.h
[2.378s] -- Up-to-date: /home/aimaim/rc_ws/install/rc_pwm_pkg/include/rc_pwm_pkg/rc_pwm_pkg/msg/detail/pwm__type_support.h
[2.379s] -- Up-to-date: /home/aimaim/rc_ws/install/rc_pwm_pkg/share/rc_pwm_pkg/environment/library_path.sh
[2.379s] -- Up-to-date: /home/aimaim/rc_ws/install/rc_pwm_pkg/share/rc_pwm_pkg/environment/library_path.dsv
[2.381s] -- Up-to-date: /home/aimaim/rc_ws/install/rc_pwm_pkg/lib/librc_pwm_pkg__rosidl_generator_c.so
[2.383s] -- Up-to-date: /home/aimaim/rc_ws/install/rc_pwm_pkg/include/rc_pwm_pkg/rc_pwm_pkg
[2.383s] -- Up-to-date: /home/aimaim/rc_ws/install/rc_pwm_pkg/include/rc_pwm_pkg/rc_pwm_pkg/msg
[2.383s] -- Up-to-date: /home/aimaim/rc_ws/install/rc_pwm_pkg/include/rc_pwm_pkg/rc_pwm_pkg/msg/rosidl_typesupport_fastrtps_c__visibility_control.h
[2.384s] -- Up-to-date: /home/aimaim/rc_ws/install/rc_pwm_pkg/include/rc_pwm_pkg/rc_pwm_pkg/msg/detail
[2.384s] -- Up-to-date: /home/aimaim/rc_ws/install/rc_pwm_pkg/include/rc_pwm_pkg/rc_pwm_pkg/msg/detail/pub_pwm__rosidl_typesupport_fastrtps_c.h
[2.385s] -- Up-to-date: /home/aimaim/rc_ws/install/rc_pwm_pkg/include/rc_pwm_pkg/rc_pwm_pkg/msg/detail/pwm__rosidl_typesupport_fastrtps_c.h
[2.387s] -- Up-to-date: /home/aimaim/rc_ws/install/rc_pwm_pkg/lib/librc_pwm_pkg__rosidl_typesupport_fastrtps_c.so
[2.389s] -- Up-to-date: /home/aimaim/rc_ws/install/rc_pwm_pkg/include/rc_pwm_pkg/rc_pwm_pkg
[2.389s] -- Up-to-date: /home/aimaim/rc_ws/install/rc_pwm_pkg/include/rc_pwm_pkg/rc_pwm_pkg/msg
[2.390s] -- Up-to-date: /home/aimaim/rc_ws/install/rc_pwm_pkg/include/rc_pwm_pkg/rc_pwm_pkg/msg/detail
[2.390s] -- Up-to-date: /home/aimaim/rc_ws/install/rc_pwm_pkg/include/rc_pwm_pkg/rc_pwm_pkg/msg/detail/pwm__rosidl_typesupport_introspection_c.h
[2.391s] -- Up-to-date: /home/aimaim/rc_ws/install/rc_pwm_pkg/include/rc_pwm_pkg/rc_pwm_pkg/msg/detail/pub_pwm__rosidl_typesupport_introspection_c.h
[2.391s] -- Up-to-date: /home/aimaim/rc_ws/install/rc_pwm_pkg/include/rc_pwm_pkg/rc_pwm_pkg/msg/detail/pwm__type_support.c
[2.391s] -- Up-to-date: /home/aimaim/rc_ws/install/rc_pwm_pkg/include/rc_pwm_pkg/rc_pwm_pkg/msg/detail/pub_pwm__type_support.c
[2.392s] -- Up-to-date: /home/aimaim/rc_ws/install/rc_pwm_pkg/include/rc_pwm_pkg/rc_pwm_pkg/msg/rosidl_typesupport_introspection_c__visibility_control.h
[2.393s] -- Up-to-date: /home/aimaim/rc_ws/install/rc_pwm_pkg/lib/librc_pwm_pkg__rosidl_typesupport_introspection_c.so
[2.396s] -- Up-to-date: /home/aimaim/rc_ws/install/rc_pwm_pkg/lib/librc_pwm_pkg__rosidl_typesupport_c.so
[2.397s] -- Up-to-date: /home/aimaim/rc_ws/install/rc_pwm_pkg/include/rc_pwm_pkg/rc_pwm_pkg
[2.398s] -- Up-to-date: /home/aimaim/rc_ws/install/rc_pwm_pkg/include/rc_pwm_pkg/rc_pwm_pkg/msg
[2.398s] -- Up-to-date: /home/aimaim/rc_ws/install/rc_pwm_pkg/include/rc_pwm_pkg/rc_pwm_pkg/msg/pwm.hpp
[2.398s] -- Up-to-date: /home/aimaim/rc_ws/install/rc_pwm_pkg/include/rc_pwm_pkg/rc_pwm_pkg/msg/pub_pwm.hpp
[2.399s] -- Up-to-date: /home/aimaim/rc_ws/install/rc_pwm_pkg/include/rc_pwm_pkg/rc_pwm_pkg/msg/detail
[2.399s] -- Up-to-date: /home/aimaim/rc_ws/install/rc_pwm_pkg/include/rc_pwm_pkg/rc_pwm_pkg/msg/detail/pub_pwm__builder.hpp
[2.400s] -- Up-to-date: /home/aimaim/rc_ws/install/rc_pwm_pkg/include/rc_pwm_pkg/rc_pwm_pkg/msg/detail/pwm__builder.hpp
[2.400s] -- Up-to-date: /home/aimaim/rc_ws/install/rc_pwm_pkg/include/rc_pwm_pkg/rc_pwm_pkg/msg/detail/pub_pwm__struct.hpp
[2.400s] -- Up-to-date: /home/aimaim/rc_ws/install/rc_pwm_pkg/include/rc_pwm_pkg/rc_pwm_pkg/msg/detail/pub_pwm__type_support.hpp
[2.401s] -- Up-to-date: /home/aimaim/rc_ws/install/rc_pwm_pkg/include/rc_pwm_pkg/rc_pwm_pkg/msg/detail/pwm__traits.hpp
[2.401s] -- Up-to-date: /home/aimaim/rc_ws/install/rc_pwm_pkg/include/rc_pwm_pkg/rc_pwm_pkg/msg/detail/pwm__struct.hpp
[2.402s] -- Up-to-date: /home/aimaim/rc_ws/install/rc_pwm_pkg/include/rc_pwm_pkg/rc_pwm_pkg/msg/detail/pwm__type_support.hpp
[2.402s] -- Up-to-date: /home/aimaim/rc_ws/install/rc_pwm_pkg/include/rc_pwm_pkg/rc_pwm_pkg/msg/detail/pub_pwm__traits.hpp
[2.402s] -- Up-to-date: /home/aimaim/rc_ws/install/rc_pwm_pkg/include/rc_pwm_pkg/rc_pwm_pkg/msg/rosidl_generator_cpp__visibility_control.hpp
[2.403s] -- Up-to-date: /home/aimaim/rc_ws/install/rc_pwm_pkg/include/rc_pwm_pkg/rc_pwm_pkg
[2.403s] -- Up-to-date: /home/aimaim/rc_ws/install/rc_pwm_pkg/include/rc_pwm_pkg/rc_pwm_pkg/msg
[2.404s] -- Up-to-date: /home/aimaim/rc_ws/install/rc_pwm_pkg/include/rc_pwm_pkg/rc_pwm_pkg/msg/rosidl_typesupport_fastrtps_cpp__visibility_control.h
[2.404s] -- Up-to-date: /home/aimaim/rc_ws/install/rc_pwm_pkg/include/rc_pwm_pkg/rc_pwm_pkg/msg/detail
[2.404s] -- Up-to-date: /home/aimaim/rc_ws/install/rc_pwm_pkg/include/rc_pwm_pkg/rc_pwm_pkg/msg/detail/pwm__rosidl_typesupport_fastrtps_cpp.hpp
[2.405s] -- Up-to-date: /home/aimaim/rc_ws/install/rc_pwm_pkg/include/rc_pwm_pkg/rc_pwm_pkg/msg/detail/dds_fastrtps
[2.405s] -- Up-to-date: /home/aimaim/rc_ws/install/rc_pwm_pkg/include/rc_pwm_pkg/rc_pwm_pkg/msg/detail/pub_pwm__rosidl_typesupport_fastrtps_cpp.hpp
[2.406s] -- Up-to-date: /home/aimaim/rc_ws/install/rc_pwm_pkg/lib/librc_pwm_pkg__rosidl_typesupport_fastrtps_cpp.so
[2.408s] -- Up-to-date: /home/aimaim/rc_ws/install/rc_pwm_pkg/include/rc_pwm_pkg/rc_pwm_pkg
[2.408s] -- Up-to-date: /home/aimaim/rc_ws/install/rc_pwm_pkg/include/rc_pwm_pkg/rc_pwm_pkg/msg
[2.408s] -- Up-to-date: /home/aimaim/rc_ws/install/rc_pwm_pkg/include/rc_pwm_pkg/rc_pwm_pkg/msg/detail
[2.409s] -- Up-to-date: /home/aimaim/rc_ws/install/rc_pwm_pkg/include/rc_pwm_pkg/rc_pwm_pkg/msg/detail/pub_pwm__rosidl_typesupport_introspection_cpp.hpp
[2.409s] -- Up-to-date: /home/aimaim/rc_ws/install/rc_pwm_pkg/include/rc_pwm_pkg/rc_pwm_pkg/msg/detail/pub_pwm__type_support.cpp
[2.410s] -- Up-to-date: /home/aimaim/rc_ws/install/rc_pwm_pkg/include/rc_pwm_pkg/rc_pwm_pkg/msg/detail/pwm__rosidl_typesupport_introspection_cpp.hpp
[2.410s] -- Up-to-date: /home/aimaim/rc_ws/install/rc_pwm_pkg/include/rc_pwm_pkg/rc_pwm_pkg/msg/detail/pwm__type_support.cpp
[2.412s] -- Up-to-date: /home/aimaim/rc_ws/install/rc_pwm_pkg/lib/librc_pwm_pkg__rosidl_typesupport_introspection_cpp.so
[2.415s] -- Up-to-date: /home/aimaim/rc_ws/install/rc_pwm_pkg/lib/librc_pwm_pkg__rosidl_typesupport_cpp.so
[2.416s] -- Up-to-date: /home/aimaim/rc_ws/install/rc_pwm_pkg/share/rc_pwm_pkg/environment/pythonpath.sh
[2.417s] -- Up-to-date: /home/aimaim/rc_ws/install/rc_pwm_pkg/share/rc_pwm_pkg/environment/pythonpath.dsv
[2.417s] -- Up-to-date: /home/aimaim/rc_ws/install/rc_pwm_pkg/local/lib/python3.10/dist-packages/rc_pwm_pkg-0.0.0-py3.10.egg-info
[2.417s] -- Installing: /home/aimaim/rc_ws/install/rc_pwm_pkg/local/lib/python3.10/dist-packages/rc_pwm_pkg-0.0.0-py3.10.egg-info/PKG-INFO
[2.419s] -- Installing: /home/aimaim/rc_ws/install/rc_pwm_pkg/local/lib/python3.10/dist-packages/rc_pwm_pkg-0.0.0-py3.10.egg-info/top_level.txt
[2.420s] -- Installing: /home/aimaim/rc_ws/install/rc_pwm_pkg/local/lib/python3.10/dist-packages/rc_pwm_pkg-0.0.0-py3.10.egg-info/SOURCES.txt
[2.421s] -- Installing: /home/aimaim/rc_ws/install/rc_pwm_pkg/local/lib/python3.10/dist-packages/rc_pwm_pkg-0.0.0-py3.10.egg-info/dependency_links.txt
[2.423s] -- Up-to-date: /home/aimaim/rc_ws/install/rc_pwm_pkg/local/lib/python3.10/dist-packages/rc_pwm_pkg
[2.424s] -- Up-to-date: /home/aimaim/rc_ws/install/rc_pwm_pkg/local/lib/python3.10/dist-packages/rc_pwm_pkg/rc_pwm_pkg_s__rosidl_typesupport_introspection_c.cpython-310-aarch64-linux-gnu.so
[2.424s] -- Up-to-date: /home/aimaim/rc_ws/install/rc_pwm_pkg/local/lib/python3.10/dist-packages/rc_pwm_pkg/__init__.py
[2.425s] -- Up-to-date: /home/aimaim/rc_ws/install/rc_pwm_pkg/local/lib/python3.10/dist-packages/rc_pwm_pkg/rc_pwm_pkg_s__rosidl_typesupport_fastrtps_c.cpython-310-aarch64-linux-gnu.so
[2.425s] -- Up-to-date: /home/aimaim/rc_ws/install/rc_pwm_pkg/local/lib/python3.10/dist-packages/rc_pwm_pkg/_rc_pwm_pkg_s.ep.rosidl_typesupport_c.c
[2.426s] -- Up-to-date: /home/aimaim/rc_ws/install/rc_pwm_pkg/local/lib/python3.10/dist-packages/rc_pwm_pkg/_rc_pwm_pkg_s.ep.rosidl_typesupport_introspection_c.c
[2.426s] -- Up-to-date: /home/aimaim/rc_ws/install/rc_pwm_pkg/local/lib/python3.10/dist-packages/rc_pwm_pkg/rc_pwm_pkg_s__rosidl_typesupport_c.cpython-310-aarch64-linux-gnu.so
[2.426s] -- Up-to-date: /home/aimaim/rc_ws/install/rc_pwm_pkg/local/lib/python3.10/dist-packages/rc_pwm_pkg/msg
[2.427s] -- Up-to-date: /home/aimaim/rc_ws/install/rc_pwm_pkg/local/lib/python3.10/dist-packages/rc_pwm_pkg/msg/__init__.py
[2.427s] -- Up-to-date: /home/aimaim/rc_ws/install/rc_pwm_pkg/local/lib/python3.10/dist-packages/rc_pwm_pkg/msg/_pwm_s.c
[2.428s] -- Up-to-date: /home/aimaim/rc_ws/install/rc_pwm_pkg/local/lib/python3.10/dist-packages/rc_pwm_pkg/msg/_pwm.py
[2.428s] -- Up-to-date: /home/aimaim/rc_ws/install/rc_pwm_pkg/local/lib/python3.10/dist-packages/rc_pwm_pkg/msg/_pub_pwm_s.c
[2.428s] -- Up-to-date: /home/aimaim/rc_ws/install/rc_pwm_pkg/local/lib/python3.10/dist-packages/rc_pwm_pkg/msg/_pub_pwm.py
[2.429s] -- Up-to-date: /home/aimaim/rc_ws/install/rc_pwm_pkg/local/lib/python3.10/dist-packages/rc_pwm_pkg/librc_pwm_pkg__rosidl_generator_py.so
[2.429s] -- Up-to-date: /home/aimaim/rc_ws/install/rc_pwm_pkg/local/lib/python3.10/dist-packages/rc_pwm_pkg/_rc_pwm_pkg_s.ep.rosidl_typesupport_fastrtps_c.c
[2.573s] Listing '/home/aimaim/rc_ws/install/rc_pwm_pkg/local/lib/python3.10/dist-packages/rc_pwm_pkg'...
[2.574s] Listing '/home/aimaim/rc_ws/install/rc_pwm_pkg/local/lib/python3.10/dist-packages/rc_pwm_pkg/msg'...
[2.597s] -- Up-to-date: /home/aimaim/rc_ws/install/rc_pwm_pkg/local/lib/python3.10/dist-packages/rc_pwm_pkg/rc_pwm_pkg_s__rosidl_typesupport_fastrtps_c.cpython-310-aarch64-linux-gnu.so
[2.600s] -- Up-to-date: /home/aimaim/rc_ws/install/rc_pwm_pkg/local/lib/python3.10/dist-packages/rc_pwm_pkg/rc_pwm_pkg_s__rosidl_typesupport_introspection_c.cpython-310-aarch64-linux-gnu.so
[2.603s] -- Up-to-date: /home/aimaim/rc_ws/install/rc_pwm_pkg/local/lib/python3.10/dist-packages/rc_pwm_pkg/rc_pwm_pkg_s__rosidl_typesupport_c.cpython-310-aarch64-linux-gnu.so
[2.607s] -- Up-to-date: /home/aimaim/rc_ws/install/rc_pwm_pkg/lib/librc_pwm_pkg__rosidl_generator_py.so
[2.609s] -- Up-to-date: /home/aimaim/rc_ws/install/rc_pwm_pkg/share/rc_pwm_pkg/msg/Pwm.idl
[2.609s] -- Up-to-date: /home/aimaim/rc_ws/install/rc_pwm_pkg/share/rc_pwm_pkg/msg/PubPwm.idl
[2.610s] -- Up-to-date: /home/aimaim/rc_ws/install/rc_pwm_pkg/share/rc_pwm_pkg/msg/Pwm.msg
[2.610s] -- Up-to-date: /home/aimaim/rc_ws/install/rc_pwm_pkg/share/rc_pwm_pkg/msg/PubPwm.msg
[2.611s] -- Up-to-date: /home/aimaim/rc_ws/install/rc_pwm_pkg/share/ament_index/resource_index/package_run_dependencies/rc_pwm_pkg
[2.611s] -- Up-to-date: /home/aimaim/rc_ws/install/rc_pwm_pkg/share/ament_index/resource_index/parent_prefix_path/rc_pwm_pkg
[2.612s] -- Up-to-date: /home/aimaim/rc_ws/install/rc_pwm_pkg/share/rc_pwm_pkg/environment/ament_prefix_path.sh
[2.612s] -- Up-to-date: /home/aimaim/rc_ws/install/rc_pwm_pkg/share/rc_pwm_pkg/environment/ament_prefix_path.dsv
[2.613s] -- Up-to-date: /home/aimaim/rc_ws/install/rc_pwm_pkg/share/rc_pwm_pkg/environment/path.sh
[2.613s] -- Up-to-date: /home/aimaim/rc_ws/install/rc_pwm_pkg/share/rc_pwm_pkg/environment/path.dsv
[2.614s] -- Up-to-date: /home/aimaim/rc_ws/install/rc_pwm_pkg/share/rc_pwm_pkg/local_setup.bash
[2.615s] -- Up-to-date: /home/aimaim/rc_ws/install/rc_pwm_pkg/share/rc_pwm_pkg/local_setup.sh
[2.615s] -- Up-to-date: /home/aimaim/rc_ws/install/rc_pwm_pkg/share/rc_pwm_pkg/local_setup.zsh
[2.616s] -- Up-to-date: /home/aimaim/rc_ws/install/rc_pwm_pkg/share/rc_pwm_pkg/local_setup.dsv
[2.616s] -- Installing: /home/aimaim/rc_ws/install/rc_pwm_pkg/share/rc_pwm_pkg/package.dsv
[2.618s] -- Up-to-date: /home/aimaim/rc_ws/install/rc_pwm_pkg/share/ament_index/resource_index/packages/rc_pwm_pkg
[2.621s] -- Up-to-date: /home/aimaim/rc_ws/install/rc_pwm_pkg/share/rc_pwm_pkg/cmake/export_rc_pwm_pkg__rosidl_generator_cExport.cmake
[2.622s] -- Up-to-date: /home/aimaim/rc_ws/install/rc_pwm_pkg/share/rc_pwm_pkg/cmake/export_rc_pwm_pkg__rosidl_generator_cExport-noconfig.cmake
[2.624s] -- Up-to-date: /home/aimaim/rc_ws/install/rc_pwm_pkg/share/rc_pwm_pkg/cmake/export_rc_pwm_pkg__rosidl_typesupport_fastrtps_cExport.cmake
[2.624s] -- Up-to-date: /home/aimaim/rc_ws/install/rc_pwm_pkg/share/rc_pwm_pkg/cmake/export_rc_pwm_pkg__rosidl_typesupport_fastrtps_cExport-noconfig.cmake
[2.626s] -- Up-to-date: /home/aimaim/rc_ws/install/rc_pwm_pkg/share/rc_pwm_pkg/cmake/rc_pwm_pkg__rosidl_typesupport_introspection_cExport.cmake
[2.627s] -- Up-to-date: /home/aimaim/rc_ws/install/rc_pwm_pkg/share/rc_pwm_pkg/cmake/rc_pwm_pkg__rosidl_typesupport_introspection_cExport-noconfig.cmake
[2.629s] -- Up-to-date: /home/aimaim/rc_ws/install/rc_pwm_pkg/share/rc_pwm_pkg/cmake/rc_pwm_pkg__rosidl_typesupport_cExport.cmake
[2.630s] -- Up-to-date: /home/aimaim/rc_ws/install/rc_pwm_pkg/share/rc_pwm_pkg/cmake/rc_pwm_pkg__rosidl_typesupport_cExport-noconfig.cmake
[2.632s] -- Up-to-date: /home/aimaim/rc_ws/install/rc_pwm_pkg/share/rc_pwm_pkg/cmake/export_rc_pwm_pkg__rosidl_generator_cppExport.cmake
[2.634s] -- Up-to-date: /home/aimaim/rc_ws/install/rc_pwm_pkg/share/rc_pwm_pkg/cmake/export_rc_pwm_pkg__rosidl_typesupport_fastrtps_cppExport.cmake
[2.634s] -- Up-to-date: /home/aimaim/rc_ws/install/rc_pwm_pkg/share/rc_pwm_pkg/cmake/export_rc_pwm_pkg__rosidl_typesupport_fastrtps_cppExport-noconfig.cmake
[2.637s] -- Up-to-date: /home/aimaim/rc_ws/install/rc_pwm_pkg/share/rc_pwm_pkg/cmake/rc_pwm_pkg__rosidl_typesupport_introspection_cppExport.cmake
[2.637s] -- Up-to-date: /home/aimaim/rc_ws/install/rc_pwm_pkg/share/rc_pwm_pkg/cmake/rc_pwm_pkg__rosidl_typesupport_introspection_cppExport-noconfig.cmake
[2.639s] -- Up-to-date: /home/aimaim/rc_ws/install/rc_pwm_pkg/share/rc_pwm_pkg/cmake/rc_pwm_pkg__rosidl_typesupport_cppExport.cmake
[2.640s] -- Up-to-date: /home/aimaim/rc_ws/install/rc_pwm_pkg/share/rc_pwm_pkg/cmake/rc_pwm_pkg__rosidl_typesupport_cppExport-noconfig.cmake
[2.642s] -- Up-to-date: /home/aimaim/rc_ws/install/rc_pwm_pkg/share/rc_pwm_pkg/cmake/export_rc_pwm_pkg__rosidl_generator_pyExport.cmake
[2.643s] -- Up-to-date: /home/aimaim/rc_ws/install/rc_pwm_pkg/share/rc_pwm_pkg/cmake/export_rc_pwm_pkg__rosidl_generator_pyExport-noconfig.cmake
[2.643s] -- Up-to-date: /home/aimaim/rc_ws/install/rc_pwm_pkg/share/rc_pwm_pkg/cmake/rosidl_cmake-extras.cmake
[2.644s] -- Up-to-date: /home/aimaim/rc_ws/install/rc_pwm_pkg/share/rc_pwm_pkg/cmake/ament_cmake_export_include_directories-extras.cmake
[2.644s] -- Up-to-date: /home/aimaim/rc_ws/install/rc_pwm_pkg/share/rc_pwm_pkg/cmake/ament_cmake_export_libraries-extras.cmake
[2.645s] -- Up-to-date: /home/aimaim/rc_ws/install/rc_pwm_pkg/share/rc_pwm_pkg/cmake/ament_cmake_export_targets-extras.cmake
[2.645s] -- Up-to-date: /home/aimaim/rc_ws/install/rc_pwm_pkg/share/rc_pwm_pkg/cmake/rosidl_cmake_export_typesupport_targets-extras.cmake
[2.646s] -- Up-to-date: /home/aimaim/rc_ws/install/rc_pwm_pkg/share/rc_pwm_pkg/cmake/ament_cmake_export_dependencies-extras.cmake
[2.646s] -- Up-to-date: /home/aimaim/rc_ws/install/rc_pwm_pkg/share/rc_pwm_pkg/cmake/rosidl_cmake_export_typesupport_libraries-extras.cmake
[2.647s] -- Up-to-date: /home/aimaim/rc_ws/install/rc_pwm_pkg/share/rc_pwm_pkg/cmake/rc_pwm_pkgConfig.cmake
[2.648s] -- Up-to-date: /home/aimaim/rc_ws/install/rc_pwm_pkg/share/rc_pwm_pkg/cmake/rc_pwm_pkgConfig-version.cmake
[2.648s] -- Up-to-date: /home/aimaim/rc_ws/install/rc_pwm_pkg/share/rc_pwm_pkg/package.xml
[2.656s] Invoked command in '/home/aimaim/rc_ws/build/rc_pwm_pkg' returned '0': CMAKE_PREFIX_PATH=${CMAKE_PREFIX_PATH}:/home/aimaim/rc_ws/install/rc /usr/bin/cmake --install /home/aimaim/rc_ws/build/rc_pwm_pkg
