[3.507s] Invoking command in '/home/aimaim/rc_ws/src/rc': PYTHONPATH=/home/aimaim/rc_ws/build/rc/prefix_override:/usr/lib/python3/dist-packages/colcon_core/task/python/colcon_distutils_commands:/home/aimaim/rc_ws/install/rc/lib/python3.10/site-packages:${PYTHONPATH} /usr/bin/python3 -W ignore:setup.py install is deprecated -W ignore:easy_install command is deprecated setup.py egg_info --egg-base ../../build/rc build --build-base /home/aimaim/rc_ws/build/rc/build install --record /home/aimaim/rc_ws/build/rc/install.log --single-version-externally-managed install_data
[4.634s] running egg_info
[4.636s] creating ../../build/rc/rc.egg-info
[4.637s] writing ../../build/rc/rc.egg-info/PKG-INFO
[4.638s] writing dependency_links to ../../build/rc/rc.egg-info/dependency_links.txt
[4.638s] writing entry points to ../../build/rc/rc.egg-info/entry_points.txt
[4.639s] writing requirements to ../../build/rc/rc.egg-info/requires.txt
[4.639s] writing top-level names to ../../build/rc/rc.egg-info/top_level.txt
[4.640s] writing manifest file '../../build/rc/rc.egg-info/SOURCES.txt'
[4.647s] reading manifest file '../../build/rc/rc.egg-info/SOURCES.txt'
[4.647s] adding license file 'LICENSE'
[4.649s] writing manifest file '../../build/rc/rc.egg-info/SOURCES.txt'
[4.650s] running build
[4.650s] running build_py
[4.651s] creating /home/aimaim/rc_ws/build/rc/build
[4.651s] creating /home/aimaim/rc_ws/build/rc/build/lib
[4.652s] creating /home/aimaim/rc_ws/build/rc/build/lib/rc
[4.652s] copying rc/__init__.py -> /home/aimaim/rc_ws/build/rc/build/lib/rc
[4.652s] copying rc/rc_control.py -> /home/aimaim/rc_ws/build/rc/build/lib/rc
[4.653s] running install
[4.655s] running install_lib
[4.658s] creating /home/aimaim/rc_ws/install/rc/lib/python3.10/site-packages/rc
[4.658s] copying /home/aimaim/rc_ws/build/rc/build/lib/rc/__init__.py -> /home/aimaim/rc_ws/install/rc/lib/python3.10/site-packages/rc
[4.658s] copying /home/aimaim/rc_ws/build/rc/build/lib/rc/rc_control.py -> /home/aimaim/rc_ws/install/rc/lib/python3.10/site-packages/rc
[4.661s] byte-compiling /home/aimaim/rc_ws/install/rc/lib/python3.10/site-packages/rc/__init__.py to __init__.cpython-310.pyc
[4.662s] byte-compiling /home/aimaim/rc_ws/install/rc/lib/python3.10/site-packages/rc/rc_control.py to rc_control.cpython-310.pyc
[4.663s] running install_data
[4.664s] creating /home/aimaim/rc_ws/install/rc/share/ament_index
[4.664s] creating /home/aimaim/rc_ws/install/rc/share/ament_index/resource_index
[4.665s] creating /home/aimaim/rc_ws/install/rc/share/ament_index/resource_index/packages
[4.665s] copying resource/rc -> /home/aimaim/rc_ws/install/rc/share/ament_index/resource_index/packages
[4.666s] copying package.xml -> /home/aimaim/rc_ws/install/rc/share/rc
[4.666s] running install_egg_info
[4.673s] Copying ../../build/rc/rc.egg-info to /home/aimaim/rc_ws/install/rc/lib/python3.10/site-packages/rc-0.0.0-py3.10.egg-info
[4.678s] running install_scripts
[4.752s] Installing rc_control script to /home/aimaim/rc_ws/install/rc/lib/rc
[4.754s] writing list of installed files to '/home/aimaim/rc_ws/build/rc/install.log'
[4.868s] Invoked command in '/home/aimaim/rc_ws/src/rc' returned '0': PYTHONPATH=/home/aimaim/rc_ws/build/rc/prefix_override:/usr/lib/python3/dist-packages/colcon_core/task/python/colcon_distutils_commands:/home/aimaim/rc_ws/install/rc/lib/python3.10/site-packages:${PYTHONPATH} /usr/bin/python3 -W ignore:setup.py install is deprecated -W ignore:easy_install command is deprecated setup.py egg_info --egg-base ../../build/rc build --build-base /home/aimaim/rc_ws/build/rc/build install --record /home/aimaim/rc_ws/build/rc/install.log --single-version-externally-managed install_data
