[0.457s] DEBUG:colcon:Command line arguments: ['/usr/bin/colcon', 'build']
[0.458s] DEBUG:colcon:Parsed command line arguments: Namespace(log_base=None, log_level=None, verb_name='build', build_base='build', install_base='install', merge_install=False, symlink_install=False, test_result_base=None, continue_on_error=False, executor='parallel', parallel_workers=4, event_handlers=None, ignore_user_meta=False, metas=['./colcon.meta'], base_paths=['.'], packages_ignore=None, packages_ignore_regex=None, paths=None, packages_up_to=None, packages_up_to_regex=None, packages_above=None, packages_above_and_dependencies=None, packages_above_depth=None, packages_select_by_dep=None, packages_skip_by_dep=None, packages_skip_up_to=None, packages_select_build_failed=False, packages_skip_build_finished=False, packages_select_test_failures=False, packages_skip_test_passed=False, packages_select=None, packages_skip=None, packages_select_regex=None, packages_skip_regex=None, packages_start=None, packages_end=None, allow_overriding=[], cmake_args=None, cmake_target=None, cmake_target_skip_unavailable=False, cmake_clean_cache=False, cmake_clean_first=False, cmake_force_configure=False, ament_cmake_args=None, catkin_cmake_args=None, catkin_skip_building_tests=False, mixin_files=None, mixin=None, verb_parser=<colcon_mixin.mixin.mixin_argument.MixinArgumentDecorator object at 0xffff8e1a6c50>, verb_extension=<colcon_core.verb.build.BuildVerb object at 0xffff8e28fbb0>, main=<bound method BuildVerb.main of <colcon_core.verb.build.BuildVerb object at 0xffff8e28fbb0>>, mixin_verb=('build',))
[1.309s] Level 1:colcon.colcon_core.package_discovery:discover_packages(colcon_meta) check parameters
[1.310s] Level 1:colcon.colcon_core.package_discovery:discover_packages(recursive) check parameters
[1.310s] Level 1:colcon.colcon_core.package_discovery:discover_packages(ignore) check parameters
[1.310s] Level 1:colcon.colcon_core.package_discovery:discover_packages(path) check parameters
[1.310s] Level 1:colcon.colcon_core.package_discovery:discover_packages(colcon_meta) discover
[1.310s] Level 1:colcon.colcon_core.package_discovery:discover_packages(recursive) discover
[1.311s] INFO:colcon.colcon_core.package_discovery:Crawling recursively for packages in '/home/aimaim/rc_ws'
[1.311s] Level 1:colcon.colcon_core.package_identification:_identify(.) by extensions ['ignore', 'ignore_ament_install']
[1.311s] Level 1:colcon.colcon_core.package_identification:_identify(.) by extension 'ignore'
[1.312s] Level 1:colcon.colcon_core.package_identification:_identify(.) by extension 'ignore_ament_install'
[1.312s] Level 1:colcon.colcon_core.package_identification:_identify(.) by extensions ['colcon_pkg']
[1.312s] Level 1:colcon.colcon_core.package_identification:_identify(.) by extension 'colcon_pkg'
[1.312s] Level 1:colcon.colcon_core.package_identification:_identify(.) by extensions ['colcon_meta']
[1.312s] Level 1:colcon.colcon_core.package_identification:_identify(.) by extension 'colcon_meta'
[1.312s] Level 1:colcon.colcon_core.package_identification:_identify(.) by extensions ['ros']
[1.312s] Level 1:colcon.colcon_core.package_identification:_identify(.) by extension 'ros'
[1.356s] Level 1:colcon.colcon_core.package_identification:_identify(.) by extensions ['cmake', 'python']
[1.356s] Level 1:colcon.colcon_core.package_identification:_identify(.) by extension 'cmake'
[1.357s] Level 1:colcon.colcon_core.package_identification:_identify(.) by extension 'python'
[1.357s] Level 1:colcon.colcon_core.package_identification:_identify(.) by extensions ['python_setup_py']
[1.357s] Level 1:colcon.colcon_core.package_identification:_identify(.) by extension 'python_setup_py'
[1.357s] Level 1:colcon.colcon_core.package_identification:_identify(build) by extensions ['ignore', 'ignore_ament_install']
[1.358s] Level 1:colcon.colcon_core.package_identification:_identify(build) by extension 'ignore'
[1.358s] Level 1:colcon.colcon_core.package_identification:_identify(build) ignored
[1.359s] Level 1:colcon.colcon_core.package_identification:_identify(install) by extensions ['ignore', 'ignore_ament_install']
[1.359s] Level 1:colcon.colcon_core.package_identification:_identify(install) by extension 'ignore'
[1.359s] Level 1:colcon.colcon_core.package_identification:_identify(install) ignored
[1.360s] Level 1:colcon.colcon_core.package_identification:_identify(log) by extensions ['ignore', 'ignore_ament_install']
[1.360s] Level 1:colcon.colcon_core.package_identification:_identify(log) by extension 'ignore'
[1.360s] Level 1:colcon.colcon_core.package_identification:_identify(log) ignored
[1.360s] Level 1:colcon.colcon_core.package_identification:_identify(src) by extensions ['ignore', 'ignore_ament_install']
[1.361s] Level 1:colcon.colcon_core.package_identification:_identify(src) by extension 'ignore'
[1.361s] Level 1:colcon.colcon_core.package_identification:_identify(src) by extension 'ignore_ament_install'
[1.361s] Level 1:colcon.colcon_core.package_identification:_identify(src) by extensions ['colcon_pkg']
[1.361s] Level 1:colcon.colcon_core.package_identification:_identify(src) by extension 'colcon_pkg'
[1.361s] Level 1:colcon.colcon_core.package_identification:_identify(src) by extensions ['colcon_meta']
[1.362s] Level 1:colcon.colcon_core.package_identification:_identify(src) by extension 'colcon_meta'
[1.362s] Level 1:colcon.colcon_core.package_identification:_identify(src) by extensions ['ros']
[1.362s] Level 1:colcon.colcon_core.package_identification:_identify(src) by extension 'ros'
[1.362s] Level 1:colcon.colcon_core.package_identification:_identify(src) by extensions ['cmake', 'python']
[1.362s] Level 1:colcon.colcon_core.package_identification:_identify(src) by extension 'cmake'
[1.362s] Level 1:colcon.colcon_core.package_identification:_identify(src) by extension 'python'
[1.363s] Level 1:colcon.colcon_core.package_identification:_identify(src) by extensions ['python_setup_py']
[1.363s] Level 1:colcon.colcon_core.package_identification:_identify(src) by extension 'python_setup_py'
[1.363s] Level 1:colcon.colcon_core.package_identification:_identify(src/rc) by extensions ['ignore', 'ignore_ament_install']
[1.364s] Level 1:colcon.colcon_core.package_identification:_identify(src/rc) by extension 'ignore'
[1.364s] Level 1:colcon.colcon_core.package_identification:_identify(src/rc) by extension 'ignore_ament_install'
[1.364s] Level 1:colcon.colcon_core.package_identification:_identify(src/rc) by extensions ['colcon_pkg']
[1.364s] Level 1:colcon.colcon_core.package_identification:_identify(src/rc) by extension 'colcon_pkg'
[1.364s] Level 1:colcon.colcon_core.package_identification:_identify(src/rc) by extensions ['colcon_meta']
[1.364s] Level 1:colcon.colcon_core.package_identification:_identify(src/rc) by extension 'colcon_meta'
[1.364s] Level 1:colcon.colcon_core.package_identification:_identify(src/rc) by extensions ['ros']
[1.365s] Level 1:colcon.colcon_core.package_identification:_identify(src/rc) by extension 'ros'
[1.373s] DEBUG:colcon.colcon_core.package_identification:Package 'src/rc' with type 'ros.ament_python' and name 'rc'
[1.374s] Level 1:colcon.colcon_core.package_identification:_identify(src/rc_pwm_pkg) by extensions ['ignore', 'ignore_ament_install']
[1.374s] Level 1:colcon.colcon_core.package_identification:_identify(src/rc_pwm_pkg) by extension 'ignore'
[1.375s] Level 1:colcon.colcon_core.package_identification:_identify(src/rc_pwm_pkg) by extension 'ignore_ament_install'
[1.375s] Level 1:colcon.colcon_core.package_identification:_identify(src/rc_pwm_pkg) by extensions ['colcon_pkg']
[1.375s] Level 1:colcon.colcon_core.package_identification:_identify(src/rc_pwm_pkg) by extension 'colcon_pkg'
[1.375s] Level 1:colcon.colcon_core.package_identification:_identify(src/rc_pwm_pkg) by extensions ['colcon_meta']
[1.375s] Level 1:colcon.colcon_core.package_identification:_identify(src/rc_pwm_pkg) by extension 'colcon_meta'
[1.375s] Level 1:colcon.colcon_core.package_identification:_identify(src/rc_pwm_pkg) by extensions ['ros']
[1.375s] Level 1:colcon.colcon_core.package_identification:_identify(src/rc_pwm_pkg) by extension 'ros'
[1.378s] DEBUG:colcon.colcon_core.package_identification:Package 'src/rc_pwm_pkg' with type 'ros.ament_cmake' and name 'rc_pwm_pkg'
[1.378s] Level 1:colcon.colcon_core.package_discovery:discover_packages(recursive) using defaults
[1.378s] Level 1:colcon.colcon_core.package_discovery:discover_packages(ignore) discover
[1.378s] Level 1:colcon.colcon_core.package_discovery:discover_packages(ignore) using defaults
[1.378s] Level 1:colcon.colcon_core.package_discovery:discover_packages(path) discover
[1.378s] Level 1:colcon.colcon_core.package_discovery:discover_packages(path) using defaults
[1.497s] Level 1:colcon.colcon_core.package_discovery:discover_packages(prefix_path) check parameters
[1.497s] Level 1:colcon.colcon_core.package_discovery:discover_packages(prefix_path) discover
[1.550s] DEBUG:colcon.colcon_installed_package_information.package_discovery:Found 341 installed packages in /home/aimaim/ros2_humble/ros2-linux
[1.557s] Level 1:colcon.colcon_core.package_discovery:discover_packages(prefix_path) using defaults
[1.687s] Level 5:colcon.colcon_core.verb:set package 'rc_pwm_pkg' build argument 'cmake_args' from command line to 'None'
[1.687s] Level 5:colcon.colcon_core.verb:set package 'rc_pwm_pkg' build argument 'cmake_target' from command line to 'None'
[1.688s] Level 5:colcon.colcon_core.verb:set package 'rc_pwm_pkg' build argument 'cmake_target_skip_unavailable' from command line to 'False'
[1.688s] Level 5:colcon.colcon_core.verb:set package 'rc_pwm_pkg' build argument 'cmake_clean_cache' from command line to 'False'
[1.688s] Level 5:colcon.colcon_core.verb:set package 'rc_pwm_pkg' build argument 'cmake_clean_first' from command line to 'False'
[1.688s] Level 5:colcon.colcon_core.verb:set package 'rc_pwm_pkg' build argument 'cmake_force_configure' from command line to 'False'
[1.688s] Level 5:colcon.colcon_core.verb:set package 'rc_pwm_pkg' build argument 'ament_cmake_args' from command line to 'None'
[1.688s] Level 5:colcon.colcon_core.verb:set package 'rc_pwm_pkg' build argument 'catkin_cmake_args' from command line to 'None'
[1.688s] Level 5:colcon.colcon_core.verb:set package 'rc_pwm_pkg' build argument 'catkin_skip_building_tests' from command line to 'False'
[1.688s] DEBUG:colcon.colcon_core.verb:Building package 'rc_pwm_pkg' with the following arguments: {'ament_cmake_args': None, 'build_base': '/home/aimaim/rc_ws/build/rc_pwm_pkg', 'catkin_cmake_args': None, 'catkin_skip_building_tests': False, 'cmake_args': None, 'cmake_clean_cache': False, 'cmake_clean_first': False, 'cmake_force_configure': False, 'cmake_target': None, 'cmake_target_skip_unavailable': False, 'install_base': '/home/aimaim/rc_ws/install/rc_pwm_pkg', 'merge_install': False, 'path': '/home/aimaim/rc_ws/src/rc_pwm_pkg', 'symlink_install': False, 'test_result_base': None}
[1.690s] Level 5:colcon.colcon_core.verb:set package 'rc' build argument 'cmake_args' from command line to 'None'
[1.690s] Level 5:colcon.colcon_core.verb:set package 'rc' build argument 'cmake_target' from command line to 'None'
[1.690s] Level 5:colcon.colcon_core.verb:set package 'rc' build argument 'cmake_target_skip_unavailable' from command line to 'False'
[1.690s] Level 5:colcon.colcon_core.verb:set package 'rc' build argument 'cmake_clean_cache' from command line to 'False'
[1.690s] Level 5:colcon.colcon_core.verb:set package 'rc' build argument 'cmake_clean_first' from command line to 'False'
[1.690s] Level 5:colcon.colcon_core.verb:set package 'rc' build argument 'cmake_force_configure' from command line to 'False'
[1.691s] Level 5:colcon.colcon_core.verb:set package 'rc' build argument 'ament_cmake_args' from command line to 'None'
[1.691s] Level 5:colcon.colcon_core.verb:set package 'rc' build argument 'catkin_cmake_args' from command line to 'None'
[1.691s] Level 5:colcon.colcon_core.verb:set package 'rc' build argument 'catkin_skip_building_tests' from command line to 'False'
[1.691s] DEBUG:colcon.colcon_core.verb:Building package 'rc' with the following arguments: {'ament_cmake_args': None, 'build_base': '/home/aimaim/rc_ws/build/rc', 'catkin_cmake_args': None, 'catkin_skip_building_tests': False, 'cmake_args': None, 'cmake_clean_cache': False, 'cmake_clean_first': False, 'cmake_force_configure': False, 'cmake_target': None, 'cmake_target_skip_unavailable': False, 'install_base': '/home/aimaim/rc_ws/install/rc', 'merge_install': False, 'path': '/home/aimaim/rc_ws/src/rc', 'symlink_install': False, 'test_result_base': None}
[1.691s] INFO:colcon.colcon_core.executor:Executing jobs using 'parallel' executor
[1.695s] DEBUG:colcon.colcon_parallel_executor.executor.parallel:run_until_complete
[1.696s] INFO:colcon.colcon_ros.task.ament_cmake.build:Building ROS package in '/home/aimaim/rc_ws/src/rc_pwm_pkg' with build type 'ament_cmake'
[1.697s] INFO:colcon.colcon_cmake.task.cmake.build:Building CMake package in '/home/aimaim/rc_ws/src/rc_pwm_pkg'
[1.705s] INFO:colcon.colcon_core.plugin_system:Skipping extension 'colcon_core.shell.bat': Not used on non-Windows systems
[1.706s] INFO:colcon.colcon_core.shell:Skip shell extension 'powershell' for command environment: Not usable outside of PowerShell
[1.707s] DEBUG:colcon.colcon_core.shell:Skip shell extension 'dsv' for command environment
[1.782s] DEBUG:colcon.colcon_core.event_handler.log_command:Invoking command in '/home/aimaim/rc_ws/build/rc_pwm_pkg': /usr/bin/cmake --build /home/aimaim/rc_ws/build/rc_pwm_pkg -- -j4 -l4
[3.563s] DEBUG:colcon.colcon_core.event_handler.log_command:Invoked command in '/home/aimaim/rc_ws/build/rc_pwm_pkg' returned '0': /usr/bin/cmake --build /home/aimaim/rc_ws/build/rc_pwm_pkg -- -j4 -l4
[3.601s] DEBUG:colcon.colcon_core.event_handler.log_command:Invoking command in '/home/aimaim/rc_ws/build/rc_pwm_pkg': /usr/bin/cmake --install /home/aimaim/rc_ws/build/rc_pwm_pkg
[3.866s] Level 1:colcon.colcon_core.environment:create_environment_scripts_only(rc_pwm_pkg)
[3.867s] DEBUG:colcon.colcon_core.event_handler.log_command:Invoked command in '/home/aimaim/rc_ws/build/rc_pwm_pkg' returned '0': /usr/bin/cmake --install /home/aimaim/rc_ws/build/rc_pwm_pkg
[3.877s] Level 1:colcon.colcon_core.environment:checking '/home/aimaim/rc_ws/install/rc_pwm_pkg' for CMake module files
[3.882s] Level 1:colcon.colcon_core.environment:checking '/home/aimaim/rc_ws/install/rc_pwm_pkg' for CMake config files
[3.886s] Level 1:colcon.colcon_core.shell:create_environment_hook('rc_pwm_pkg', 'cmake_prefix_path')
[3.887s] INFO:colcon.colcon_core.shell:Creating environment hook '/home/aimaim/rc_ws/install/rc_pwm_pkg/share/rc_pwm_pkg/hook/cmake_prefix_path.ps1'
[3.889s] INFO:colcon.colcon_core.shell:Creating environment descriptor '/home/aimaim/rc_ws/install/rc_pwm_pkg/share/rc_pwm_pkg/hook/cmake_prefix_path.dsv'
[3.891s] INFO:colcon.colcon_core.shell:Creating environment hook '/home/aimaim/rc_ws/install/rc_pwm_pkg/share/rc_pwm_pkg/hook/cmake_prefix_path.sh'
[3.895s] Level 1:colcon.colcon_core.environment:checking '/home/aimaim/rc_ws/install/rc_pwm_pkg/lib'
[3.896s] Level 1:colcon.colcon_core.shell:create_environment_hook('rc_pwm_pkg', 'ld_library_path_lib')
[3.897s] INFO:colcon.colcon_core.shell:Creating environment hook '/home/aimaim/rc_ws/install/rc_pwm_pkg/share/rc_pwm_pkg/hook/ld_library_path_lib.ps1'
[3.899s] INFO:colcon.colcon_core.shell:Creating environment descriptor '/home/aimaim/rc_ws/install/rc_pwm_pkg/share/rc_pwm_pkg/hook/ld_library_path_lib.dsv'
[3.900s] INFO:colcon.colcon_core.shell:Creating environment hook '/home/aimaim/rc_ws/install/rc_pwm_pkg/share/rc_pwm_pkg/hook/ld_library_path_lib.sh'
[3.902s] Level 1:colcon.colcon_core.environment:checking '/home/aimaim/rc_ws/install/rc_pwm_pkg/bin'
[3.903s] Level 1:colcon.colcon_core.environment:checking '/home/aimaim/rc_ws/install/rc_pwm_pkg/lib/pkgconfig/rc_pwm_pkg.pc'
[3.906s] Level 1:colcon.colcon_core.environment:checking '/home/aimaim/rc_ws/install/rc_pwm_pkg/lib/python3.10/site-packages'
[3.908s] Level 1:colcon.colcon_core.environment:checking '/home/aimaim/rc_ws/install/rc_pwm_pkg/bin'
[3.909s] INFO:colcon.colcon_core.shell:Creating package script '/home/aimaim/rc_ws/install/rc_pwm_pkg/share/rc_pwm_pkg/package.ps1'
[3.913s] INFO:colcon.colcon_core.shell:Creating package descriptor '/home/aimaim/rc_ws/install/rc_pwm_pkg/share/rc_pwm_pkg/package.dsv'
[3.915s] INFO:colcon.colcon_core.shell:Creating package script '/home/aimaim/rc_ws/install/rc_pwm_pkg/share/rc_pwm_pkg/package.sh'
[3.919s] INFO:colcon.colcon_core.shell:Creating package script '/home/aimaim/rc_ws/install/rc_pwm_pkg/share/rc_pwm_pkg/package.bash'
[3.922s] INFO:colcon.colcon_core.shell:Creating package script '/home/aimaim/rc_ws/install/rc_pwm_pkg/share/rc_pwm_pkg/package.zsh'
[3.925s] Level 1:colcon.colcon_core.environment:create_file_with_runtime_dependencies(/home/aimaim/rc_ws/install/rc_pwm_pkg/share/colcon-core/packages/rc_pwm_pkg)
[3.928s] Level 1:colcon.colcon_core.environment:create_environment_scripts_only(rc_pwm_pkg)
[3.929s] Level 1:colcon.colcon_core.environment:checking '/home/aimaim/rc_ws/install/rc_pwm_pkg' for CMake module files
[3.933s] Level 1:colcon.colcon_core.environment:checking '/home/aimaim/rc_ws/install/rc_pwm_pkg' for CMake config files
[3.936s] Level 1:colcon.colcon_core.shell:create_environment_hook('rc_pwm_pkg', 'cmake_prefix_path')
[3.937s] INFO:colcon.colcon_core.shell:Creating environment hook '/home/aimaim/rc_ws/install/rc_pwm_pkg/share/rc_pwm_pkg/hook/cmake_prefix_path.ps1'
[3.939s] INFO:colcon.colcon_core.shell:Creating environment descriptor '/home/aimaim/rc_ws/install/rc_pwm_pkg/share/rc_pwm_pkg/hook/cmake_prefix_path.dsv'
[3.940s] INFO:colcon.colcon_core.shell:Creating environment hook '/home/aimaim/rc_ws/install/rc_pwm_pkg/share/rc_pwm_pkg/hook/cmake_prefix_path.sh'
[3.943s] Level 1:colcon.colcon_core.environment:checking '/home/aimaim/rc_ws/install/rc_pwm_pkg/lib'
[3.943s] Level 1:colcon.colcon_core.shell:create_environment_hook('rc_pwm_pkg', 'ld_library_path_lib')
[3.944s] INFO:colcon.colcon_core.shell:Creating environment hook '/home/aimaim/rc_ws/install/rc_pwm_pkg/share/rc_pwm_pkg/hook/ld_library_path_lib.ps1'
[3.947s] INFO:colcon.colcon_core.shell:Creating environment descriptor '/home/aimaim/rc_ws/install/rc_pwm_pkg/share/rc_pwm_pkg/hook/ld_library_path_lib.dsv'
[3.948s] INFO:colcon.colcon_core.shell:Creating environment hook '/home/aimaim/rc_ws/install/rc_pwm_pkg/share/rc_pwm_pkg/hook/ld_library_path_lib.sh'
[3.950s] Level 1:colcon.colcon_core.environment:checking '/home/aimaim/rc_ws/install/rc_pwm_pkg/bin'
[3.951s] Level 1:colcon.colcon_core.environment:checking '/home/aimaim/rc_ws/install/rc_pwm_pkg/lib/pkgconfig/rc_pwm_pkg.pc'
[3.952s] Level 1:colcon.colcon_core.environment:checking '/home/aimaim/rc_ws/install/rc_pwm_pkg/lib/python3.10/site-packages'
[3.952s] Level 1:colcon.colcon_core.environment:checking '/home/aimaim/rc_ws/install/rc_pwm_pkg/bin'
[3.954s] INFO:colcon.colcon_core.shell:Creating package script '/home/aimaim/rc_ws/install/rc_pwm_pkg/share/rc_pwm_pkg/package.ps1'
[3.956s] INFO:colcon.colcon_core.shell:Creating package descriptor '/home/aimaim/rc_ws/install/rc_pwm_pkg/share/rc_pwm_pkg/package.dsv'
[3.959s] INFO:colcon.colcon_core.shell:Creating package script '/home/aimaim/rc_ws/install/rc_pwm_pkg/share/rc_pwm_pkg/package.sh'
[3.961s] INFO:colcon.colcon_core.shell:Creating package script '/home/aimaim/rc_ws/install/rc_pwm_pkg/share/rc_pwm_pkg/package.bash'
[3.963s] INFO:colcon.colcon_core.shell:Creating package script '/home/aimaim/rc_ws/install/rc_pwm_pkg/share/rc_pwm_pkg/package.zsh'
[3.965s] Level 1:colcon.colcon_core.environment:create_file_with_runtime_dependencies(/home/aimaim/rc_ws/install/rc_pwm_pkg/share/colcon-core/packages/rc_pwm_pkg)
[3.967s] INFO:colcon.colcon_ros.task.ament_python.build:Building ROS package in '/home/aimaim/rc_ws/src/rc' with build type 'ament_python'
[3.967s] Level 1:colcon.colcon_core.shell:create_environment_hook('rc', 'ament_prefix_path')
[3.968s] INFO:colcon.colcon_core.shell:Creating environment hook '/home/aimaim/rc_ws/install/rc/share/rc/hook/ament_prefix_path.ps1'
[3.971s] INFO:colcon.colcon_core.shell:Creating environment descriptor '/home/aimaim/rc_ws/install/rc/share/rc/hook/ament_prefix_path.dsv'
[3.974s] INFO:colcon.colcon_core.shell:Creating environment hook '/home/aimaim/rc_ws/install/rc/share/rc/hook/ament_prefix_path.sh'
[3.976s] INFO:colcon.colcon_core.shell:Skip shell extension 'powershell' for command environment: Not usable outside of PowerShell
[3.977s] DEBUG:colcon.colcon_core.shell:Skip shell extension 'dsv' for command environment
[5.287s] INFO:colcon.colcon_core.task.python.build:Building Python package in '/home/aimaim/rc_ws/src/rc'
[5.288s] INFO:colcon.colcon_core.shell:Skip shell extension 'powershell' for command environment: Not usable outside of PowerShell
[5.288s] DEBUG:colcon.colcon_core.shell:Skip shell extension 'dsv' for command environment
[7.145s] DEBUG:colcon.colcon_core.event_handler.log_command:Invoking command in '/home/aimaim/rc_ws/src/rc': AMENT_PREFIX_PATH=/home/aimaim/rc_ws/install/rc_pwm_pkg:${AMENT_PREFIX_PATH} CMAKE_PREFIX_PATH=/home/aimaim/rc_ws/install/rc_pwm_pkg:${CMAKE_PREFIX_PATH} LD_LIBRARY_PATH=/home/aimaim/rc_ws/install/rc_pwm_pkg/lib:${LD_LIBRARY_PATH} PYTHONPATH=/home/aimaim/rc_ws/build/rc/prefix_override:/usr/lib/python3/dist-packages/colcon_core/task/python/colcon_distutils_commands:/home/aimaim/rc_ws/install/rc/lib/python3.10/site-packages:/home/aimaim/rc_ws/install/rc_pwm_pkg/local/lib/python3.10/dist-packages:${PYTHONPATH} /usr/bin/python3 -W ignore:setup.py install is deprecated -W ignore:easy_install command is deprecated setup.py egg_info --egg-base ../../build/rc build --build-base /home/aimaim/rc_ws/build/rc/build install --record /home/aimaim/rc_ws/build/rc/install.log --single-version-externally-managed install_data
[8.539s] Level 1:colcon.colcon_core.environment:checking '/home/aimaim/rc_ws/install/rc' for CMake module files
[8.541s] DEBUG:colcon.colcon_core.event_handler.log_command:Invoked command in '/home/aimaim/rc_ws/src/rc' returned '0': AMENT_PREFIX_PATH=/home/aimaim/rc_ws/install/rc_pwm_pkg:${AMENT_PREFIX_PATH} CMAKE_PREFIX_PATH=/home/aimaim/rc_ws/install/rc_pwm_pkg:${CMAKE_PREFIX_PATH} LD_LIBRARY_PATH=/home/aimaim/rc_ws/install/rc_pwm_pkg/lib:${LD_LIBRARY_PATH} PYTHONPATH=/home/aimaim/rc_ws/build/rc/prefix_override:/usr/lib/python3/dist-packages/colcon_core/task/python/colcon_distutils_commands:/home/aimaim/rc_ws/install/rc/lib/python3.10/site-packages:/home/aimaim/rc_ws/install/rc_pwm_pkg/local/lib/python3.10/dist-packages:${PYTHONPATH} /usr/bin/python3 -W ignore:setup.py install is deprecated -W ignore:easy_install command is deprecated setup.py egg_info --egg-base ../../build/rc build --build-base /home/aimaim/rc_ws/build/rc/build install --record /home/aimaim/rc_ws/build/rc/install.log --single-version-externally-managed install_data
[8.542s] Level 1:colcon.colcon_core.environment:checking '/home/aimaim/rc_ws/install/rc' for CMake config files
[8.546s] Level 1:colcon.colcon_core.environment:checking '/home/aimaim/rc_ws/install/rc/lib'
[8.546s] Level 1:colcon.colcon_core.environment:checking '/home/aimaim/rc_ws/install/rc/bin'
[8.546s] Level 1:colcon.colcon_core.environment:checking '/home/aimaim/rc_ws/install/rc/lib/pkgconfig/rc.pc'
[8.547s] Level 1:colcon.colcon_core.environment:checking '/home/aimaim/rc_ws/install/rc/lib/python3.10/site-packages'
[8.547s] Level 1:colcon.colcon_core.shell:create_environment_hook('rc', 'pythonpath')
[8.548s] INFO:colcon.colcon_core.shell:Creating environment hook '/home/aimaim/rc_ws/install/rc/share/rc/hook/pythonpath.ps1'
[8.550s] INFO:colcon.colcon_core.shell:Creating environment descriptor '/home/aimaim/rc_ws/install/rc/share/rc/hook/pythonpath.dsv'
[8.552s] INFO:colcon.colcon_core.shell:Creating environment hook '/home/aimaim/rc_ws/install/rc/share/rc/hook/pythonpath.sh'
[8.555s] Level 1:colcon.colcon_core.environment:checking '/home/aimaim/rc_ws/install/rc/bin'
[8.555s] Level 1:colcon.colcon_core.environment:create_environment_scripts_only(rc)
[8.557s] INFO:colcon.colcon_core.shell:Creating package script '/home/aimaim/rc_ws/install/rc/share/rc/package.ps1'
[8.559s] INFO:colcon.colcon_core.shell:Creating package descriptor '/home/aimaim/rc_ws/install/rc/share/rc/package.dsv'
[8.561s] INFO:colcon.colcon_core.shell:Creating package script '/home/aimaim/rc_ws/install/rc/share/rc/package.sh'
[8.564s] INFO:colcon.colcon_core.shell:Creating package script '/home/aimaim/rc_ws/install/rc/share/rc/package.bash'
[8.565s] INFO:colcon.colcon_core.shell:Creating package script '/home/aimaim/rc_ws/install/rc/share/rc/package.zsh'
[8.567s] Level 1:colcon.colcon_core.environment:create_file_with_runtime_dependencies(/home/aimaim/rc_ws/install/rc/share/colcon-core/packages/rc)
[8.568s] DEBUG:colcon.colcon_parallel_executor.executor.parallel:closing loop
[8.570s] DEBUG:colcon.colcon_parallel_executor.executor.parallel:loop closed
[8.570s] DEBUG:colcon.colcon_parallel_executor.executor.parallel:run_until_complete finished with '0'
[8.571s] DEBUG:colcon.colcon_core.event_reactor:joining thread
[8.592s] INFO:colcon.colcon_core.plugin_system:Skipping extension 'colcon_notification.desktop_notification.notify_send': Could not find 'notify-send'
[8.593s] INFO:colcon.colcon_core.plugin_system:Skipping extension 'colcon_notification.desktop_notification.terminal_notifier': Not used on non-Darwin systems
[8.593s] INFO:colcon.colcon_core.plugin_system:Skipping extension 'colcon_notification.desktop_notification.win32': Not used on non-Windows systems
[8.593s] INFO:colcon.colcon_notification.desktop_notification:Sending desktop notification using 'notify2'
[8.596s] DEBUG:colcon.colcon_notification.desktop_notification.notify2:Failed to initialize notify2: org.freedesktop.DBus.Error.ServiceUnknown: The name org.freedesktop.Notifications was not provided by any .service files
[8.596s] DEBUG:colcon.colcon_core.event_reactor:joined thread
[8.597s] INFO:colcon.colcon_core.shell:Creating prefix script '/home/aimaim/rc_ws/install/local_setup.ps1'
[8.601s] INFO:colcon.colcon_core.shell:Creating prefix util module '/home/aimaim/rc_ws/install/_local_setup_util_ps1.py'
[8.609s] INFO:colcon.colcon_core.shell:Creating prefix chain script '/home/aimaim/rc_ws/install/setup.ps1'
[8.614s] INFO:colcon.colcon_core.shell:Creating prefix script '/home/aimaim/rc_ws/install/local_setup.sh'
[8.617s] INFO:colcon.colcon_core.shell:Creating prefix util module '/home/aimaim/rc_ws/install/_local_setup_util_sh.py'
[8.620s] INFO:colcon.colcon_core.shell:Creating prefix chain script '/home/aimaim/rc_ws/install/setup.sh'
[8.624s] INFO:colcon.colcon_core.shell:Creating prefix script '/home/aimaim/rc_ws/install/local_setup.bash'
[8.626s] INFO:colcon.colcon_core.shell:Creating prefix chain script '/home/aimaim/rc_ws/install/setup.bash'
[8.630s] INFO:colcon.colcon_core.shell:Creating prefix script '/home/aimaim/rc_ws/install/local_setup.zsh'
[8.633s] INFO:colcon.colcon_core.shell:Creating prefix chain script '/home/aimaim/rc_ws/install/setup.zsh'
