[3.065s] Invoking command in '/home/aimaim/rc_ws/src/rc': PYTHONPATH=/home/aimaim/rc_ws/build/rc/prefix_override:/usr/lib/python3/dist-packages/colcon_core/task/python/colcon_distutils_commands:/home/aimaim/rc_ws/install/rc/lib/python3.10/site-packages:${PYTHONPATH} /usr/bin/python3 -W ignore:setup.py install is deprecated -W ignore:easy_install command is deprecated setup.py egg_info --egg-base ../../build/rc build --build-base /home/aimaim/rc_ws/build/rc/build install --record /home/aimaim/rc_ws/build/rc/install.log --single-version-externally-managed install_data
[4.198s] running egg_info
[4.201s] writing ../../build/rc/rc.egg-info/PKG-INFO
[4.202s] writing dependency_links to ../../build/rc/rc.egg-info/dependency_links.txt
[4.202s] writing entry points to ../../build/rc/rc.egg-info/entry_points.txt
[4.203s] writing requirements to ../../build/rc/rc.egg-info/requires.txt
[4.204s] writing top-level names to ../../build/rc/rc.egg-info/top_level.txt
[4.211s] reading manifest file '../../build/rc/rc.egg-info/SOURCES.txt'
[4.213s] adding license file 'LICENSE'
[4.215s] writing manifest file '../../build/rc/rc.egg-info/SOURCES.txt'
[4.215s] running build
[4.216s] running build_py
[4.217s] running install
[4.218s] running install_lib
[4.223s] running install_data
[4.224s] running install_egg_info
[4.231s] removing '/home/aimaim/rc_ws/install/rc/lib/python3.10/site-packages/rc-0.0.0-py3.10.egg-info' (and everything under it)
[4.232s] Copying ../../build/rc/rc.egg-info to /home/aimaim/rc_ws/install/rc/lib/python3.10/site-packages/rc-0.0.0-py3.10.egg-info
[4.237s] running install_scripts
[4.311s] Installing listener script to /home/aimaim/rc_ws/install/rc/lib/rc
[4.312s] writing list of installed files to '/home/aimaim/rc_ws/build/rc/install.log'
[4.426s] Invoked command in '/home/aimaim/rc_ws/src/rc' returned '0': PYTHONPATH=/home/aimaim/rc_ws/build/rc/prefix_override:/usr/lib/python3/dist-packages/colcon_core/task/python/colcon_distutils_commands:/home/aimaim/rc_ws/install/rc/lib/python3.10/site-packages:${PYTHONPATH} /usr/bin/python3 -W ignore:setup.py install is deprecated -W ignore:easy_install command is deprecated setup.py egg_info --egg-base ../../build/rc build --build-base /home/aimaim/rc_ws/build/rc/build install --record /home/aimaim/rc_ws/build/rc/install.log --single-version-externally-managed install_data
