running egg_info
writing ../../build/rc/rc.egg-info/PKG-INFO
writing dependency_links to ../../build/rc/rc.egg-info/dependency_links.txt
writing entry points to ../../build/rc/rc.egg-info/entry_points.txt
writing requirements to ../../build/rc/rc.egg-info/requires.txt
writing top-level names to ../../build/rc/rc.egg-info/top_level.txt
reading manifest file '../../build/rc/rc.egg-info/SOURCES.txt'
adding license file 'LICENSE'
writing manifest file '../../build/rc/rc.egg-info/SOURCES.txt'
running build
running build_py
running install
running install_lib
running install_data
running install_egg_info
removing '/home/aimaim/rc_ws/install/rc/lib/python3.10/site-packages/rc-0.0.0-py3.10.egg-info' (and everything under it)
Copying ../../build/rc/rc.egg-info to /home/aimaim/rc_ws/install/rc/lib/python3.10/site-packages/rc-0.0.0-py3.10.egg-info
running install_scripts
Installing listener script to /home/aimaim/rc_ws/install/rc/lib/rc
writing list of installed files to '/home/aimaim/rc_ws/build/rc/install.log'
