[0.102s] Invoking command in '/home/aimaim/rc_ws/build/rc_pwm_pkg': CMAKE_PREFIX_PATH=${CMAKE_PREFIX_PATH}:/home/aimaim/rc_ws/install/rc /usr/bin/cmake --build /home/aimaim/rc_ws/build/rc_pwm_pkg -- -j4 -l4
[0.740s] [  7%] Built target rc_pwm_pkg__cpp
[0.742s] [ 12%] Built target rc_pwm_pkg__rosidl_generator_c
[0.819s] [ 12%] Built target ament_cmake_python_copy_rc_pwm_pkg
[0.895s] [ 23%] Built target rc_pwm_pkg__rosidl_typesupport_cpp
[0.898s] [ 33%] Built target rc_pwm_pkg__rosidl_typesupport_introspection_cpp
[0.901s] [ 43%] Built target rc_pwm_pkg__rosidl_typesupport_fastrtps_cpp
[0.947s] [ 53%] Built target rc_pwm_pkg__rosidl_typesupport_fastrtps_c
[1.005s] [ 64%] Built target rc_pwm_pkg__rosidl_typesupport_c
[1.029s] [ 74%] Built target rc_pwm_pkg__rosidl_typesupport_introspection_c
[1.114s] [ 74%] Built target rc_pwm_pkg
[1.203s] [ 76%] Built target rc_pwm_pkg__py
[1.319s] [ 84%] Built target rc_pwm_pkg__rosidl_generator_py
[1.436s] [ 94%] Built target rc_pwm_pkg__rosidl_typesupport_introspection_c__pyext
[1.437s] [ 94%] Built target rc_pwm_pkg__rosidl_typesupport_fastrtps_c__pyext
[1.438s] [100%] Built target rc_pwm_pkg__rosidl_typesupport_c__pyext
[2.171s] running egg_info
[2.174s] writing rc_pwm_pkg.egg-info/PKG-INFO
[2.175s] writing dependency_links to rc_pwm_pkg.egg-info/dependency_links.txt
[2.177s] writing top-level names to rc_pwm_pkg.egg-info/top_level.txt
[2.191s] reading manifest file 'rc_pwm_pkg.egg-info/SOURCES.txt'
[2.194s] writing manifest file 'rc_pwm_pkg.egg-info/SOURCES.txt'
[2.317s] [100%] Built target ament_cmake_python_build_rc_pwm_pkg_egg
[2.363s] Invoked command in '/home/aimaim/rc_ws/build/rc_pwm_pkg' returned '0': CMAKE_PREFIX_PATH=${CMAKE_PREFIX_PATH}:/home/aimaim/rc_ws/install/rc /usr/bin/cmake --build /home/aimaim/rc_ws/build/rc_pwm_pkg -- -j4 -l4
[2.407s] Invoking command in '/home/aimaim/rc_ws/build/rc_pwm_pkg': CMAKE_PREFIX_PATH=${CMAKE_PREFIX_PATH}:/home/aimaim/rc_ws/install/rc /usr/bin/cmake --install /home/aimaim/rc_ws/build/rc_pwm_pkg
[2.438s] -- Install configuration: ""
[2.441s] -- Up-to-date: /home/aimaim/rc_ws/install/rc_pwm_pkg/share/ament_index/resource_index/rosidl_interfaces/rc_pwm_pkg
[2.442s] -- Up-to-date: /home/aimaim/rc_ws/install/rc_pwm_pkg/include/rc_pwm_pkg/rc_pwm_pkg
[2.443s] -- Up-to-date: /home/aimaim/rc_ws/install/rc_pwm_pkg/include/rc_pwm_pkg/rc_pwm_pkg/msg
[2.444s] -- Up-to-date: /home/aimaim/rc_ws/install/rc_pwm_pkg/include/rc_pwm_pkg/rc_pwm_pkg/msg/pub_pwm.h
[2.444s] -- Up-to-date: /home/aimaim/rc_ws/install/rc_pwm_pkg/include/rc_pwm_pkg/rc_pwm_pkg/msg/pwm.h
[2.445s] -- Up-to-date: /home/aimaim/rc_ws/install/rc_pwm_pkg/include/rc_pwm_pkg/rc_pwm_pkg/msg/rosidl_generator_c__visibility_control.h
[2.445s] -- Up-to-date: /home/aimaim/rc_ws/install/rc_pwm_pkg/include/rc_pwm_pkg/rc_pwm_pkg/msg/detail
[2.446s] -- Up-to-date: /home/aimaim/rc_ws/install/rc_pwm_pkg/include/rc_pwm_pkg/rc_pwm_pkg/msg/detail/pwm__struct.h
[2.446s] -- Up-to-date: /home/aimaim/rc_ws/install/rc_pwm_pkg/include/rc_pwm_pkg/rc_pwm_pkg/msg/detail/pwm__functions.h
[2.447s] -- Up-to-date: /home/aimaim/rc_ws/install/rc_pwm_pkg/include/rc_pwm_pkg/rc_pwm_pkg/msg/detail/pub_pwm__functions.c
[2.448s] -- Up-to-date: /home/aimaim/rc_ws/install/rc_pwm_pkg/include/rc_pwm_pkg/rc_pwm_pkg/msg/detail/pub_pwm__struct.h
[2.448s] -- Up-to-date: /home/aimaim/rc_ws/install/rc_pwm_pkg/include/rc_pwm_pkg/rc_pwm_pkg/msg/detail/pub_pwm__functions.h
[2.449s] -- Up-to-date: /home/aimaim/rc_ws/install/rc_pwm_pkg/include/rc_pwm_pkg/rc_pwm_pkg/msg/detail/pwm__functions.c
[2.449s] -- Up-to-date: /home/aimaim/rc_ws/install/rc_pwm_pkg/include/rc_pwm_pkg/rc_pwm_pkg/msg/detail/pub_pwm__type_support.h
[2.450s] -- Up-to-date: /home/aimaim/rc_ws/install/rc_pwm_pkg/include/rc_pwm_pkg/rc_pwm_pkg/msg/detail/pwm__type_support.h
[2.450s] -- Up-to-date: /home/aimaim/rc_ws/install/rc_pwm_pkg/share/rc_pwm_pkg/environment/library_path.sh
[2.450s] -- Up-to-date: /home/aimaim/rc_ws/install/rc_pwm_pkg/share/rc_pwm_pkg/environment/library_path.dsv
[2.451s] -- Up-to-date: /home/aimaim/rc_ws/install/rc_pwm_pkg/lib/librc_pwm_pkg__rosidl_generator_c.so
[2.453s] -- Up-to-date: /home/aimaim/rc_ws/install/rc_pwm_pkg/include/rc_pwm_pkg/rc_pwm_pkg
[2.453s] -- Up-to-date: /home/aimaim/rc_ws/install/rc_pwm_pkg/include/rc_pwm_pkg/rc_pwm_pkg/msg
[2.454s] -- Up-to-date: /home/aimaim/rc_ws/install/rc_pwm_pkg/include/rc_pwm_pkg/rc_pwm_pkg/msg/rosidl_typesupport_fastrtps_c__visibility_control.h
[2.454s] -- Up-to-date: /home/aimaim/rc_ws/install/rc_pwm_pkg/include/rc_pwm_pkg/rc_pwm_pkg/msg/detail
[2.454s] -- Up-to-date: /home/aimaim/rc_ws/install/rc_pwm_pkg/include/rc_pwm_pkg/rc_pwm_pkg/msg/detail/pub_pwm__rosidl_typesupport_fastrtps_c.h
[2.455s] -- Up-to-date: /home/aimaim/rc_ws/install/rc_pwm_pkg/include/rc_pwm_pkg/rc_pwm_pkg/msg/detail/pwm__rosidl_typesupport_fastrtps_c.h
[2.456s] -- Up-to-date: /home/aimaim/rc_ws/install/rc_pwm_pkg/lib/librc_pwm_pkg__rosidl_typesupport_fastrtps_c.so
[2.457s] -- Up-to-date: /home/aimaim/rc_ws/install/rc_pwm_pkg/include/rc_pwm_pkg/rc_pwm_pkg
[2.458s] -- Up-to-date: /home/aimaim/rc_ws/install/rc_pwm_pkg/include/rc_pwm_pkg/rc_pwm_pkg/msg
[2.458s] -- Up-to-date: /home/aimaim/rc_ws/install/rc_pwm_pkg/include/rc_pwm_pkg/rc_pwm_pkg/msg/detail
[2.458s] -- Up-to-date: /home/aimaim/rc_ws/install/rc_pwm_pkg/include/rc_pwm_pkg/rc_pwm_pkg/msg/detail/pwm__rosidl_typesupport_introspection_c.h
[2.459s] -- Up-to-date: /home/aimaim/rc_ws/install/rc_pwm_pkg/include/rc_pwm_pkg/rc_pwm_pkg/msg/detail/pub_pwm__rosidl_typesupport_introspection_c.h
[2.459s] -- Up-to-date: /home/aimaim/rc_ws/install/rc_pwm_pkg/include/rc_pwm_pkg/rc_pwm_pkg/msg/detail/pwm__type_support.c
[2.460s] -- Up-to-date: /home/aimaim/rc_ws/install/rc_pwm_pkg/include/rc_pwm_pkg/rc_pwm_pkg/msg/detail/pub_pwm__type_support.c
[2.460s] -- Up-to-date: /home/aimaim/rc_ws/install/rc_pwm_pkg/include/rc_pwm_pkg/rc_pwm_pkg/msg/rosidl_typesupport_introspection_c__visibility_control.h
[2.461s] -- Up-to-date: /home/aimaim/rc_ws/install/rc_pwm_pkg/lib/librc_pwm_pkg__rosidl_typesupport_introspection_c.so
[2.463s] -- Up-to-date: /home/aimaim/rc_ws/install/rc_pwm_pkg/lib/librc_pwm_pkg__rosidl_typesupport_c.so
[2.464s] -- Up-to-date: /home/aimaim/rc_ws/install/rc_pwm_pkg/include/rc_pwm_pkg/rc_pwm_pkg
[2.464s] -- Up-to-date: /home/aimaim/rc_ws/install/rc_pwm_pkg/include/rc_pwm_pkg/rc_pwm_pkg/msg
[2.464s] -- Up-to-date: /home/aimaim/rc_ws/install/rc_pwm_pkg/include/rc_pwm_pkg/rc_pwm_pkg/msg/pwm.hpp
[2.465s] -- Up-to-date: /home/aimaim/rc_ws/install/rc_pwm_pkg/include/rc_pwm_pkg/rc_pwm_pkg/msg/pub_pwm.hpp
[2.465s] -- Up-to-date: /home/aimaim/rc_ws/install/rc_pwm_pkg/include/rc_pwm_pkg/rc_pwm_pkg/msg/detail
[2.465s] -- Up-to-date: /home/aimaim/rc_ws/install/rc_pwm_pkg/include/rc_pwm_pkg/rc_pwm_pkg/msg/detail/pub_pwm__builder.hpp
[2.466s] -- Up-to-date: /home/aimaim/rc_ws/install/rc_pwm_pkg/include/rc_pwm_pkg/rc_pwm_pkg/msg/detail/pwm__builder.hpp
[2.466s] -- Up-to-date: /home/aimaim/rc_ws/install/rc_pwm_pkg/include/rc_pwm_pkg/rc_pwm_pkg/msg/detail/pub_pwm__struct.hpp
[2.467s] -- Up-to-date: /home/aimaim/rc_ws/install/rc_pwm_pkg/include/rc_pwm_pkg/rc_pwm_pkg/msg/detail/pub_pwm__type_support.hpp
[2.467s] -- Up-to-date: /home/aimaim/rc_ws/install/rc_pwm_pkg/include/rc_pwm_pkg/rc_pwm_pkg/msg/detail/pwm__traits.hpp
[2.467s] -- Up-to-date: /home/aimaim/rc_ws/install/rc_pwm_pkg/include/rc_pwm_pkg/rc_pwm_pkg/msg/detail/pwm__struct.hpp
[2.468s] -- Up-to-date: /home/aimaim/rc_ws/install/rc_pwm_pkg/include/rc_pwm_pkg/rc_pwm_pkg/msg/detail/pwm__type_support.hpp
[2.468s] -- Up-to-date: /home/aimaim/rc_ws/install/rc_pwm_pkg/include/rc_pwm_pkg/rc_pwm_pkg/msg/detail/pub_pwm__traits.hpp
[2.469s] -- Up-to-date: /home/aimaim/rc_ws/install/rc_pwm_pkg/include/rc_pwm_pkg/rc_pwm_pkg/msg/rosidl_generator_cpp__visibility_control.hpp
[2.469s] -- Up-to-date: /home/aimaim/rc_ws/install/rc_pwm_pkg/include/rc_pwm_pkg/rc_pwm_pkg
[2.469s] -- Up-to-date: /home/aimaim/rc_ws/install/rc_pwm_pkg/include/rc_pwm_pkg/rc_pwm_pkg/msg
[2.470s] -- Up-to-date: /home/aimaim/rc_ws/install/rc_pwm_pkg/include/rc_pwm_pkg/rc_pwm_pkg/msg/rosidl_typesupport_fastrtps_cpp__visibility_control.h
[2.470s] -- Up-to-date: /home/aimaim/rc_ws/install/rc_pwm_pkg/include/rc_pwm_pkg/rc_pwm_pkg/msg/detail
[2.470s] -- Up-to-date: /home/aimaim/rc_ws/install/rc_pwm_pkg/include/rc_pwm_pkg/rc_pwm_pkg/msg/detail/pwm__rosidl_typesupport_fastrtps_cpp.hpp
[2.471s] -- Up-to-date: /home/aimaim/rc_ws/install/rc_pwm_pkg/include/rc_pwm_pkg/rc_pwm_pkg/msg/detail/dds_fastrtps
[2.471s] -- Up-to-date: /home/aimaim/rc_ws/install/rc_pwm_pkg/include/rc_pwm_pkg/rc_pwm_pkg/msg/detail/pub_pwm__rosidl_typesupport_fastrtps_cpp.hpp
[2.472s] -- Up-to-date: /home/aimaim/rc_ws/install/rc_pwm_pkg/lib/librc_pwm_pkg__rosidl_typesupport_fastrtps_cpp.so
[2.474s] -- Up-to-date: /home/aimaim/rc_ws/install/rc_pwm_pkg/include/rc_pwm_pkg/rc_pwm_pkg
[2.474s] -- Up-to-date: /home/aimaim/rc_ws/install/rc_pwm_pkg/include/rc_pwm_pkg/rc_pwm_pkg/msg
[2.474s] -- Up-to-date: /home/aimaim/rc_ws/install/rc_pwm_pkg/include/rc_pwm_pkg/rc_pwm_pkg/msg/detail
[2.475s] -- Up-to-date: /home/aimaim/rc_ws/install/rc_pwm_pkg/include/rc_pwm_pkg/rc_pwm_pkg/msg/detail/pub_pwm__rosidl_typesupport_introspection_cpp.hpp
[2.475s] -- Up-to-date: /home/aimaim/rc_ws/install/rc_pwm_pkg/include/rc_pwm_pkg/rc_pwm_pkg/msg/detail/pub_pwm__type_support.cpp
[2.476s] -- Up-to-date: /home/aimaim/rc_ws/install/rc_pwm_pkg/include/rc_pwm_pkg/rc_pwm_pkg/msg/detail/pwm__rosidl_typesupport_introspection_cpp.hpp
[2.476s] -- Up-to-date: /home/aimaim/rc_ws/install/rc_pwm_pkg/include/rc_pwm_pkg/rc_pwm_pkg/msg/detail/pwm__type_support.cpp
[2.478s] -- Up-to-date: /home/aimaim/rc_ws/install/rc_pwm_pkg/lib/librc_pwm_pkg__rosidl_typesupport_introspection_cpp.so
[2.481s] -- Up-to-date: /home/aimaim/rc_ws/install/rc_pwm_pkg/lib/librc_pwm_pkg__rosidl_typesupport_cpp.so
[2.482s] -- Up-to-date: /home/aimaim/rc_ws/install/rc_pwm_pkg/share/rc_pwm_pkg/environment/pythonpath.sh
[2.482s] -- Up-to-date: /home/aimaim/rc_ws/install/rc_pwm_pkg/share/rc_pwm_pkg/environment/pythonpath.dsv
[2.483s] -- Up-to-date: /home/aimaim/rc_ws/install/rc_pwm_pkg/local/lib/python3.10/dist-packages/rc_pwm_pkg-0.0.0-py3.10.egg-info
[2.483s] -- Installing: /home/aimaim/rc_ws/install/rc_pwm_pkg/local/lib/python3.10/dist-packages/rc_pwm_pkg-0.0.0-py3.10.egg-info/PKG-INFO
[2.484s] -- Installing: /home/aimaim/rc_ws/install/rc_pwm_pkg/local/lib/python3.10/dist-packages/rc_pwm_pkg-0.0.0-py3.10.egg-info/top_level.txt
[2.486s] -- Installing: /home/aimaim/rc_ws/install/rc_pwm_pkg/local/lib/python3.10/dist-packages/rc_pwm_pkg-0.0.0-py3.10.egg-info/SOURCES.txt
[2.487s] -- Installing: /home/aimaim/rc_ws/install/rc_pwm_pkg/local/lib/python3.10/dist-packages/rc_pwm_pkg-0.0.0-py3.10.egg-info/dependency_links.txt
[2.488s] -- Up-to-date: /home/aimaim/rc_ws/install/rc_pwm_pkg/local/lib/python3.10/dist-packages/rc_pwm_pkg
[2.489s] -- Up-to-date: /home/aimaim/rc_ws/install/rc_pwm_pkg/local/lib/python3.10/dist-packages/rc_pwm_pkg/rc_pwm_pkg_s__rosidl_typesupport_introspection_c.cpython-310-aarch64-linux-gnu.so
[2.489s] -- Up-to-date: /home/aimaim/rc_ws/install/rc_pwm_pkg/local/lib/python3.10/dist-packages/rc_pwm_pkg/__init__.py
[2.490s] -- Up-to-date: /home/aimaim/rc_ws/install/rc_pwm_pkg/local/lib/python3.10/dist-packages/rc_pwm_pkg/rc_pwm_pkg_s__rosidl_typesupport_fastrtps_c.cpython-310-aarch64-linux-gnu.so
[2.490s] -- Up-to-date: /home/aimaim/rc_ws/install/rc_pwm_pkg/local/lib/python3.10/dist-packages/rc_pwm_pkg/_rc_pwm_pkg_s.ep.rosidl_typesupport_c.c
[2.491s] -- Up-to-date: /home/aimaim/rc_ws/install/rc_pwm_pkg/local/lib/python3.10/dist-packages/rc_pwm_pkg/_rc_pwm_pkg_s.ep.rosidl_typesupport_introspection_c.c
[2.491s] -- Up-to-date: /home/aimaim/rc_ws/install/rc_pwm_pkg/local/lib/python3.10/dist-packages/rc_pwm_pkg/rc_pwm_pkg_s__rosidl_typesupport_c.cpython-310-aarch64-linux-gnu.so
[2.492s] -- Up-to-date: /home/aimaim/rc_ws/install/rc_pwm_pkg/local/lib/python3.10/dist-packages/rc_pwm_pkg/msg
[2.492s] -- Up-to-date: /home/aimaim/rc_ws/install/rc_pwm_pkg/local/lib/python3.10/dist-packages/rc_pwm_pkg/msg/__init__.py
[2.492s] -- Up-to-date: /home/aimaim/rc_ws/install/rc_pwm_pkg/local/lib/python3.10/dist-packages/rc_pwm_pkg/msg/_pwm_s.c
[2.493s] -- Up-to-date: /home/aimaim/rc_ws/install/rc_pwm_pkg/local/lib/python3.10/dist-packages/rc_pwm_pkg/msg/_pwm.py
[2.493s] -- Up-to-date: /home/aimaim/rc_ws/install/rc_pwm_pkg/local/lib/python3.10/dist-packages/rc_pwm_pkg/msg/_pub_pwm_s.c
[2.494s] -- Up-to-date: /home/aimaim/rc_ws/install/rc_pwm_pkg/local/lib/python3.10/dist-packages/rc_pwm_pkg/msg/_pub_pwm.py
[2.494s] -- Up-to-date: /home/aimaim/rc_ws/install/rc_pwm_pkg/local/lib/python3.10/dist-packages/rc_pwm_pkg/librc_pwm_pkg__rosidl_generator_py.so
[2.494s] -- Up-to-date: /home/aimaim/rc_ws/install/rc_pwm_pkg/local/lib/python3.10/dist-packages/rc_pwm_pkg/_rc_pwm_pkg_s.ep.rosidl_typesupport_fastrtps_c.c
[2.635s] Listing '/home/aimaim/rc_ws/install/rc_pwm_pkg/local/lib/python3.10/dist-packages/rc_pwm_pkg'...
[2.636s] Listing '/home/aimaim/rc_ws/install/rc_pwm_pkg/local/lib/python3.10/dist-packages/rc_pwm_pkg/msg'...
[2.659s] -- Up-to-date: /home/aimaim/rc_ws/install/rc_pwm_pkg/local/lib/python3.10/dist-packages/rc_pwm_pkg/rc_pwm_pkg_s__rosidl_typesupport_fastrtps_c.cpython-310-aarch64-linux-gnu.so
[2.661s] -- Up-to-date: /home/aimaim/rc_ws/install/rc_pwm_pkg/local/lib/python3.10/dist-packages/rc_pwm_pkg/rc_pwm_pkg_s__rosidl_typesupport_introspection_c.cpython-310-aarch64-linux-gnu.so
[2.663s] -- Up-to-date: /home/aimaim/rc_ws/install/rc_pwm_pkg/local/lib/python3.10/dist-packages/rc_pwm_pkg/rc_pwm_pkg_s__rosidl_typesupport_c.cpython-310-aarch64-linux-gnu.so
[2.665s] -- Up-to-date: /home/aimaim/rc_ws/install/rc_pwm_pkg/lib/librc_pwm_pkg__rosidl_generator_py.so
[2.667s] -- Up-to-date: /home/aimaim/rc_ws/install/rc_pwm_pkg/share/rc_pwm_pkg/msg/Pwm.idl
[2.668s] -- Up-to-date: /home/aimaim/rc_ws/install/rc_pwm_pkg/share/rc_pwm_pkg/msg/PubPwm.idl
[2.668s] -- Up-to-date: /home/aimaim/rc_ws/install/rc_pwm_pkg/share/rc_pwm_pkg/msg/Pwm.msg
[2.669s] -- Up-to-date: /home/aimaim/rc_ws/install/rc_pwm_pkg/share/rc_pwm_pkg/msg/PubPwm.msg
[2.669s] -- Up-to-date: /home/aimaim/rc_ws/install/rc_pwm_pkg/share/ament_index/resource_index/package_run_dependencies/rc_pwm_pkg
[2.670s] -- Up-to-date: /home/aimaim/rc_ws/install/rc_pwm_pkg/share/ament_index/resource_index/parent_prefix_path/rc_pwm_pkg
[2.670s] -- Up-to-date: /home/aimaim/rc_ws/install/rc_pwm_pkg/share/rc_pwm_pkg/environment/ament_prefix_path.sh
[2.671s] -- Up-to-date: /home/aimaim/rc_ws/install/rc_pwm_pkg/share/rc_pwm_pkg/environment/ament_prefix_path.dsv
[2.671s] -- Up-to-date: /home/aimaim/rc_ws/install/rc_pwm_pkg/share/rc_pwm_pkg/environment/path.sh
[2.672s] -- Up-to-date: /home/aimaim/rc_ws/install/rc_pwm_pkg/share/rc_pwm_pkg/environment/path.dsv
[2.672s] -- Up-to-date: /home/aimaim/rc_ws/install/rc_pwm_pkg/share/rc_pwm_pkg/local_setup.bash
[2.673s] -- Up-to-date: /home/aimaim/rc_ws/install/rc_pwm_pkg/share/rc_pwm_pkg/local_setup.sh
[2.673s] -- Up-to-date: /home/aimaim/rc_ws/install/rc_pwm_pkg/share/rc_pwm_pkg/local_setup.zsh
[2.673s] -- Up-to-date: /home/aimaim/rc_ws/install/rc_pwm_pkg/share/rc_pwm_pkg/local_setup.dsv
[2.674s] -- Installing: /home/aimaim/rc_ws/install/rc_pwm_pkg/share/rc_pwm_pkg/package.dsv
[2.676s] -- Up-to-date: /home/aimaim/rc_ws/install/rc_pwm_pkg/share/ament_index/resource_index/packages/rc_pwm_pkg
[2.679s] -- Up-to-date: /home/aimaim/rc_ws/install/rc_pwm_pkg/share/rc_pwm_pkg/cmake/export_rc_pwm_pkg__rosidl_generator_cExport.cmake
[2.680s] -- Up-to-date: /home/aimaim/rc_ws/install/rc_pwm_pkg/share/rc_pwm_pkg/cmake/export_rc_pwm_pkg__rosidl_generator_cExport-noconfig.cmake
[2.682s] -- Up-to-date: /home/aimaim/rc_ws/install/rc_pwm_pkg/share/rc_pwm_pkg/cmake/export_rc_pwm_pkg__rosidl_typesupport_fastrtps_cExport.cmake
[2.682s] -- Up-to-date: /home/aimaim/rc_ws/install/rc_pwm_pkg/share/rc_pwm_pkg/cmake/export_rc_pwm_pkg__rosidl_typesupport_fastrtps_cExport-noconfig.cmake
[2.684s] -- Up-to-date: /home/aimaim/rc_ws/install/rc_pwm_pkg/share/rc_pwm_pkg/cmake/rc_pwm_pkg__rosidl_typesupport_introspection_cExport.cmake
[2.685s] -- Up-to-date: /home/aimaim/rc_ws/install/rc_pwm_pkg/share/rc_pwm_pkg/cmake/rc_pwm_pkg__rosidl_typesupport_introspection_cExport-noconfig.cmake
[2.687s] -- Up-to-date: /home/aimaim/rc_ws/install/rc_pwm_pkg/share/rc_pwm_pkg/cmake/rc_pwm_pkg__rosidl_typesupport_cExport.cmake
[2.687s] -- Up-to-date: /home/aimaim/rc_ws/install/rc_pwm_pkg/share/rc_pwm_pkg/cmake/rc_pwm_pkg__rosidl_typesupport_cExport-noconfig.cmake
[2.689s] -- Up-to-date: /home/aimaim/rc_ws/install/rc_pwm_pkg/share/rc_pwm_pkg/cmake/export_rc_pwm_pkg__rosidl_generator_cppExport.cmake
[2.692s] -- Up-to-date: /home/aimaim/rc_ws/install/rc_pwm_pkg/share/rc_pwm_pkg/cmake/export_rc_pwm_pkg__rosidl_typesupport_fastrtps_cppExport.cmake
[2.692s] -- Up-to-date: /home/aimaim/rc_ws/install/rc_pwm_pkg/share/rc_pwm_pkg/cmake/export_rc_pwm_pkg__rosidl_typesupport_fastrtps_cppExport-noconfig.cmake
[2.695s] -- Up-to-date: /home/aimaim/rc_ws/install/rc_pwm_pkg/share/rc_pwm_pkg/cmake/rc_pwm_pkg__rosidl_typesupport_introspection_cppExport.cmake
[2.695s] -- Up-to-date: /home/aimaim/rc_ws/install/rc_pwm_pkg/share/rc_pwm_pkg/cmake/rc_pwm_pkg__rosidl_typesupport_introspection_cppExport-noconfig.cmake
[2.698s] -- Up-to-date: /home/aimaim/rc_ws/install/rc_pwm_pkg/share/rc_pwm_pkg/cmake/rc_pwm_pkg__rosidl_typesupport_cppExport.cmake
[2.698s] -- Up-to-date: /home/aimaim/rc_ws/install/rc_pwm_pkg/share/rc_pwm_pkg/cmake/rc_pwm_pkg__rosidl_typesupport_cppExport-noconfig.cmake
[2.700s] -- Up-to-date: /home/aimaim/rc_ws/install/rc_pwm_pkg/share/rc_pwm_pkg/cmake/export_rc_pwm_pkg__rosidl_generator_pyExport.cmake
[2.701s] -- Up-to-date: /home/aimaim/rc_ws/install/rc_pwm_pkg/share/rc_pwm_pkg/cmake/export_rc_pwm_pkg__rosidl_generator_pyExport-noconfig.cmake
[2.701s] -- Up-to-date: /home/aimaim/rc_ws/install/rc_pwm_pkg/share/rc_pwm_pkg/cmake/rosidl_cmake-extras.cmake
[2.702s] -- Up-to-date: /home/aimaim/rc_ws/install/rc_pwm_pkg/share/rc_pwm_pkg/cmake/ament_cmake_export_include_directories-extras.cmake
[2.702s] -- Up-to-date: /home/aimaim/rc_ws/install/rc_pwm_pkg/share/rc_pwm_pkg/cmake/ament_cmake_export_libraries-extras.cmake
[2.703s] -- Up-to-date: /home/aimaim/rc_ws/install/rc_pwm_pkg/share/rc_pwm_pkg/cmake/ament_cmake_export_targets-extras.cmake
[2.703s] -- Up-to-date: /home/aimaim/rc_ws/install/rc_pwm_pkg/share/rc_pwm_pkg/cmake/rosidl_cmake_export_typesupport_targets-extras.cmake
[2.704s] -- Up-to-date: /home/aimaim/rc_ws/install/rc_pwm_pkg/share/rc_pwm_pkg/cmake/ament_cmake_export_dependencies-extras.cmake
[2.704s] -- Up-to-date: /home/aimaim/rc_ws/install/rc_pwm_pkg/share/rc_pwm_pkg/cmake/rosidl_cmake_export_typesupport_libraries-extras.cmake
[2.705s] -- Up-to-date: /home/aimaim/rc_ws/install/rc_pwm_pkg/share/rc_pwm_pkg/cmake/rc_pwm_pkgConfig.cmake
[2.705s] -- Up-to-date: /home/aimaim/rc_ws/install/rc_pwm_pkg/share/rc_pwm_pkg/cmake/rc_pwm_pkgConfig-version.cmake
[2.706s] -- Up-to-date: /home/aimaim/rc_ws/install/rc_pwm_pkg/share/rc_pwm_pkg/package.xml
[2.714s] Invoked command in '/home/aimaim/rc_ws/build/rc_pwm_pkg' returned '0': CMAKE_PREFIX_PATH=${CMAKE_PREFIX_PATH}:/home/aimaim/rc_ws/install/rc /usr/bin/cmake --install /home/aimaim/rc_ws/build/rc_pwm_pkg
